nohup: ignoring input
Starting batch at 2016-09-07 11:46:53.
First record: '.'
Completed batch 2016-09-07 11:50:15 at 39.536676 records/sec.
8000 of 72766 records processed (11%).
Estimated finish: 2016-09-08 04:04:09.
Starting batch at 2016-09-07 11:50:15.
First record: 'bolton and old trafford'
Completed batch 2016-09-07 11:53:32 at 40.547240 records/sec.
16000 of 72766 records processed (22%).
Estimated finish: 2016-09-07 19:12:00.
Starting batch at 2016-09-07 11:53:32.
First record: 'cradley west midlands, england'
Completed batch 2016-09-07 11:56:53 at 39.936543 records/sec.
24000 of 72766 records processed (33%).
Estimated finish: 2016-09-07 16:14:47.
Starting batch at 2016-09-07 11:56:53.
First record: 'gambier, ohio'
Completed batch 2016-09-07 12:00:00 at 42.714556 records/sec.
32000 of 72766 records processed (44%).
Estimated finish: 2016-09-07 14:45:40.
Starting batch at 2016-09-07 12:00:00.
First record: 'ixworth thorpe suffolk, united kingdom'
Completed batch 2016-09-07 12:06:04 at 21.943269 records/sec.
40000 of 72766 records processed (55%).
Estimated finish: 2016-09-07 13:57:35.
Starting batch at 2016-09-07 12:06:04.
First record: 'malaysia'
Completed batch 2016-09-07 12:08:52 at 47.825029 records/sec.
48000 of 72766 records processed (66%).
Estimated finish: 2016-09-07 13:20:32.
Starting batch at 2016-09-07 12:08:52.
First record: 'orton cumbria, united kingdom'
Completed batch 2016-09-07 12:11:33 at 49.609477 records/sec.
56000 of 72766 records processed (77%).
Estimated finish: 2016-09-07 12:53:57.
Starting batch at 2016-09-07 12:11:33.
First record: 'san mateo, florida'
Completed batch 2016-09-07 12:14:56 at 39.347105 records/sec.
64000 of 72766 records processed (88%).
Estimated finish: 2016-09-07 12:34:48.
Starting batch at 2016-09-07 12:14:56.
First record: 'thurrock, lakeside'
Completed batch 2016-09-07 12:18:06 at 42.258897 records/sec.
72000 of 72766 records processed (99%).
Estimated finish: 2016-09-07 12:19:40.
Starting batch at 2016-09-07 12:18:06.
First record: 'yeongdeungpo-gu seoul, korea'
Completed batch 2016-09-07 12:19:18 at 10.624769 records/sec.
72766 of 72766 records processed (100%).
Estimated finish: 2016-09-07 12:19:18.
