nohup: ignoring input
Starting batch at 2016-09-26 11:23:32.
First record: 1
Completed batch 2016-09-26 11:24:07 at 228.012537 records/sec.
8000 of 3126203 records processed (0%).
Estimated finish: 2016-09-26 15:48:35.
Starting batch at 2016-09-26 11:24:07.
First record: 8001
Completed batch 2016-09-26 11:24:38 at 257.345493 records/sec.
16000 of 3126203 records processed (1%).
Estimated finish: 2016-09-26 15:17:15.
Starting batch at 2016-09-26 11:24:38.
First record: 16001
Completed batch 2016-09-26 11:25:16 at 210.012333 records/sec.
24000 of 3126203 records processed (1%).
Estimated finish: 2016-09-26 15:22:01.
Starting batch at 2016-09-26 11:25:16.
First record: 24001
Completed batch 2016-09-26 11:25:53 at 215.640317 records/sec.
32000 of 3126203 records processed (1%).
Estimated finish: 2016-09-26 15:22:46.
Starting batch at 2016-09-26 11:25:53.
First record: 32001
Completed batch 2016-09-26 11:26:36 at 185.560146 records/sec.
40000 of 3126203 records processed (1%).
Estimated finish: 2016-09-26 15:31:04.
Starting batch at 2016-09-26 11:26:36.
First record: 40001
Completed batch 2016-09-26 11:27:14 at 215.675273 records/sec.
48000 of 3126203 records processed (2%).
Estimated finish: 2016-09-26 15:30:03.
Starting batch at 2016-09-26 11:27:14.
First record: 48001
Completed batch 2016-09-26 11:27:44 at 266.017946 records/sec.
56000 of 3126203 records processed (2%).
Estimated finish: 2016-09-26 15:22:48.
Starting batch at 2016-09-26 11:27:44.
First record: 56001
Completed batch 2016-09-26 11:28:22 at 210.053778 records/sec.
64000 of 3126203 records processed (2%).
Estimated finish: 2016-09-26 15:23:54.
Starting batch at 2016-09-26 11:28:22.
First record: 64001
Completed batch 2016-09-26 11:28:56 at 234.638304 records/sec.
72000 of 3126203 records processed (2%).
Estimated finish: 2016-09-26 15:21:51.
Starting batch at 2016-09-26 11:28:56.
First record: 72001
Completed batch 2016-09-26 11:29:29 at 241.799301 records/sec.
80000 of 3126203 records processed (3%).
Estimated finish: 2016-09-26 15:19:33.
Starting batch at 2016-09-26 11:29:29.
First record: 80001
Completed batch 2016-09-26 11:30:06 at 215.672919 records/sec.
88000 of 3126203 records processed (3%).
Estimated finish: 2016-09-26 15:20:03.
Starting batch at 2016-09-26 11:30:06.
First record: 88001
Completed batch 2016-09-26 11:30:43 at 215.661988 records/sec.
96000 of 3126203 records processed (3%).
Estimated finish: 2016-09-26 15:20:28.
Starting batch at 2016-09-26 11:30:43.
First record: 96001
Completed batch 2016-09-26 11:31:13 at 266.040009 records/sec.
104000 of 3126203 records processed (3%).
Estimated finish: 2016-09-26 15:17:18.
Starting batch at 2016-09-26 11:31:13.
First record: 104001
Completed batch 2016-09-26 11:31:52 at 204.592990 records/sec.
112000 of 3126203 records processed (4%).
Estimated finish: 2016-09-26 15:18:47.
Starting batch at 2016-09-26 11:31:52.
First record: 112001
Completed batch 2016-09-26 11:32:28 at 221.669109 records/sec.
120000 of 3126203 records processed (4%).
Estimated finish: 2016-09-26 15:18:46.
Starting batch at 2016-09-26 11:32:28.
First record: 120001
Completed batch 2016-09-26 11:33:12 at 181.370707 records/sec.
128000 of 3126203 records processed (4%).
Estimated finish: 2016-09-26 15:22:01.
Starting batch at 2016-09-26 11:33:12.
First record: 128001
Completed batch 2016-09-26 11:33:57 at 181.433740 records/sec.
136000 of 3126203 records processed (4%).
Estimated finish: 2016-09-26 15:24:52.
Starting batch at 2016-09-26 11:33:57.
First record: 136001
Completed batch 2016-09-26 11:34:35 at 210.022108 records/sec.
144000 of 3126203 records processed (5%).
Estimated finish: 2016-09-26 15:25:15.
Starting batch at 2016-09-26 11:34:35.
First record: 144001
Completed batch 2016-09-26 11:35:13 at 210.029800 records/sec.
152000 of 3126203 records processed (5%).
Estimated finish: 2016-09-26 15:25:34.
Starting batch at 2016-09-26 11:35:13.
First record: 152001
Completed batch 2016-09-26 11:35:49 at 221.609447 records/sec.
160000 of 3126203 records processed (5%).
Estimated finish: 2016-09-26 15:25:13.
Starting batch at 2016-09-26 11:35:49.
First record: 160001
Completed batch 2016-09-26 11:36:23 at 234.710896 records/sec.
168000 of 3126203 records processed (5%).
Estimated finish: 2016-09-26 15:24:17.
Starting batch at 2016-09-26 11:36:23.
First record: 168001
Completed batch 2016-09-26 11:36:58 at 228.019121 records/sec.
176000 of 3126203 records processed (6%).
Estimated finish: 2016-09-26 15:23:43.
Starting batch at 2016-09-26 11:36:58.
First record: 176001
Completed batch 2016-09-26 11:37:31 at 241.823999 records/sec.
184000 of 3126203 records processed (6%).
Estimated finish: 2016-09-26 15:22:38.
Starting batch at 2016-09-26 11:37:31.
First record: 184001
Completed batch 2016-09-26 11:38:05 at 234.744395 records/sec.
192000 of 3126203 records processed (6%).
Estimated finish: 2016-09-26 15:21:55.
Starting batch at 2016-09-26 11:38:05.
First record: 192001
Completed batch 2016-09-26 11:38:41 at 221.718244 records/sec.
200000 of 3126203 records processed (6%).
Estimated finish: 2016-09-26 15:21:47.
Starting batch at 2016-09-26 11:38:41.
First record: 200001
Completed batch 2016-09-26 11:39:17 at 221.696985 records/sec.
208000 of 3126203 records processed (7%).
Estimated finish: 2016-09-26 15:21:39.
Starting batch at 2016-09-26 11:39:17.
First record: 208001
Completed batch 2016-09-26 11:39:52 at 227.966588 records/sec.
216000 of 3126203 records processed (7%).
Estimated finish: 2016-09-26 15:21:18.
Starting batch at 2016-09-26 11:39:52.
First record: 216001
Completed batch 2016-09-26 11:40:29 at 215.667046 records/sec.
224000 of 3126203 records processed (7%).
Estimated finish: 2016-09-26 15:21:26.
Starting batch at 2016-09-26 11:40:29.
First record: 224001
Completed batch 2016-09-26 11:41:08 at 210.031415 records/sec.
232000 of 3126203 records processed (7%).
Estimated finish: 2016-09-26 15:21:47.
Starting batch at 2016-09-26 11:41:08.
First record: 232001
Completed batch 2016-09-26 11:41:47 at 204.693222 records/sec.
240000 of 3126203 records processed (8%).
Estimated finish: 2016-09-26 15:22:19.
Starting batch at 2016-09-26 11:41:47.
First record: 240001
Completed batch 2016-09-26 11:42:42 at 145.083590 records/sec.
248000 of 3126203 records processed (8%).
Estimated finish: 2016-09-26 15:26:12.
Starting batch at 2016-09-26 11:42:42.
First record: 248001
Completed batch 2016-09-26 11:43:38 at 142.492857 records/sec.
256000 of 3126203 records processed (8%).
Estimated finish: 2016-09-26 15:30:02.
Starting batch at 2016-09-26 11:43:38.
First record: 256001
Completed batch 2016-09-26 11:44:22 at 181.414127 records/sec.
264000 of 3126203 records processed (8%).
Estimated finish: 2016-09-26 15:31:16.
Starting batch at 2016-09-26 11:44:22.
First record: 264001
Completed batch 2016-09-26 11:44:57 at 228.065046 records/sec.
272000 of 3126203 records processed (9%).
Estimated finish: 2016-09-26 15:30:42.
Starting batch at 2016-09-26 11:44:57.
First record: 272001
Completed batch 2016-09-26 11:45:31 at 234.717851 records/sec.
280000 of 3126203 records processed (9%).
Estimated finish: 2016-09-26 15:29:59.
Starting batch at 2016-09-26 11:45:31.
First record: 280001
Completed batch 2016-09-26 11:46:07 at 221.666719 records/sec.
288000 of 3126203 records processed (9%).
Estimated finish: 2016-09-26 15:29:39.
Starting batch at 2016-09-26 11:46:07.
First record: 288001
Completed batch 2016-09-26 11:46:45 at 210.034548 records/sec.
296000 of 3126203 records processed (9%).
Estimated finish: 2016-09-26 15:29:42.
Starting batch at 2016-09-26 11:46:45.
First record: 296001
Completed batch 2016-09-26 11:47:25 at 199.552389 records/sec.
304000 of 3126203 records processed (10%).
Estimated finish: 2016-09-26 15:30:06.
Starting batch at 2016-09-26 11:47:25.
First record: 304001
Completed batch 2016-09-26 11:48:01 at 227.665223 records/sec.
312000 of 3126203 records processed (10%).
Estimated finish: 2016-09-26 15:29:39.
Starting batch at 2016-09-26 11:48:01.
First record: 312001
Completed batch 2016-09-26 11:48:34 at 241.807509 records/sec.
320000 of 3126203 records processed (10%).
Estimated finish: 2016-09-26 15:28:52.
Starting batch at 2016-09-26 11:48:34.
First record: 320001
Completed batch 2016-09-26 11:49:06 at 249.352572 records/sec.
328000 of 3126203 records processed (10%).
Estimated finish: 2016-09-26 15:27:59.
Starting batch at 2016-09-26 11:49:06.
First record: 328001
Completed batch 2016-09-26 11:49:41 at 228.077348 records/sec.
336000 of 3126203 records processed (11%).
Estimated finish: 2016-09-26 15:27:36.
Starting batch at 2016-09-26 11:49:41.
First record: 336001
Completed batch 2016-09-26 11:50:19 at 210.009306 records/sec.
344000 of 3126203 records processed (11%).
Estimated finish: 2016-09-26 15:27:42.
Starting batch at 2016-09-26 11:50:19.
First record: 344001
Completed batch 2016-09-26 11:50:57 at 209.943011 records/sec.
352000 of 3126203 records processed (11%).
Estimated finish: 2016-09-26 15:27:47.
Starting batch at 2016-09-26 11:50:57.
First record: 352001
Completed batch 2016-09-26 11:51:32 at 228.050171 records/sec.
360000 of 3126203 records processed (12%).
Estimated finish: 2016-09-26 15:27:26.
Starting batch at 2016-09-26 11:51:32.
First record: 360001
Completed batch 2016-09-26 11:52:07 at 228.045335 records/sec.
368000 of 3126203 records processed (12%).
Estimated finish: 2016-09-26 15:27:06.
Starting batch at 2016-09-26 11:52:07.
First record: 368001
Completed batch 2016-09-26 11:52:41 at 234.725289 records/sec.
376000 of 3126203 records processed (12%).
Estimated finish: 2016-09-26 15:26:38.
Starting batch at 2016-09-26 11:52:41.
First record: 376001
Completed batch 2016-09-26 11:53:19 at 209.973450 records/sec.
384000 of 3126203 records processed (12%).
Estimated finish: 2016-09-26 15:26:44.
Starting batch at 2016-09-26 11:53:19.
First record: 384001
Completed batch 2016-09-26 11:53:57 at 210.046889 records/sec.
392000 of 3126203 records processed (13%).
Estimated finish: 2016-09-26 15:26:50.
Starting batch at 2016-09-26 11:53:57.
First record: 392001
Completed batch 2016-09-26 11:54:30 at 249.305987 records/sec.
400000 of 3126203 records processed (13%).
Estimated finish: 2016-09-26 15:26:09.
Starting batch at 2016-09-26 11:54:30.
First record: 400001
Completed batch 2016-09-26 11:55:03 at 241.830029 records/sec.
408000 of 3126203 records processed (13%).
Estimated finish: 2016-09-26 15:25:37.
Starting batch at 2016-09-26 11:55:03.
First record: 408001
Completed batch 2016-09-26 11:55:34 at 257.214249 records/sec.
416000 of 3126203 records processed (13%).
Estimated finish: 2016-09-26 15:24:51.
Starting batch at 2016-09-26 11:55:34.
First record: 416001
Completed batch 2016-09-26 11:56:09 at 228.008404 records/sec.
424000 of 3126203 records processed (14%).
Estimated finish: 2016-09-26 15:24:36.
Starting batch at 2016-09-26 11:56:09.
First record: 424001
Completed batch 2016-09-26 11:56:48 at 204.628633 records/sec.
432000 of 3126203 records processed (14%).
Estimated finish: 2016-09-26 15:24:51.
Starting batch at 2016-09-26 11:56:48.
First record: 432001
Completed batch 2016-09-26 11:57:23 at 228.019641 records/sec.
440000 of 3126203 records processed (14%).
Estimated finish: 2016-09-26 15:24:37.
Starting batch at 2016-09-26 11:57:23.
First record: 440001
Completed batch 2016-09-26 11:57:59 at 221.718515 records/sec.
448000 of 3126203 records processed (14%).
Estimated finish: 2016-09-26 15:24:31.
Starting batch at 2016-09-26 11:57:59.
First record: 448001
Completed batch 2016-09-26 11:58:46 at 169.874932 records/sec.
456000 of 3126203 records processed (15%).
Estimated finish: 2016-09-26 15:25:40.
Starting batch at 2016-09-26 11:58:46.
First record: 456001
Completed batch 2016-09-26 11:59:25 at 204.245952 records/sec.
464000 of 3126203 records processed (15%).
Estimated finish: 2016-09-26 15:25:53.
Starting batch at 2016-09-26 11:59:25.
First record: 464001
