nohup: ignoring input
Starting batch at 2016-09-06 07:15:18.
First record: 1
Completed batch 2016-09-06 07:16:34 at 104.991174 records/sec.
8000 of 2948788 records processed (0%).
Estimated finish: 2016-09-06 16:42:49.
Starting batch at 2016-09-06 07:16:34.
First record: 8001
Completed batch 2016-09-06 07:17:23 at 162.917796 records/sec.
16000 of 2948788 records processed (1%).
Estimated finish: 2016-09-06 14:29:45.
Starting batch at 2016-09-06 07:17:23.
First record: 16001
Completed batch 2016-09-06 07:18:30 at 119.171662 records/sec.
24000 of 2948788 records processed (1%).
Estimated finish: 2016-09-06 14:22:19.
Starting batch at 2016-09-06 07:18:30.
First record: 24001
Completed batch 2016-09-06 07:19:22 at 153.504314 records/sec.
32000 of 2948788 records processed (1%).
Estimated finish: 2016-09-06 13:55:32.
Starting batch at 2016-09-06 07:19:22.
First record: 32001
Completed batch 2016-09-06 07:20:25 at 126.737622 records/sec.
40000 of 2948788 records processed (1%).
Estimated finish: 2016-09-06 13:52:59.
Starting batch at 2016-09-06 07:20:25.
First record: 40001
Completed batch 2016-09-06 07:21:18 at 153.524576 records/sec.
48000 of 2948788 records processed (2%).
Estimated finish: 2016-09-06 13:40:01.
Starting batch at 2016-09-06 07:21:18.
First record: 48001
Completed batch 2016-09-06 07:21:57 at 204.655718 records/sec.
56000 of 2948788 records processed (2%).
Estimated finish: 2016-09-06 13:19:19.
Starting batch at 2016-09-06 07:21:57.
First record: 56001
Completed batch 2016-09-06 07:22:48 at 156.529322 records/sec.
64000 of 2948788 records processed (2%).
Estimated finish: 2016-09-06 13:13:02.
Starting batch at 2016-09-06 07:22:48.
First record: 64001
Completed batch 2016-09-06 07:23:31 at 185.582779 records/sec.
72000 of 2948788 records processed (2%).
Estimated finish: 2016-09-06 13:02:41.
Starting batch at 2016-09-06 07:23:31.
First record: 72001
Completed batch 2016-09-06 07:24:12 at 194.632683 records/sec.
80000 of 2948788 records processed (3%).
Estimated finish: 2016-09-06 12:53:10.
Starting batch at 2016-09-06 07:24:12.
First record: 80001
Completed batch 2016-09-06 07:25:01 at 162.902506 records/sec.
88000 of 2948788 records processed (3%).
Estimated finish: 2016-09-06 12:49:51.
Starting batch at 2016-09-06 07:25:01.
First record: 88001
Completed batch 2016-09-06 07:25:44 at 185.631031 records/sec.
96000 of 2948788 records processed (3%).
Estimated finish: 2016-09-06 12:44:01.
Starting batch at 2016-09-06 07:25:44.
First record: 96001
Completed batch 2016-09-06 07:26:24 at 199.375730 records/sec.
104000 of 2948788 records processed (4%).
Estimated finish: 2016-09-06 12:37:40.
Starting batch at 2016-09-06 07:26:24.
First record: 104001
Completed batch 2016-09-06 07:27:12 at 166.273886 records/sec.
112000 of 2948788 records processed (4%).
Estimated finish: 2016-09-06 12:35:44.
Starting batch at 2016-09-06 07:27:12.
First record: 112001
Completed batch 2016-09-06 07:27:54 at 194.647841 records/sec.
120000 of 2948788 records processed (4%).
Estimated finish: 2016-09-06 12:31:11.
Starting batch at 2016-09-06 07:27:54.
First record: 120001
Completed batch 2016-09-06 07:28:44 at 159.661304 records/sec.
128000 of 2948788 records processed (4%).
Estimated finish: 2016-09-06 12:30:40.
Starting batch at 2016-09-06 07:28:44.
First record: 128001
Completed batch 2016-09-06 07:29:34 at 159.669860 records/sec.
136000 of 2948788 records processed (5%).
Estimated finish: 2016-09-06 12:30:12.
Starting batch at 2016-09-06 07:29:34.
First record: 136001
Completed batch 2016-09-06 07:30:18 at 181.476733 records/sec.
144000 of 2948788 records processed (5%).
Estimated finish: 2016-09-06 12:27:44.
Starting batch at 2016-09-06 07:30:18.
First record: 144001
Completed batch 2016-09-06 07:31:03 at 177.337991 records/sec.
152000 of 2948788 records processed (5%).
Estimated finish: 2016-09-06 12:25:52.
Starting batch at 2016-09-06 07:31:03.
First record: 152001
Completed batch 2016-09-06 07:31:44 at 194.600389 records/sec.
160000 of 2948788 records processed (5%).
Estimated finish: 2016-09-06 12:22:57.
Starting batch at 2016-09-06 07:31:44.
First record: 160001
Completed batch 2016-09-06 07:32:23 at 204.620756 records/sec.
168000 of 2948788 records processed (6%).
Estimated finish: 2016-09-06 12:19:44.
Starting batch at 2016-09-06 07:32:23.
First record: 168001
Completed batch 2016-09-06 07:33:02 at 204.612712 records/sec.
176000 of 2948788 records processed (6%).
Estimated finish: 2016-09-06 12:16:48.
Starting batch at 2016-09-06 07:33:02.
First record: 176001
Completed batch 2016-09-06 07:33:40 at 209.949700 records/sec.
184000 of 2948788 records processed (6%).
Estimated finish: 2016-09-06 12:13:51.
Starting batch at 2016-09-06 07:33:40.
First record: 184001
Completed batch 2016-09-06 07:34:20 at 199.478951 records/sec.
192000 of 2948788 records processed (7%).
Estimated finish: 2016-09-06 12:11:40.
Starting batch at 2016-09-06 07:34:20.
First record: 192001
Completed batch 2016-09-06 07:35:01 at 199.517238 records/sec.
200000 of 2948788 records processed (7%).
Estimated finish: 2016-09-06 12:09:39.
Starting batch at 2016-09-06 07:35:01.
First record: 200001
Completed batch 2016-09-06 07:35:39 at 209.908494 records/sec.
208000 of 2948788 records processed (7%).
Estimated finish: 2016-09-06 12:07:20.
Starting batch at 2016-09-06 07:35:39.
First record: 208001
Completed batch 2016-09-06 07:36:19 at 199.535576 records/sec.
216000 of 2948788 records processed (7%).
Estimated finish: 2016-09-06 12:05:37.
Starting batch at 2016-09-06 07:36:19.
First record: 216001
Completed batch 2016-09-06 07:36:58 at 204.639238 records/sec.
224000 of 2948788 records processed (8%).
Estimated finish: 2016-09-06 12:03:49.
Starting batch at 2016-09-06 07:36:58.
First record: 224001
Completed batch 2016-09-06 07:37:39 at 194.685462 records/sec.
232000 of 2948788 records processed (8%).
Estimated finish: 2016-09-06 12:02:34.
Starting batch at 2016-09-06 07:37:39.
First record: 232001
Completed batch 2016-09-06 07:38:35 at 142.541106 records/sec.
240000 of 2948788 records processed (8%).
Estimated finish: 2016-09-06 12:04:29.
Starting batch at 2016-09-06 07:38:35.
First record: 240001
Completed batch 2016-09-06 07:39:35 at 133.063273 records/sec.
248000 of 2948788 records processed (8%).
Estimated finish: 2016-09-06 12:07:03.
Starting batch at 2016-09-06 07:39:35.
First record: 248001
Completed batch 2016-09-06 07:40:25 at 159.680562 records/sec.
256000 of 2948788 records processed (9%).
Estimated finish: 2016-09-06 12:07:33.
Starting batch at 2016-09-06 07:40:25.
First record: 256001
Completed batch 2016-09-06 07:41:09 at 181.376814 records/sec.
264000 of 2948788 records processed (9%).
Estimated finish: 2016-09-06 12:06:54.
Starting batch at 2016-09-06 07:41:09.
First record: 264001
Completed batch 2016-09-06 07:41:44 at 228.017125 records/sec.
272000 of 2948788 records processed (9%).
Estimated finish: 2016-09-06 12:04:39.
Starting batch at 2016-09-06 07:41:44.
First record: 272001
Completed batch 2016-09-06 07:42:22 at 215.458838 records/sec.
280000 of 2948788 records processed (9%).
Estimated finish: 2016-09-06 12:02:53.
Starting batch at 2016-09-06 07:42:22.
First record: 280001
Completed batch 2016-09-06 07:43:02 at 199.523010 records/sec.
288000 of 2948788 records processed (10%).
Estimated finish: 2016-09-06 12:01:44.
Starting batch at 2016-09-06 07:43:02.
First record: 288001
Completed batch 2016-09-06 07:43:45 at 185.634257 records/sec.
296000 of 2948788 records processed (10%).
Estimated finish: 2016-09-06 12:01:09.
Starting batch at 2016-09-06 07:43:45.
First record: 296001
Completed batch 2016-09-06 07:44:24 at 204.557369 records/sec.
304000 of 2948788 records processed (10%).
Estimated finish: 2016-09-06 11:59:56.
Starting batch at 2016-09-06 07:44:24.
First record: 304001
Completed batch 2016-09-06 07:44:58 at 234.691740 records/sec.
312000 of 2948788 records processed (11%).
Estimated finish: 2016-09-06 11:58:00.
Starting batch at 2016-09-06 07:44:58.
First record: 312001
Completed batch 2016-09-06 07:45:33 at 228.025789 records/sec.
320000 of 2948788 records processed (11%).
Estimated finish: 2016-09-06 11:56:19.
Starting batch at 2016-09-06 07:45:33.
First record: 320001
Completed batch 2016-09-06 07:46:09 at 221.642793 records/sec.
328000 of 2948788 records processed (11%).
Estimated finish: 2016-09-06 11:54:52.
Starting batch at 2016-09-06 07:46:09.
First record: 328001
Completed batch 2016-09-06 07:46:49 at 199.517557 records/sec.
336000 of 2948788 records processed (11%).
Estimated finish: 2016-09-06 11:54:04.
Starting batch at 2016-09-06 07:46:49.
First record: 336001
Completed batch 2016-09-06 07:47:32 at 185.579064 records/sec.
344000 of 2948788 records processed (12%).
Estimated finish: 2016-09-06 11:53:44.
Starting batch at 2016-09-06 07:47:32.
First record: 344001
Completed batch 2016-09-06 07:48:09 at 215.500289 records/sec.
352000 of 2948788 records processed (12%).
Estimated finish: 2016-09-06 11:52:35.
Starting batch at 2016-09-06 07:48:09.
First record: 352001
Completed batch 2016-09-06 07:48:46 at 221.673083 records/sec.
360000 of 2948788 records processed (12%).
Estimated finish: 2016-09-06 11:51:21.
Starting batch at 2016-09-06 07:48:46.
First record: 360001
Completed batch 2016-09-06 07:49:21 at 227.919864 records/sec.
368000 of 2948788 records processed (12%).
Estimated finish: 2016-09-06 11:50:01.
Starting batch at 2016-09-06 07:49:21.
First record: 368001
Completed batch 2016-09-06 07:50:03 at 190.044148 records/sec.
376000 of 2948788 records processed (13%).
Estimated finish: 2016-09-06 11:49:40.
Starting batch at 2016-09-06 07:50:03.
First record: 376001
Completed batch 2016-09-06 07:50:42 at 204.647965 records/sec.
384000 of 2948788 records processed (13%).
Estimated finish: 2016-09-06 11:48:57.
Starting batch at 2016-09-06 07:50:42.
First record: 384001
Completed batch 2016-09-06 07:51:16 at 234.227185 records/sec.
392000 of 2948788 records processed (13%).
Estimated finish: 2016-09-06 11:47:39.
Starting batch at 2016-09-06 07:51:16.
First record: 392001
Completed batch 2016-09-06 07:51:49 at 241.674480 records/sec.
400000 of 2948788 records processed (14%).
Estimated finish: 2016-09-06 11:46:16.
Starting batch at 2016-09-06 07:51:49.
First record: 400001
Completed batch 2016-09-06 07:52:23 at 234.649171 records/sec.
408000 of 2948788 records processed (14%).
Estimated finish: 2016-09-06 11:45:03.
Starting batch at 2016-09-06 07:52:23.
First record: 408001
Completed batch 2016-09-06 07:52:58 at 227.989710 records/sec.
416000 of 2948788 records processed (14%).
Estimated finish: 2016-09-06 11:44:00.
Starting batch at 2016-09-06 07:52:58.
First record: 416001
Completed batch 2016-09-06 07:53:40 at 189.992064 records/sec.
424000 of 2948788 records processed (14%).
Estimated finish: 2016-09-06 11:43:49.
Starting batch at 2016-09-06 07:53:40.
First record: 424001
Completed batch 2016-09-06 07:54:19 at 209.990101 records/sec.
432000 of 2948788 records processed (15%).
Estimated finish: 2016-09-06 11:43:10.
Starting batch at 2016-09-06 07:54:19.
First record: 432001
Completed batch 2016-09-06 07:55:06 at 169.797986 records/sec.
440000 of 2948788 records processed (15%).
Estimated finish: 2016-09-06 11:43:33.
Starting batch at 2016-09-06 07:55:06.
First record: 440001
Completed batch 2016-09-06 07:55:56 at 159.665275 records/sec.
448000 of 2948788 records processed (15%).
Estimated finish: 2016-09-06 11:44:15.
Starting batch at 2016-09-06 07:55:56.
First record: 448001
Completed batch 2016-09-06 07:56:33 at 215.641595 records/sec.
456000 of 2948788 records processed (15%).
Estimated finish: 2016-09-06 11:43:32.
Starting batch at 2016-09-06 07:56:33.
First record: 456001
Completed batch 2016-09-06 07:57:10 at 215.722015 records/sec.
464000 of 2948788 records processed (16%).
Estimated finish: 2016-09-06 11:42:50.
Starting batch at 2016-09-06 07:57:10.
First record: 464001
Completed batch 2016-09-06 07:57:50 at 199.431883 records/sec.
472000 of 2948788 records processed (16%).
Estimated finish: 2016-09-06 11:42:28.
Starting batch at 2016-09-06 07:57:50.
First record: 472001
Completed batch 2016-09-06 07:58:30 at 199.439734 records/sec.
480000 of 2948788 records processed (16%).
Estimated finish: 2016-09-06 11:42:07.
Starting batch at 2016-09-06 07:58:30.
First record: 480001
Completed batch 2016-09-06 07:59:07 at 215.646478 records/sec.
488000 of 2948788 records processed (17%).
Estimated finish: 2016-09-06 11:41:28.
Starting batch at 2016-09-06 07:59:07.
First record: 488001
Completed batch 2016-09-06 07:59:42 at 227.880203 records/sec.
496000 of 2948788 records processed (17%).
Estimated finish: 2016-09-06 11:40:39.
Starting batch at 2016-09-06 07:59:42.
First record: 496001
Completed batch 2016-09-06 08:00:26 at 181.408763 records/sec.
504000 of 2948788 records processed (17%).
Estimated finish: 2016-09-06 11:40:44.
Starting batch at 2016-09-06 08:00:26.
First record: 504001
Completed batch 2016-09-06 08:01:08 at 194.578318 records/sec.
512000 of 2948788 records processed (17%).
Estimated finish: 2016-09-06 11:40:32.
Starting batch at 2016-09-06 08:01:08.
First record: 512001
Completed batch 2016-09-06 08:01:55 at 169.836765 records/sec.
520000 of 2948788 records processed (18%).
Estimated finish: 2016-09-06 11:40:54.
Starting batch at 2016-09-06 08:01:55.
First record: 520001
Completed batch 2016-09-06 08:02:34 at 204.566298 records/sec.
528000 of 2948788 records processed (18%).
Estimated finish: 2016-09-06 11:40:31.
Starting batch at 2016-09-06 08:02:34.
First record: 528001
Completed batch 2016-09-06 08:03:15 at 194.608692 records/sec.
536000 of 2948788 records processed (18%).
Estimated finish: 2016-09-06 11:40:19.
Starting batch at 2016-09-06 08:03:15.
First record: 536001
Completed batch 2016-09-06 08:03:49 at 234.725757 records/sec.
544000 of 2948788 records processed (18%).
Estimated finish: 2016-09-06 11:39:30.
Starting batch at 2016-09-06 08:03:49.
First record: 544001
Completed batch 2016-09-06 08:04:21 at 249.414554 records/sec.
552000 of 2948788 records processed (19%).
Estimated finish: 2016-09-06 11:38:31.
Starting batch at 2016-09-06 08:04:21.
First record: 552001
Completed batch 2016-09-06 08:04:52 at 257.228705 records/sec.
560000 of 2948788 records processed (19%).
Estimated finish: 2016-09-06 11:37:29.
Starting batch at 2016-09-06 08:04:52.
First record: 560001
Completed batch 2016-09-06 08:05:39 at 169.873128 records/sec.
568000 of 2948788 records processed (19%).
Estimated finish: 2016-09-06 11:37:52.
Starting batch at 2016-09-06 08:05:39.
First record: 568001
Completed batch 2016-09-06 08:06:24 at 177.387604 records/sec.
576000 of 2948788 records processed (20%).
Estimated finish: 2016-09-06 11:38:04.
Starting batch at 2016-09-06 08:06:24.
First record: 576001
Completed batch 2016-09-06 08:07:16 at 153.477698 records/sec.
584000 of 2948788 records processed (20%).
Estimated finish: 2016-09-06 11:38:51.
Starting batch at 2016-09-06 08:07:16.
First record: 584001
Completed batch 2016-09-06 08:08:11 at 147.839216 records/sec.
592000 of 2948788 records processed (20%).
Estimated finish: 2016-09-06 11:39:46.
Starting batch at 2016-09-06 08:08:11.
First record: 592001
Completed batch 2016-09-06 08:08:58 at 169.767343 records/sec.
600000 of 2948788 records processed (20%).
Estimated finish: 2016-09-06 11:40:06.
Starting batch at 2016-09-06 08:08:58.
First record: 600001
Completed batch 2016-09-06 08:09:43 at 177.273376 records/sec.
608000 of 2948788 records processed (21%).
Estimated finish: 2016-09-06 11:40:16.
Starting batch at 2016-09-06 08:09:43.
First record: 608001
Completed batch 2016-09-06 08:10:26 at 185.450121 records/sec.
616000 of 2948788 records processed (21%).
Estimated finish: 2016-09-06 11:40:16.
Starting batch at 2016-09-06 08:10:26.
First record: 616001
Completed batch 2016-09-06 08:11:04 at 209.974933 records/sec.
624000 of 2948788 records processed (21%).
Estimated finish: 2016-09-06 11:39:52.
Starting batch at 2016-09-06 08:11:04.
First record: 624001
Completed batch 2016-09-06 08:11:39 at 228.004063 records/sec.
632000 of 2948788 records processed (21%).
Estimated finish: 2016-09-06 11:39:14.
Starting batch at 2016-09-06 08:11:39.
First record: 632001
Completed batch 2016-09-06 08:12:18 at 204.555392 records/sec.
640000 of 2948788 records processed (22%).
Estimated finish: 2016-09-06 11:38:56.
Starting batch at 2016-09-06 08:12:18.
First record: 640001
Completed batch 2016-09-06 08:13:01 at 185.456669 records/sec.
648000 of 2948788 records processed (22%).
Estimated finish: 2016-09-06 11:38:57.
Starting batch at 2016-09-06 08:13:01.
First record: 648001
Completed batch 2016-09-06 08:13:54 at 153.489427 records/sec.
656000 of 2948788 records processed (22%).
Estimated finish: 2016-09-06 11:39:38.
Starting batch at 2016-09-06 08:13:54.
First record: 656001
Completed batch 2016-09-06 08:14:52 at 137.549065 records/sec.
664000 of 2948788 records processed (23%).
Estimated finish: 2016-09-06 11:40:45.
Starting batch at 2016-09-06 08:14:52.
First record: 664001
Completed batch 2016-09-06 08:15:42 at 159.591357 records/sec.
672000 of 2948788 records processed (23%).
Estimated finish: 2016-09-06 11:41:15.
Starting batch at 2016-09-06 08:15:42.
First record: 672001
Completed batch 2016-09-06 08:16:33 at 156.494599 records/sec.
680000 of 2948788 records processed (23%).
Estimated finish: 2016-09-06 11:41:49.
Starting batch at 2016-09-06 08:16:33.
First record: 680001
Completed batch 2016-09-06 08:17:26 at 150.577252 records/sec.
688000 of 2948788 records processed (23%).
Estimated finish: 2016-09-06 11:42:31.
Starting batch at 2016-09-06 08:17:26.
First record: 688001
Completed batch 2016-09-06 08:18:21 at 145.139616 records/sec.
696000 of 2948788 records processed (24%).
Estimated finish: 2016-09-06 11:43:20.
Starting batch at 2016-09-06 08:18:21.
First record: 696001
Completed batch 2016-09-06 08:19:03 at 189.978812 records/sec.
704000 of 2948788 records processed (24%).
Estimated finish: 2016-09-06 11:43:13.
Starting batch at 2016-09-06 08:19:03.
First record: 704001
Completed batch 2016-09-06 08:19:42 at 204.323673 records/sec.
712000 of 2948788 records processed (24%).
Estimated finish: 2016-09-06 11:42:54.
Starting batch at 2016-09-06 08:19:42.
First record: 712001
Completed batch 2016-09-06 08:20:20 at 215.697970 records/sec.
720000 of 2948788 records processed (24%).
Estimated finish: 2016-09-06 11:42:28.
Starting batch at 2016-09-06 08:20:20.
First record: 720001
Completed batch 2016-09-06 08:21:01 at 194.647581 records/sec.
728000 of 2948788 records processed (25%).
Estimated finish: 2016-09-06 11:42:18.
Starting batch at 2016-09-06 08:21:01.
First record: 728001
Completed batch 2016-09-06 08:21:37 at 221.597434 records/sec.
736000 of 2948788 records processed (25%).
Estimated finish: 2016-09-06 11:41:48.
Starting batch at 2016-09-06 08:21:37.
First record: 736001
Completed batch 2016-09-06 08:22:22 at 177.377720 records/sec.
744000 of 2948788 records processed (25%).
Estimated finish: 2016-09-06 11:41:55.
Starting batch at 2016-09-06 08:22:22.
First record: 744001
Completed batch 2016-09-06 08:23:08 at 173.539560 records/sec.
752000 of 2948788 records processed (26%).
Estimated finish: 2016-09-06 11:42:05.
Starting batch at 2016-09-06 08:23:08.
First record: 752001
Completed batch 2016-09-06 08:23:50 at 189.764744 records/sec.
760000 of 2948788 records processed (26%).
Estimated finish: 2016-09-06 11:42:00.
Starting batch at 2016-09-06 08:23:50.
First record: 760001
Completed batch 2016-09-06 08:24:27 at 215.338137 records/sec.
768000 of 2948788 records processed (26%).
Estimated finish: 2016-09-06 11:41:36.
Starting batch at 2016-09-06 08:24:27.
First record: 768001
Completed batch 2016-09-06 08:25:12 at 177.297298 records/sec.
776000 of 2948788 records processed (26%).
Estimated finish: 2016-09-06 11:41:43.
Starting batch at 2016-09-06 08:25:12.
First record: 776001
Completed batch 2016-09-06 08:26:10 at 137.637624 records/sec.
784000 of 2948788 records processed (27%).
Estimated finish: 2016-09-06 11:42:38.
Starting batch at 2016-09-06 08:26:10.
First record: 784001
Completed batch 2016-09-06 08:27:02 at 156.520836 records/sec.
792000 of 2948788 records processed (27%).
Estimated finish: 2016-09-06 11:43:06.
Starting batch at 2016-09-06 08:27:02.
First record: 792001
Completed batch 2016-09-06 08:27:44 at 189.987786 records/sec.
800000 of 2948788 records processed (27%).
Estimated finish: 2016-09-06 11:43:00.
Starting batch at 2016-09-06 08:27:44.
First record: 800001
Completed batch 2016-09-06 08:28:25 at 194.531529 records/sec.
808000 of 2948788 records processed (27%).
Estimated finish: 2016-09-06 11:42:51.
Starting batch at 2016-09-06 08:28:25.
First record: 808001
Completed batch 2016-09-06 08:29:09 at 181.443439 records/sec.
816000 of 2948788 records processed (28%).
Estimated finish: 2016-09-06 11:42:53.
Starting batch at 2016-09-06 08:29:09.
First record: 816001
Completed batch 2016-09-06 08:29:47 at 210.055289 records/sec.
824000 of 2948788 records processed (28%).
Estimated finish: 2016-09-06 11:42:33.
Starting batch at 2016-09-06 08:29:47.
First record: 824001
Completed batch 2016-09-06 08:30:31 at 181.398019 records/sec.
832000 of 2948788 records processed (28%).
Estimated finish: 2016-09-06 11:42:35.
Starting batch at 2016-09-06 08:30:31.
First record: 832001
Completed batch 2016-09-06 08:31:13 at 190.036559 records/sec.
840000 of 2948788 records processed (28%).
Estimated finish: 2016-09-06 11:42:30.
Starting batch at 2016-09-06 08:31:13.
First record: 840001
Completed batch 2016-09-06 08:31:56 at 185.635463 records/sec.
848000 of 2948788 records processed (29%).
Estimated finish: 2016-09-06 11:42:29.
Starting batch at 2016-09-06 08:31:56.
First record: 848001
Completed batch 2016-09-06 08:32:43 at 169.713224 records/sec.
856000 of 2948788 records processed (29%).
Estimated finish: 2016-09-06 11:42:41.
Starting batch at 2016-09-06 08:32:43.
First record: 856001
Completed batch 2016-09-06 08:33:32 at 166.296867 records/sec.
864000 of 2948788 records processed (29%).
Estimated finish: 2016-09-06 11:42:57.
Starting batch at 2016-09-06 08:33:32.
First record: 864001
Completed batch 2016-09-06 08:34:13 at 194.637494 records/sec.
872000 of 2948788 records processed (30%).
Estimated finish: 2016-09-06 11:42:48.
Starting batch at 2016-09-06 08:34:13.
First record: 872001
Completed batch 2016-09-06 08:34:57 at 181.355947 records/sec.
880000 of 2948788 records processed (30%).
Estimated finish: 2016-09-06 11:42:50.
Starting batch at 2016-09-06 08:34:57.
First record: 880001
Completed batch 2016-09-06 08:35:40 at 185.555755 records/sec.
888000 of 2948788 records processed (30%).
Estimated finish: 2016-09-06 11:42:48.
Starting batch at 2016-09-06 08:35:40.
First record: 888001
Completed batch 2016-09-06 08:36:23 at 185.585526 records/sec.
896000 of 2948788 records processed (30%).
Estimated finish: 2016-09-06 11:42:47.
Starting batch at 2016-09-06 08:36:23.
First record: 896001
Completed batch 2016-09-06 08:37:00 at 215.614431 records/sec.
904000 of 2948788 records processed (31%).
Estimated finish: 2016-09-06 11:42:26.
Starting batch at 2016-09-06 08:37:00.
First record: 904001
Completed batch 2016-09-06 08:37:42 at 190.078140 records/sec.
912000 of 2948788 records processed (31%).
Estimated finish: 2016-09-06 11:42:21.
Starting batch at 2016-09-06 08:37:42.
First record: 912001
Completed batch 2016-09-06 08:38:22 at 199.502496 records/sec.
920000 of 2948788 records processed (31%).
Estimated finish: 2016-09-06 11:42:10.
Starting batch at 2016-09-06 08:38:22.
First record: 920001
Completed batch 2016-09-06 08:39:02 at 199.433842 records/sec.
928000 of 2948788 records processed (31%).
Estimated finish: 2016-09-06 11:41:59.
Starting batch at 2016-09-06 08:39:02.
First record: 928001
Completed batch 2016-09-06 08:39:43 at 199.436298 records/sec.
936000 of 2948788 records processed (32%).
Estimated finish: 2016-09-06 11:41:49.
Starting batch at 2016-09-06 08:39:43.
First record: 936001
Completed batch 2016-09-06 08:40:22 at 204.439025 records/sec.
944000 of 2948788 records processed (32%).
Estimated finish: 2016-09-06 11:41:35.
Starting batch at 2016-09-06 08:40:22.
First record: 944001
Completed batch 2016-09-06 08:41:02 at 199.552404 records/sec.
952000 of 2948788 records processed (32%).
Estimated finish: 2016-09-06 11:41:25.
Starting batch at 2016-09-06 08:41:02.
First record: 952001
Completed batch 2016-09-06 08:42:01 at 135.309481 records/sec.
960000 of 2948788 records processed (33%).
Estimated finish: 2016-09-06 11:42:13.
Starting batch at 2016-09-06 08:42:01.
First record: 960001
Completed batch 2016-09-06 08:43:01 at 132.999191 records/sec.
968000 of 2948788 records processed (33%).
Estimated finish: 2016-09-06 11:43:04.
Starting batch at 2016-09-06 08:43:01.
First record: 968001
Completed batch 2016-09-06 08:44:04 at 126.735293 records/sec.
976000 of 2948788 records processed (33%).
Estimated finish: 2016-09-06 11:44:03.
Starting batch at 2016-09-06 08:44:04.
First record: 976001
Completed batch 2016-09-06 08:45:02 at 137.585725 records/sec.
984000 of 2948788 records processed (33%).
Estimated finish: 2016-09-06 11:44:46.
Starting batch at 2016-09-06 08:45:02.
First record: 984001
Completed batch 2016-09-06 08:46:00 at 137.598466 records/sec.
992000 of 2948788 records processed (34%).
Estimated finish: 2016-09-06 11:45:28.
Starting batch at 2016-09-06 08:46:00.
First record: 992001
Completed batch 2016-09-06 08:46:53 at 153.476992 records/sec.
1000000 of 2948788 records processed (34%).
Estimated finish: 2016-09-06 11:45:52.
Starting batch at 2016-09-06 08:46:53.
First record: 1000001
Completed batch 2016-09-06 08:47:48 at 145.150750 records/sec.
1008000 of 2948788 records processed (34%).
Estimated finish: 2016-09-06 11:46:25.
Starting batch at 2016-09-06 08:47:48.
First record: 1008001
Completed batch 2016-09-06 08:48:47 at 135.271380 records/sec.
1016000 of 2948788 records processed (34%).
Estimated finish: 2016-09-06 11:47:08.
Starting batch at 2016-09-06 08:48:47.
First record: 1016001
Completed batch 2016-09-06 08:49:31 at 181.319816 records/sec.
1024000 of 2948788 records processed (35%).
Estimated finish: 2016-09-06 11:47:08.
Starting batch at 2016-09-06 08:49:31.
First record: 1024001
Completed batch 2016-09-06 08:50:19 at 166.302921 records/sec.
1032000 of 2948788 records processed (35%).
Estimated finish: 2016-09-06 11:47:18.
Starting batch at 2016-09-06 08:50:19.
First record: 1032001
Completed batch 2016-09-06 08:51:05 at 173.539394 records/sec.
1040000 of 2948788 records processed (35%).
Estimated finish: 2016-09-06 11:47:23.
Starting batch at 2016-09-06 08:51:05.
First record: 1040001
Completed batch 2016-09-06 08:51:59 at 147.835689 records/sec.
1048000 of 2948788 records processed (36%).
Estimated finish: 2016-09-06 11:47:51.
Starting batch at 2016-09-06 08:51:59.
First record: 1048001
Completed batch 2016-09-06 08:52:52 at 150.629870 records/sec.
1056000 of 2948788 records processed (36%).
Estimated finish: 2016-09-06 11:48:15.
Starting batch at 2016-09-06 08:52:52.
First record: 1056001
Completed batch 2016-09-06 08:53:48 at 142.529935 records/sec.
1064000 of 2948788 records processed (36%).
Estimated finish: 2016-09-06 11:48:48.
Starting batch at 2016-09-06 08:53:48.
First record: 1064001
Completed batch 2016-09-06 08:54:48 at 135.337462 records/sec.
1072000 of 2948788 records processed (36%).
Estimated finish: 2016-09-06 11:49:28.
Starting batch at 2016-09-06 08:54:48.
First record: 1072001
Completed batch 2016-09-06 08:55:52 at 124.744144 records/sec.
1080000 of 2948788 records processed (37%).
Estimated finish: 2016-09-06 11:50:21.
Starting batch at 2016-09-06 08:55:52.
First record: 1080001
Completed batch 2016-09-06 08:56:52 at 133.067139 records/sec.
1088000 of 2948788 records processed (37%).
Estimated finish: 2016-09-06 11:51:02.
Starting batch at 2016-09-06 08:56:52.
First record: 1088001
Completed batch 2016-09-06 08:57:44 at 153.521459 records/sec.
1096000 of 2948788 records processed (37%).
Estimated finish: 2016-09-06 11:51:22.
Starting batch at 2016-09-06 08:57:44.
First record: 1096001
Completed batch 2016-09-06 08:58:38 at 147.783913 records/sec.
1104000 of 2948788 records processed (37%).
Estimated finish: 2016-09-06 11:51:46.
Starting batch at 2016-09-06 08:58:38.
First record: 1104001
Completed batch 2016-09-06 08:59:22 at 181.337900 records/sec.
1112000 of 2948788 records processed (38%).
Estimated finish: 2016-09-06 11:51:43.
Starting batch at 2016-09-06 08:59:22.
First record: 1112001
Completed batch 2016-09-06 09:00:03 at 194.654931 records/sec.
1120000 of 2948788 records processed (38%).
Estimated finish: 2016-09-06 11:51:33.
Starting batch at 2016-09-06 09:00:03.
First record: 1120001
Completed batch 2016-09-06 09:00:41 at 209.934274 records/sec.
1128000 of 2948788 records processed (38%).
Estimated finish: 2016-09-06 11:51:15.
Starting batch at 2016-09-06 09:00:41.
First record: 1128001
Completed batch 2016-09-06 09:01:26 at 181.368396 records/sec.
1136000 of 2948788 records processed (39%).
Estimated finish: 2016-09-06 11:51:13.
Starting batch at 2016-09-06 09:01:26.
First record: 1136001
Completed batch 2016-09-06 09:02:02 at 221.534910 records/sec.
1144000 of 2948788 records processed (39%).
Estimated finish: 2016-09-06 11:50:50.
Starting batch at 2016-09-06 09:02:02.
First record: 1144001
Completed batch 2016-09-06 09:02:47 at 177.306540 records/sec.
1152000 of 2948788 records processed (39%).
Estimated finish: 2016-09-06 11:50:51.
Starting batch at 2016-09-06 09:02:47.
First record: 1152001
Completed batch 2016-09-06 09:03:31 at 181.380613 records/sec.
1160000 of 2948788 records processed (39%).
Estimated finish: 2016-09-06 11:50:49.
Starting batch at 2016-09-06 09:03:31.
First record: 1160001
Completed batch 2016-09-06 09:04:25 at 147.836654 records/sec.
1168000 of 2948788 records processed (40%).
Estimated finish: 2016-09-06 11:51:12.
Starting batch at 2016-09-06 09:04:25.
First record: 1168001
Completed batch 2016-09-06 09:05:08 at 185.578504 records/sec.
1176000 of 2948788 records processed (40%).
Estimated finish: 2016-09-06 11:51:07.
Starting batch at 2016-09-06 09:05:08.
First record: 1176001
Completed batch 2016-09-06 09:05:52 at 181.350619 records/sec.
1184000 of 2948788 records processed (40%).
Estimated finish: 2016-09-06 11:51:05.
Starting batch at 2016-09-06 09:05:52.
First record: 1184001
Completed batch 2016-09-06 09:06:35 at 185.605242 records/sec.
1192000 of 2948788 records processed (40%).
Estimated finish: 2016-09-06 11:51:01.
Starting batch at 2016-09-06 09:06:35.
First record: 1192001
Completed batch 2016-09-06 09:07:18 at 185.585487 records/sec.
1200000 of 2948788 records processed (41%).
Estimated finish: 2016-09-06 11:50:56.
Starting batch at 2016-09-06 09:07:18.
First record: 1200001
Completed batch 2016-09-06 09:08:04 at 177.330090 records/sec.
1208000 of 2948788 records processed (41%).
Estimated finish: 2016-09-06 11:50:57.
Starting batch at 2016-09-06 09:08:04.
First record: 1208001
Completed batch 2016-09-06 09:08:48 at 181.289669 records/sec.
1216000 of 2948788 records processed (41%).
Estimated finish: 2016-09-06 11:50:55.
Starting batch at 2016-09-06 09:08:48.
First record: 1216001
Completed batch 2016-09-06 09:09:40 at 153.522885 records/sec.
1224000 of 2948788 records processed (42%).
Estimated finish: 2016-09-06 11:51:12.
Starting batch at 2016-09-06 09:09:40.
First record: 1224001
Completed batch 2016-09-06 09:10:32 at 153.506700 records/sec.
1232000 of 2948788 records processed (42%).
Estimated finish: 2016-09-06 11:51:29.
Starting batch at 2016-09-06 09:10:32.
First record: 1232001
Completed batch 2016-09-06 09:11:09 at 215.620073 records/sec.
1240000 of 2948788 records processed (42%).
Estimated finish: 2016-09-06 11:51:10.
Starting batch at 2016-09-06 09:11:09.
First record: 1240001
Completed batch 2016-09-06 09:11:48 at 204.589741 records/sec.
1248000 of 2948788 records processed (42%).
Estimated finish: 2016-09-06 11:50:57.
Starting batch at 2016-09-06 09:11:48.
First record: 1248001
Completed batch 2016-09-06 09:12:35 at 169.751555 records/sec.
1256000 of 2948788 records processed (43%).
Estimated finish: 2016-09-06 11:51:02.
Starting batch at 2016-09-06 09:12:35.
First record: 1256001
Completed batch 2016-09-06 09:13:12 at 215.603221 records/sec.
1264000 of 2948788 records processed (43%).
Estimated finish: 2016-09-06 11:50:44.
Starting batch at 2016-09-06 09:13:12.
First record: 1264001
Completed batch 2016-09-06 09:13:57 at 177.317898 records/sec.
1272000 of 2948788 records processed (43%).
Estimated finish: 2016-09-06 11:50:44.
Starting batch at 2016-09-06 09:13:57.
First record: 1272001
Completed batch 2016-09-06 09:14:47 at 162.719647 records/sec.
1280000 of 2948788 records processed (43%).
Estimated finish: 2016-09-06 11:50:54.
Starting batch at 2016-09-06 09:14:47.
First record: 1280001
Completed batch 2016-09-06 09:15:39 at 153.452890 records/sec.
1288000 of 2948788 records processed (44%).
Estimated finish: 2016-09-06 11:51:11.
Starting batch at 2016-09-06 09:15:39.
First record: 1288001
Completed batch 2016-09-06 09:16:18 at 204.646483 records/sec.
1296000 of 2948788 records processed (44%).
Estimated finish: 2016-09-06 11:50:57.
Starting batch at 2016-09-06 09:16:18.
First record: 1296001
Completed batch 2016-09-06 09:17:04 at 173.515745 records/sec.
1304000 of 2948788 records processed (44%).
Estimated finish: 2016-09-06 11:51:00.
Starting batch at 2016-09-06 09:17:04.
First record: 1304001
Completed batch 2016-09-06 09:17:53 at 162.941389 records/sec.
1312000 of 2948788 records processed (44%).
Estimated finish: 2016-09-06 11:51:09.
Starting batch at 2016-09-06 09:17:53.
First record: 1312001
Completed batch 2016-09-06 09:18:40 at 169.796854 records/sec.
1320000 of 2948788 records processed (45%).
Estimated finish: 2016-09-06 11:51:14.
Starting batch at 2016-09-06 09:18:40.
First record: 1320001
Completed batch 2016-09-06 09:19:33 at 150.625729 records/sec.
1328000 of 2948788 records processed (45%).
Estimated finish: 2016-09-06 11:51:32.
Starting batch at 2016-09-06 09:19:33.
First record: 1328001
Completed batch 2016-09-06 09:20:22 at 162.840223 records/sec.
1336000 of 2948788 records processed (45%).
Estimated finish: 2016-09-06 11:51:41.
Starting batch at 2016-09-06 09:20:22.
First record: 1336001
Completed batch 2016-09-06 09:21:05 at 185.577652 records/sec.
1344000 of 2948788 records processed (46%).
Estimated finish: 2016-09-06 11:51:37.
Starting batch at 2016-09-06 09:21:05.
First record: 1344001
Completed batch 2016-09-06 09:21:46 at 199.490173 records/sec.
1352000 of 2948788 records processed (46%).
Estimated finish: 2016-09-06 11:51:26.
Starting batch at 2016-09-06 09:21:46.
First record: 1352001
Completed batch 2016-09-06 09:22:25 at 204.645431 records/sec.
1360000 of 2948788 records processed (46%).
Estimated finish: 2016-09-06 11:51:14.
Starting batch at 2016-09-06 09:22:25.
First record: 1360001
Completed batch 2016-09-06 09:23:01 at 221.693231 records/sec.
1368000 of 2948788 records processed (46%).
Estimated finish: 2016-09-06 11:50:54.
Starting batch at 2016-09-06 09:23:01.
First record: 1368001
Completed batch 2016-09-06 09:23:42 at 194.327021 records/sec.
1376000 of 2948788 records processed (47%).
Estimated finish: 2016-09-06 11:50:46.
Starting batch at 2016-09-06 09:23:42.
First record: 1376001
Completed batch 2016-09-06 09:24:24 at 190.046075 records/sec.
1384000 of 2948788 records processed (47%).
Estimated finish: 2016-09-06 11:50:41.
Starting batch at 2016-09-06 09:24:24.
First record: 1384001
Completed batch 2016-09-06 09:25:09 at 177.301294 records/sec.
1392000 of 2948788 records processed (47%).
Estimated finish: 2016-09-06 11:50:41.
Starting batch at 2016-09-06 09:25:09.
First record: 1392001
Completed batch 2016-09-06 09:25:55 at 173.520284 records/sec.
1400000 of 2948788 records processed (47%).
Estimated finish: 2016-09-06 11:50:44.
Starting batch at 2016-09-06 09:25:55.
First record: 1400001
Completed batch 2016-09-06 09:26:39 at 181.414674 records/sec.
1408000 of 2948788 records processed (48%).
Estimated finish: 2016-09-06 11:50:42.
Starting batch at 2016-09-06 09:26:39.
First record: 1408001
Completed batch 2016-09-06 09:27:28 at 162.864265 records/sec.
1416000 of 2948788 records processed (48%).
Estimated finish: 2016-09-06 11:50:51.
Starting batch at 2016-09-06 09:27:28.
First record: 1416001
Completed batch 2016-09-06 09:28:16 at 169.824273 records/sec.
1424000 of 2948788 records processed (48%).
Estimated finish: 2016-09-06 11:50:55.
Starting batch at 2016-09-06 09:28:16.
First record: 1424001
Completed batch 2016-09-06 09:29:06 at 159.571328 records/sec.
1432000 of 2948788 records processed (49%).
Estimated finish: 2016-09-06 11:51:06.
Starting batch at 2016-09-06 09:29:06.
First record: 1432001
Completed batch 2016-09-06 09:29:55 at 162.911555 records/sec.
1440000 of 2948788 records processed (49%).
Estimated finish: 2016-09-06 11:51:15.
Starting batch at 2016-09-06 09:29:55.
First record: 1440001
Completed batch 2016-09-06 09:30:39 at 181.334879 records/sec.
1448000 of 2948788 records processed (49%).
Estimated finish: 2016-09-06 11:51:13.
Starting batch at 2016-09-06 09:30:39.
First record: 1448001
Completed batch 2016-09-06 09:31:28 at 162.905956 records/sec.
1456000 of 2948788 records processed (49%).
Estimated finish: 2016-09-06 11:51:21.
Starting batch at 2016-09-06 09:31:28.
First record: 1456001
Completed batch 2016-09-06 09:32:12 at 181.358652 records/sec.
1464000 of 2948788 records processed (50%).
Estimated finish: 2016-09-06 11:51:20.
Starting batch at 2016-09-06 09:32:12.
First record: 1464001
Completed batch 2016-09-06 09:32:52 at 199.445402 records/sec.
1472000 of 2948788 records processed (50%).
Estimated finish: 2016-09-06 11:51:10.
Starting batch at 2016-09-06 09:32:52.
First record: 1472001
Completed batch 2016-09-06 09:33:37 at 177.361833 records/sec.
1480000 of 2948788 records processed (50%).
Estimated finish: 2016-09-06 11:51:10.
Starting batch at 2016-09-06 09:33:37.
First record: 1480001
Completed batch 2016-09-06 09:34:31 at 150.450073 records/sec.
1488000 of 2948788 records processed (50%).
Estimated finish: 2016-09-06 11:51:27.
Starting batch at 2016-09-06 09:34:31.
First record: 1488001
Completed batch 2016-09-06 09:35:19 at 166.351707 records/sec.
1496000 of 2948788 records processed (51%).
Estimated finish: 2016-09-06 11:51:33.
Starting batch at 2016-09-06 09:35:19.
First record: 1496001
Completed batch 2016-09-06 09:36:05 at 173.522968 records/sec.
1504000 of 2948788 records processed (51%).
Estimated finish: 2016-09-06 11:51:35.
Starting batch at 2016-09-06 09:36:05.
First record: 1504001
Completed batch 2016-09-06 09:36:49 at 181.437917 records/sec.
1512000 of 2948788 records processed (51%).
Estimated finish: 2016-09-06 11:51:33.
Starting batch at 2016-09-06 09:36:49.
First record: 1512001
Completed batch 2016-09-06 09:37:33 at 181.401239 records/sec.
1520000 of 2948788 records processed (52%).
Estimated finish: 2016-09-06 11:51:31.
Starting batch at 2016-09-06 09:37:33.
First record: 1520001
Completed batch 2016-09-06 09:38:16 at 185.626706 records/sec.
1528000 of 2948788 records processed (52%).
Estimated finish: 2016-09-06 11:51:28.
Starting batch at 2016-09-06 09:38:16.
First record: 1528001
Completed batch 2016-09-06 09:38:57 at 194.587992 records/sec.
1536000 of 2948788 records processed (52%).
Estimated finish: 2016-09-06 11:51:20.
Starting batch at 2016-09-06 09:38:57.
First record: 1536001
Completed batch 2016-09-06 09:39:38 at 194.703093 records/sec.
1544000 of 2948788 records processed (52%).
Estimated finish: 2016-09-06 11:51:13.
Starting batch at 2016-09-06 09:39:38.
First record: 1544001
Completed batch 2016-09-06 09:40:27 at 162.835673 records/sec.
1552000 of 2948788 records processed (53%).
Estimated finish: 2016-09-06 11:51:21.
Starting batch at 2016-09-06 09:40:27.
First record: 1552001
Completed batch 2016-09-06 09:41:20 at 150.612254 records/sec.
1560000 of 2948788 records processed (53%).
Estimated finish: 2016-09-06 11:51:36.
Starting batch at 2016-09-06 09:41:20.
First record: 1560001
Completed batch 2016-09-06 09:42:05 at 181.411926 records/sec.
1568000 of 2948788 records processed (53%).
Estimated finish: 2016-09-06 11:51:34.
Starting batch at 2016-09-06 09:42:05.
First record: 1568001
Completed batch 2016-09-06 09:42:52 at 169.821003 records/sec.
1576000 of 2948788 records processed (53%).
Estimated finish: 2016-09-06 11:51:38.
Starting batch at 2016-09-06 09:42:52.
First record: 1576001
Completed batch 2016-09-06 09:43:35 at 185.619884 records/sec.
1584000 of 2948788 records processed (54%).
Estimated finish: 2016-09-06 11:51:35.
Starting batch at 2016-09-06 09:43:35.
First record: 1584001
Completed batch 2016-09-06 09:44:28 at 150.634627 records/sec.
1592000 of 2948788 records processed (54%).
Estimated finish: 2016-09-06 11:51:50.
Starting batch at 2016-09-06 09:44:28.
First record: 1592001
Completed batch 2016-09-06 09:45:17 at 162.924491 records/sec.
1600000 of 2948788 records processed (54%).
Estimated finish: 2016-09-06 11:51:57.
Starting batch at 2016-09-06 09:45:17.
First record: 1600001
Completed batch 2016-09-06 09:46:01 at 181.359067 records/sec.
1608000 of 2948788 records processed (55%).
Estimated finish: 2016-09-06 11:51:55.
Starting batch at 2016-09-06 09:46:01.
First record: 1608001
Completed batch 2016-09-06 09:46:39 at 209.758341 records/sec.
1616000 of 2948788 records processed (55%).
Estimated finish: 2016-09-06 11:51:43.
Starting batch at 2016-09-06 09:46:39.
First record: 1616001
Completed batch 2016-09-06 09:47:27 at 166.224109 records/sec.
1624000 of 2948788 records processed (55%).
Estimated finish: 2016-09-06 11:51:48.
Starting batch at 2016-09-06 09:47:27.
First record: 1624001
Completed batch 2016-09-06 09:48:12 at 181.336803 records/sec.
1632000 of 2948788 records processed (55%).
Estimated finish: 2016-09-06 11:51:46.
Starting batch at 2016-09-06 09:48:12.
First record: 1632001
Completed batch 2016-09-06 09:48:50 at 209.984341 records/sec.
1640000 of 2948788 records processed (56%).
Estimated finish: 2016-09-06 11:51:34.
Starting batch at 2016-09-06 09:48:50.
First record: 1640001
Completed batch 2016-09-06 09:49:24 at 234.629309 records/sec.
1648000 of 2948788 records processed (56%).
Estimated finish: 2016-09-06 11:51:14.
Starting batch at 2016-09-06 09:49:24.
First record: 1648001
Completed batch 2016-09-06 09:50:07 at 185.646228 records/sec.
1656000 of 2948788 records processed (56%).
Estimated finish: 2016-09-06 11:51:11.
Starting batch at 2016-09-06 09:50:07.
First record: 1656001
Completed batch 2016-09-06 09:50:49 at 190.046157 records/sec.
1664000 of 2948788 records processed (56%).
Estimated finish: 2016-09-06 11:51:06.
Starting batch at 2016-09-06 09:50:49.
First record: 1664001
Completed batch 2016-09-06 09:51:31 at 190.029395 records/sec.
1672000 of 2948788 records processed (57%).
Estimated finish: 2016-09-06 11:51:01.
Starting batch at 2016-09-06 09:51:31.
First record: 1672001
Completed batch 2016-09-06 09:52:15 at 181.426334 records/sec.
1680000 of 2948788 records processed (57%).
Estimated finish: 2016-09-06 11:51:00.
Starting batch at 2016-09-06 09:52:15.
First record: 1680001
Completed batch 2016-09-06 09:52:57 at 190.021632 records/sec.
1688000 of 2948788 records processed (57%).
Estimated finish: 2016-09-06 11:50:55.
Starting batch at 2016-09-06 09:52:57.
First record: 1688001
Completed batch 2016-09-06 09:53:36 at 204.518886 records/sec.
1696000 of 2948788 records processed (58%).
Estimated finish: 2016-09-06 11:50:45.
Starting batch at 2016-09-06 09:53:36.
First record: 1696001
Completed batch 2016-09-06 09:54:23 at 169.792324 records/sec.
1704000 of 2948788 records processed (58%).
Estimated finish: 2016-09-06 11:50:48.
Starting batch at 2016-09-06 09:54:23.
First record: 1704001
Completed batch 2016-09-06 09:55:08 at 181.464697 records/sec.
1712000 of 2948788 records processed (58%).
Estimated finish: 2016-09-06 11:50:47.
Starting batch at 2016-09-06 09:55:08.
First record: 1712001
Completed batch 2016-09-06 09:55:53 at 177.341321 records/sec.
1720000 of 2948788 records processed (58%).
Estimated finish: 2016-09-06 11:50:47.
Starting batch at 2016-09-06 09:55:53.
First record: 1720001
Completed batch 2016-09-06 09:56:40 at 169.707424 records/sec.
1728000 of 2948788 records processed (59%).
Estimated finish: 2016-09-06 11:50:51.
Starting batch at 2016-09-06 09:56:40.
First record: 1728001
Completed batch 2016-09-06 09:57:29 at 162.864961 records/sec.
1736000 of 2948788 records processed (59%).
Estimated finish: 2016-09-06 11:50:58.
Starting batch at 2016-09-06 09:57:29.
First record: 1736001
Completed batch 2016-09-06 09:58:13 at 181.401136 records/sec.
1744000 of 2948788 records processed (59%).
Estimated finish: 2016-09-06 11:50:57.
Starting batch at 2016-09-06 09:58:13.
First record: 1744001
Completed batch 2016-09-06 09:58:51 at 209.991164 records/sec.
1752000 of 2948788 records processed (59%).
Estimated finish: 2016-09-06 11:50:46.
Starting batch at 2016-09-06 09:58:51.
First record: 1752001
Completed batch 2016-09-06 09:59:30 at 204.698511 records/sec.
1760000 of 2948788 records processed (60%).
Estimated finish: 2016-09-06 11:50:36.
Starting batch at 2016-09-06 09:59:30.
First record: 1760001
Completed batch 2016-09-06 10:00:12 at 189.989329 records/sec.
1768000 of 2948788 records processed (60%).
Estimated finish: 2016-09-06 11:50:31.
Starting batch at 2016-09-06 10:00:12.
First record: 1768001
Completed batch 2016-09-06 10:00:52 at 199.431431 records/sec.
1776000 of 2948788 records processed (60%).
Estimated finish: 2016-09-06 11:50:23.
Starting batch at 2016-09-06 10:00:52.
First record: 1776001
Completed batch 2016-09-06 10:01:30 at 209.986220 records/sec.
1784000 of 2948788 records processed (60%).
Estimated finish: 2016-09-06 11:50:12.
Starting batch at 2016-09-06 10:01:30.
First record: 1784001
Completed batch 2016-09-06 10:02:16 at 177.287106 records/sec.
1792000 of 2948788 records processed (61%).
Estimated finish: 2016-09-06 11:50:13.
Starting batch at 2016-09-06 10:02:16.
First record: 1792001
Completed batch 2016-09-06 10:03:04 at 166.248261 records/sec.
1800000 of 2948788 records processed (61%).
Estimated finish: 2016-09-06 11:50:18.
Starting batch at 2016-09-06 10:03:04.
First record: 1800001
Completed batch 2016-09-06 10:03:47 at 185.541984 records/sec.
1808000 of 2948788 records processed (61%).
Estimated finish: 2016-09-06 11:50:16.
Starting batch at 2016-09-06 10:03:47.
First record: 1808001
Completed batch 2016-09-06 10:04:29 at 189.790919 records/sec.
1816000 of 2948788 records processed (62%).
Estimated finish: 2016-09-06 11:50:11.
Starting batch at 2016-09-06 10:04:29.
First record: 1816001
Completed batch 2016-09-06 10:05:08 at 204.635255 records/sec.
1824000 of 2948788 records processed (62%).
Estimated finish: 2016-09-06 11:50:02.
Starting batch at 2016-09-06 10:05:08.
First record: 1824001
Completed batch 2016-09-06 10:05:48 at 199.513461 records/sec.
1832000 of 2948788 records processed (62%).
Estimated finish: 2016-09-06 11:49:55.
Starting batch at 2016-09-06 10:05:48.
First record: 1832001
Completed batch 2016-09-06 10:06:41 at 150.584630 records/sec.
1840000 of 2948788 records processed (62%).
Estimated finish: 2016-09-06 11:50:08.
Starting batch at 2016-09-06 10:06:41.
First record: 1840001
Completed batch 2016-09-06 10:07:36 at 145.127655 records/sec.
1848000 of 2948788 records processed (63%).
Estimated finish: 2016-09-06 11:50:24.
Starting batch at 2016-09-06 10:07:36.
First record: 1848001
Completed batch 2016-09-06 10:08:32 at 145.102616 records/sec.
1856000 of 2948788 records processed (63%).
Estimated finish: 2016-09-06 11:50:41.
Starting batch at 2016-09-06 10:08:32.
First record: 1856001
Completed batch 2016-09-06 10:09:29 at 140.052399 records/sec.
1864000 of 2948788 records processed (63%).
Estimated finish: 2016-09-06 11:51:00.
Starting batch at 2016-09-06 10:09:29.
First record: 1864001
Completed batch 2016-09-06 10:10:19 at 159.640270 records/sec.
1872000 of 2948788 records processed (63%).
Estimated finish: 2016-09-06 11:51:08.
Starting batch at 2016-09-06 10:10:19.
First record: 1872001
Completed batch 2016-09-06 10:11:08 at 162.941445 records/sec.
1880000 of 2948788 records processed (64%).
Estimated finish: 2016-09-06 11:51:15.
Starting batch at 2016-09-06 10:11:08.
First record: 1880001
Completed batch 2016-09-06 10:12:00 at 153.540973 records/sec.
1888000 of 2948788 records processed (64%).
Estimated finish: 2016-09-06 11:51:26.
Starting batch at 2016-09-06 10:12:00.
First record: 1888001
Completed batch 2016-09-06 10:12:50 at 159.588883 records/sec.
1896000 of 2948788 records processed (64%).
Estimated finish: 2016-09-06 11:51:34.
Starting batch at 2016-09-06 10:12:50.
First record: 1896001
Completed batch 2016-09-06 10:13:29 at 204.664069 records/sec.
1904000 of 2948788 records processed (65%).
Estimated finish: 2016-09-06 11:51:25.
Starting batch at 2016-09-06 10:13:29.
First record: 1904001
Completed batch 2016-09-06 10:14:05 at 221.711387 records/sec.
1912000 of 2948788 records processed (65%).
Estimated finish: 2016-09-06 11:51:11.
Starting batch at 2016-09-06 10:14:05.
First record: 1912001
Completed batch 2016-09-06 10:14:59 at 147.821198 records/sec.
1920000 of 2948788 records processed (65%).
Estimated finish: 2016-09-06 11:51:25.
Starting batch at 2016-09-06 10:14:59.
First record: 1920001
Completed batch 2016-09-06 10:15:59 at 135.315885 records/sec.
1928000 of 2948788 records processed (65%).
Estimated finish: 2016-09-06 11:51:47.
Starting batch at 2016-09-06 10:15:59.
First record: 1928001
Completed batch 2016-09-06 10:16:58 at 135.346426 records/sec.
1936000 of 2948788 records processed (66%).
Estimated finish: 2016-09-06 11:52:08.
Starting batch at 2016-09-06 10:16:58.
First record: 1936001
Completed batch 2016-09-06 10:17:47 at 162.853974 records/sec.
1944000 of 2948788 records processed (66%).
Estimated finish: 2016-09-06 11:52:14.
Starting batch at 2016-09-06 10:17:47.
First record: 1944001
Completed batch 2016-09-06 10:18:34 at 169.828729 records/sec.
1952000 of 2948788 records processed (66%).
Estimated finish: 2016-09-06 11:52:17.
Starting batch at 2016-09-06 10:18:34.
First record: 1952001
Completed batch 2016-09-06 10:19:16 at 190.026484 records/sec.
1960000 of 2948788 records processed (66%).
Estimated finish: 2016-09-06 11:52:13.
Starting batch at 2016-09-06 10:19:16.
First record: 1960001
Completed batch 2016-09-06 10:20:03 at 169.802361 records/sec.
1968000 of 2948788 records processed (67%).
Estimated finish: 2016-09-06 11:52:16.
Starting batch at 2016-09-06 10:20:03.
First record: 1968001
Completed batch 2016-09-06 10:20:50 at 169.834768 records/sec.
1976000 of 2948788 records processed (67%).
Estimated finish: 2016-09-06 11:52:19.
Starting batch at 2016-09-06 10:20:50.
First record: 1976001
Completed batch 2016-09-06 10:21:33 at 185.638651 records/sec.
1984000 of 2948788 records processed (67%).
Estimated finish: 2016-09-06 11:52:16.
Starting batch at 2016-09-06 10:21:33.
First record: 1984001
Completed batch 2016-09-06 10:22:24 at 156.371875 records/sec.
1992000 of 2948788 records processed (68%).
Estimated finish: 2016-09-06 11:52:25.
Starting batch at 2016-09-06 10:22:24.
First record: 1992001
Completed batch 2016-09-06 10:23:16 at 156.539684 records/sec.
2000000 of 2948788 records processed (68%).
Estimated finish: 2016-09-06 11:52:33.
Starting batch at 2016-09-06 10:23:16.
First record: 2000001
Completed batch 2016-09-06 10:24:08 at 153.487200 records/sec.
2008000 of 2948788 records processed (68%).
Estimated finish: 2016-09-06 11:52:44.
Starting batch at 2016-09-06 10:24:08.
First record: 2008001
Completed batch 2016-09-06 10:24:57 at 162.923659 records/sec.
2016000 of 2948788 records processed (68%).
Estimated finish: 2016-09-06 11:52:49.
Starting batch at 2016-09-06 10:24:57.
First record: 2016001
Completed batch 2016-09-06 10:25:44 at 169.805918 records/sec.
2024000 of 2948788 records processed (69%).
Estimated finish: 2016-09-06 11:52:52.
Starting batch at 2016-09-06 10:25:44.
First record: 2024001
Completed batch 2016-09-06 10:26:32 at 166.315730 records/sec.
2032000 of 2948788 records processed (69%).
Estimated finish: 2016-09-06 11:52:56.
Starting batch at 2016-09-06 10:26:32.
First record: 2032001
Completed batch 2016-09-06 10:27:23 at 156.465091 records/sec.
2040000 of 2948788 records processed (69%).
Estimated finish: 2016-09-06 11:53:05.
Starting batch at 2016-09-06 10:27:23.
First record: 2040001
Completed batch 2016-09-06 10:28:12 at 162.867776 records/sec.
2048000 of 2948788 records processed (69%).
Estimated finish: 2016-09-06 11:53:10.
Starting batch at 2016-09-06 10:28:12.
First record: 2048001
Completed batch 2016-09-06 10:28:54 at 189.961760 records/sec.
2056000 of 2948788 records processed (70%).
Estimated finish: 2016-09-06 11:53:06.
Starting batch at 2016-09-06 10:28:54.
First record: 2056001
Completed batch 2016-09-06 10:29:37 at 185.621563 records/sec.
2064000 of 2948788 records processed (70%).
Estimated finish: 2016-09-06 11:53:03.
Starting batch at 2016-09-06 10:29:37.
First record: 2064001
Completed batch 2016-09-06 10:30:17 at 204.614444 records/sec.
2072000 of 2948788 records processed (70%).
Estimated finish: 2016-09-06 11:52:54.
Starting batch at 2016-09-06 10:30:17.
First record: 2072001
Completed batch 2016-09-06 10:30:56 at 204.105042 records/sec.
2080000 of 2948788 records processed (71%).
Estimated finish: 2016-09-06 11:52:45.
Starting batch at 2016-09-06 10:30:56.
First record: 2080001
Completed batch 2016-09-06 10:31:36 at 199.471903 records/sec.
2088000 of 2948788 records processed (71%).
Estimated finish: 2016-09-06 11:52:38.
Starting batch at 2016-09-06 10:31:36.
First record: 2088001
Completed batch 2016-09-06 10:32:15 at 204.577723 records/sec.
2096000 of 2948788 records processed (71%).
Estimated finish: 2016-09-06 11:52:30.
Starting batch at 2016-09-06 10:32:15.
First record: 2096001
Completed batch 2016-09-06 10:32:51 at 221.580930 records/sec.
2104000 of 2948788 records processed (71%).
Estimated finish: 2016-09-06 11:52:17.
Starting batch at 2016-09-06 10:32:51.
First record: 2104001
Completed batch 2016-09-06 10:33:33 at 190.074721 records/sec.
2112000 of 2948788 records processed (72%).
Estimated finish: 2016-09-06 11:52:13.
Starting batch at 2016-09-06 10:33:33.
First record: 2112001
Completed batch 2016-09-06 10:34:15 at 189.817371 records/sec.
2120000 of 2948788 records processed (72%).
Estimated finish: 2016-09-06 11:52:08.
Starting batch at 2016-09-06 10:34:15.
First record: 2120001
Completed batch 2016-09-06 10:35:03 at 166.262483 records/sec.
2128000 of 2948788 records processed (72%).
Estimated finish: 2016-09-06 11:52:13.
Starting batch at 2016-09-06 10:35:03.
First record: 2128001
Completed batch 2016-09-06 10:35:53 at 162.858907 records/sec.
2136000 of 2948788 records processed (72%).
Estimated finish: 2016-09-06 11:52:18.
Starting batch at 2016-09-06 10:35:53.
First record: 2136001
Completed batch 2016-09-06 10:36:50 at 139.826132 records/sec.
2144000 of 2948788 records processed (73%).
Estimated finish: 2016-09-06 11:52:35.
Starting batch at 2016-09-06 10:36:50.
First record: 2144001
Completed batch 2016-09-06 10:37:38 at 166.246665 records/sec.
2152000 of 2948788 records processed (73%).
Estimated finish: 2016-09-06 11:52:39.
Starting batch at 2016-09-06 10:37:38.
First record: 2152001
Completed batch 2016-09-06 10:38:36 at 137.591468 records/sec.
2160000 of 2948788 records processed (73%).
Estimated finish: 2016-09-06 11:52:57.
Starting batch at 2016-09-06 10:38:36.
First record: 2160001
Completed batch 2016-09-06 10:39:30 at 147.830761 records/sec.
2168000 of 2948788 records processed (74%).
Estimated finish: 2016-09-06 11:53:09.
Starting batch at 2016-09-06 10:39:30.
First record: 2168001
Completed batch 2016-09-06 10:40:23 at 150.556987 records/sec.
2176000 of 2948788 records processed (74%).
Estimated finish: 2016-09-06 11:53:19.
Starting batch at 2016-09-06 10:40:23.
First record: 2176001
Completed batch 2016-09-06 10:41:11 at 166.342884 records/sec.
2184000 of 2948788 records processed (74%).
Estimated finish: 2016-09-06 11:53:23.
Starting batch at 2016-09-06 10:41:11.
First record: 2184001
Completed batch 2016-09-06 10:41:52 at 199.115653 records/sec.
2192000 of 2948788 records processed (74%).
Estimated finish: 2016-09-06 11:53:16.
Starting batch at 2016-09-06 10:41:52.
First record: 2192001
Completed batch 2016-09-06 10:42:30 at 209.940774 records/sec.
2200000 of 2948788 records processed (75%).
Estimated finish: 2016-09-06 11:53:06.
Starting batch at 2016-09-06 10:42:30.
First record: 2200001
Completed batch 2016-09-06 10:43:12 at 189.975330 records/sec.
2208000 of 2948788 records processed (75%).
Estimated finish: 2016-09-06 11:53:02.
Starting batch at 2016-09-06 10:43:12.
First record: 2208001
Completed batch 2016-09-06 10:44:09 at 140.096936 records/sec.
2216000 of 2948788 records processed (75%).
Estimated finish: 2016-09-06 11:53:18.
Starting batch at 2016-09-06 10:44:09.
First record: 2216001
Completed batch 2016-09-06 10:44:54 at 177.258776 records/sec.
2224000 of 2948788 records processed (75%).
Estimated finish: 2016-09-06 11:53:18.
Starting batch at 2016-09-06 10:44:54.
First record: 2224001
Completed batch 2016-09-06 10:45:42 at 166.258108 records/sec.
2232000 of 2948788 records processed (76%).
Estimated finish: 2016-09-06 11:53:22.
Starting batch at 2016-09-06 10:45:42.
First record: 2232001
Completed batch 2016-09-06 10:46:24 at 189.967210 records/sec.
2240000 of 2948788 records processed (76%).
Estimated finish: 2016-09-06 11:53:17.
Starting batch at 2016-09-06 10:46:24.
First record: 2240001
Completed batch 2016-09-06 10:47:04 at 199.408967 records/sec.
2248000 of 2948788 records processed (76%).
Estimated finish: 2016-09-06 11:53:11.
Starting batch at 2016-09-06 10:47:04.
First record: 2248001
Completed batch 2016-09-06 10:47:53 at 162.901683 records/sec.
2256000 of 2948788 records processed (77%).
Estimated finish: 2016-09-06 11:53:16.
Starting batch at 2016-09-06 10:47:53.
First record: 2256001
Completed batch 2016-09-06 10:48:45 at 156.511255 records/sec.
2264000 of 2948788 records processed (77%).
Estimated finish: 2016-09-06 11:53:23.
Starting batch at 2016-09-06 10:48:45.
First record: 2264001
Completed batch 2016-09-06 10:49:41 at 142.583599 records/sec.
2272000 of 2948788 records processed (77%).
Estimated finish: 2016-09-06 11:53:37.
Starting batch at 2016-09-06 10:49:41.
First record: 2272001
Completed batch 2016-09-06 10:50:27 at 173.513216 records/sec.
2280000 of 2948788 records processed (77%).
Estimated finish: 2016-09-06 11:53:38.
Starting batch at 2016-09-06 10:50:27.
First record: 2280001
Completed batch 2016-09-06 10:51:18 at 156.544221 records/sec.
2288000 of 2948788 records processed (78%).
Estimated finish: 2016-09-06 11:53:46.
Starting batch at 2016-09-06 10:51:18.
First record: 2288001
Completed batch 2016-09-06 10:52:07 at 162.883076 records/sec.
2296000 of 2948788 records processed (78%).
Estimated finish: 2016-09-06 11:53:50.
Starting batch at 2016-09-06 10:52:07.
First record: 2296001
Completed batch 2016-09-06 10:53:00 at 150.611749 records/sec.
2304000 of 2948788 records processed (78%).
Estimated finish: 2016-09-06 11:54:00.
Starting batch at 2016-09-06 10:53:00.
First record: 2304001
Completed batch 2016-09-06 10:53:48 at 166.333041 records/sec.
2312000 of 2948788 records processed (78%).
Estimated finish: 2016-09-06 11:54:04.
Starting batch at 2016-09-06 10:53:48.
First record: 2312001
Completed batch 2016-09-06 10:54:34 at 173.480899 records/sec.
2320000 of 2948788 records processed (79%).
Estimated finish: 2016-09-06 11:54:05.
Starting batch at 2016-09-06 10:54:34.
First record: 2320001
Completed batch 2016-09-06 10:55:20 at 173.497129 records/sec.
2328000 of 2948788 records processed (79%).
Estimated finish: 2016-09-06 11:54:05.
Starting batch at 2016-09-06 10:55:20.
First record: 2328001
Completed batch 2016-09-06 10:56:09 at 166.282157 records/sec.
2336000 of 2948788 records processed (79%).
Estimated finish: 2016-09-06 11:54:09.
Starting batch at 2016-09-06 10:56:09.
First record: 2336001
Completed batch 2016-09-06 10:56:57 at 166.307972 records/sec.
2344000 of 2948788 records processed (79%).
Estimated finish: 2016-09-06 11:54:12.
Starting batch at 2016-09-06 10:56:57.
First record: 2344001
Completed batch 2016-09-06 10:57:39 at 190.066854 records/sec.
2352000 of 2948788 records processed (80%).
Estimated finish: 2016-09-06 11:54:08.
Starting batch at 2016-09-06 10:57:39.
First record: 2352001
Completed batch 2016-09-06 10:58:23 at 181.383122 records/sec.
2360000 of 2948788 records processed (80%).
Estimated finish: 2016-09-06 11:54:06.
Starting batch at 2016-09-06 10:58:23.
First record: 2360001
Completed batch 2016-09-06 10:59:14 at 156.450085 records/sec.
2368000 of 2948788 records processed (80%).
Estimated finish: 2016-09-06 11:54:13.
Starting batch at 2016-09-06 10:59:14.
First record: 2368001
Completed batch 2016-09-06 10:59:58 at 181.354006 records/sec.
2376000 of 2948788 records processed (81%).
Estimated finish: 2016-09-06 11:54:12.
Starting batch at 2016-09-06 10:59:58.
First record: 2376001
Completed batch 2016-09-06 11:00:44 at 173.492404 records/sec.
2384000 of 2948788 records processed (81%).
Estimated finish: 2016-09-06 11:54:13.
Starting batch at 2016-09-06 11:00:44.
First record: 2384001
Completed batch 2016-09-06 11:01:40 at 142.533744 records/sec.
2392000 of 2948788 records processed (81%).
Estimated finish: 2016-09-06 11:54:26.
Starting batch at 2016-09-06 11:01:40.
First record: 2392001
Completed batch 2016-09-06 11:02:28 at 166.288236 records/sec.
2400000 of 2948788 records processed (81%).
Estimated finish: 2016-09-06 11:54:29.
Starting batch at 2016-09-06 11:02:28.
First record: 2400001
Completed batch 2016-09-06 11:03:19 at 159.675348 records/sec.
2408000 of 2948788 records processed (82%).
Estimated finish: 2016-09-06 11:54:35.
Starting batch at 2016-09-06 11:03:19.
First record: 2408001
Completed batch 2016-09-06 11:04:08 at 162.903269 records/sec.
2416000 of 2948788 records processed (82%).
Estimated finish: 2016-09-06 11:54:39.
Starting batch at 2016-09-06 11:04:08.
First record: 2416001
Completed batch 2016-09-06 11:04:55 at 169.827900 records/sec.
2424000 of 2948788 records processed (82%).
Estimated finish: 2016-09-06 11:54:41.
Starting batch at 2016-09-06 11:04:55.
First record: 2424001
Completed batch 2016-09-06 11:05:37 at 190.063070 records/sec.
2432000 of 2948788 records processed (82%).
Estimated finish: 2016-09-06 11:54:37.
Starting batch at 2016-09-06 11:05:37.
First record: 2432001
Completed batch 2016-09-06 11:06:19 at 189.928626 records/sec.
2440000 of 2948788 records processed (83%).
Estimated finish: 2016-09-06 11:54:33.
Starting batch at 2016-09-06 11:06:19.
First record: 2440001
Completed batch 2016-09-06 11:07:07 at 166.242609 records/sec.
2448000 of 2948788 records processed (83%).
Estimated finish: 2016-09-06 11:54:36.
Starting batch at 2016-09-06 11:07:07.
First record: 2448001
Completed batch 2016-09-06 11:07:50 at 185.654117 records/sec.
2456000 of 2948788 records processed (83%).
Estimated finish: 2016-09-06 11:54:33.
Starting batch at 2016-09-06 11:07:50.
First record: 2456001
Completed batch 2016-09-06 11:08:39 at 162.884462 records/sec.
2464000 of 2948788 records processed (84%).
Estimated finish: 2016-09-06 11:54:37.
Starting batch at 2016-09-06 11:08:39.
First record: 2464001
Completed batch 2016-09-06 11:09:30 at 159.416059 records/sec.
2472000 of 2948788 records processed (84%).
Estimated finish: 2016-09-06 11:54:43.
Starting batch at 2016-09-06 11:09:30.
First record: 2472001
Completed batch 2016-09-06 11:10:12 at 190.048215 records/sec.
2480000 of 2948788 records processed (84%).
Estimated finish: 2016-09-06 11:54:39.
Starting batch at 2016-09-06 11:10:12.
First record: 2480001
Completed batch 2016-09-06 11:10:59 at 169.819810 records/sec.
2488000 of 2948788 records processed (84%).
Estimated finish: 2016-09-06 11:54:41.
Starting batch at 2016-09-06 11:10:59.
First record: 2488001
Completed batch 2016-09-06 11:11:48 at 162.924684 records/sec.
2496000 of 2948788 records processed (85%).
Estimated finish: 2016-09-06 11:54:45.
Starting batch at 2016-09-06 11:11:48.
First record: 2496001
Completed batch 2016-09-06 11:12:36 at 166.300397 records/sec.
2504000 of 2948788 records processed (85%).
Estimated finish: 2016-09-06 11:54:48.
Starting batch at 2016-09-06 11:12:36.
First record: 2504001
Completed batch 2016-09-06 11:13:20 at 181.370699 records/sec.
2512000 of 2948788 records processed (85%).
Estimated finish: 2016-09-06 11:54:46.
Starting batch at 2016-09-06 11:13:20.
First record: 2512001
Completed batch 2016-09-06 11:14:13 at 150.621640 records/sec.
2520000 of 2948788 records processed (85%).
Estimated finish: 2016-09-06 11:54:55.
Starting batch at 2016-09-06 11:14:13.
First record: 2520001
Completed batch 2016-09-06 11:15:02 at 162.863552 records/sec.
2528000 of 2948788 records processed (86%).
Estimated finish: 2016-09-06 11:54:59.
Starting batch at 2016-09-06 11:15:02.
First record: 2528001
Completed batch 2016-09-06 11:15:55 at 150.520210 records/sec.
2536000 of 2948788 records processed (86%).
Estimated finish: 2016-09-06 11:55:08.
Starting batch at 2016-09-06 11:15:55.
First record: 2536001
Completed batch 2016-09-06 11:16:47 at 156.486946 records/sec.
2544000 of 2948788 records processed (86%).
Estimated finish: 2016-09-06 11:55:15.
Starting batch at 2016-09-06 11:16:47.
First record: 2544001
Completed batch 2016-09-06 11:17:31 at 181.362735 records/sec.
2552000 of 2948788 records processed (87%).
Estimated finish: 2016-09-06 11:55:13.
Starting batch at 2016-09-06 11:17:31.
First record: 2552001
Completed batch 2016-09-06 11:18:16 at 177.394149 records/sec.
2560000 of 2948788 records processed (87%).
Estimated finish: 2016-09-06 11:55:12.
Starting batch at 2016-09-06 11:18:16.
First record: 2560001
Completed batch 2016-09-06 11:18:58 at 190.002803 records/sec.
2568000 of 2948788 records processed (87%).
Estimated finish: 2016-09-06 11:55:08.
Starting batch at 2016-09-06 11:18:58.
First record: 2568001
Completed batch 2016-09-06 11:19:46 at 166.318116 records/sec.
2576000 of 2948788 records processed (87%).
Estimated finish: 2016-09-06 11:55:11.
Starting batch at 2016-09-06 11:19:46.
First record: 2576001
Completed batch 2016-09-06 11:20:27 at 194.670207 records/sec.
2584000 of 2948788 records processed (88%).
Estimated finish: 2016-09-06 11:55:06.
Starting batch at 2016-09-06 11:20:27.
First record: 2584001
Completed batch 2016-09-06 11:21:07 at 199.423795 records/sec.
2592000 of 2948788 records processed (88%).
Estimated finish: 2016-09-06 11:55:00.
Starting batch at 2016-09-06 11:21:07.
First record: 2592001
Completed batch 2016-09-06 11:21:58 at 156.493274 records/sec.
2600000 of 2948788 records processed (88%).
Estimated finish: 2016-09-06 11:55:06.
Starting batch at 2016-09-06 11:21:58.
First record: 2600001
Completed batch 2016-09-06 11:22:51 at 150.630040 records/sec.
2608000 of 2948788 records processed (88%).
Estimated finish: 2016-09-06 11:55:14.
Starting batch at 2016-09-06 11:22:51.
First record: 2608001
Completed batch 2016-09-06 11:23:33 at 190.033941 records/sec.
2616000 of 2948788 records processed (89%).
Estimated finish: 2016-09-06 11:55:10.
Starting batch at 2016-09-06 11:23:33.
First record: 2616001
Completed batch 2016-09-06 11:24:24 at 159.569727 records/sec.
2624000 of 2948788 records processed (89%).
Estimated finish: 2016-09-06 11:55:16.
Starting batch at 2016-09-06 11:24:24.
First record: 2624001
Completed batch 2016-09-06 11:25:11 at 169.811458 records/sec.
2632000 of 2948788 records processed (89%).
Estimated finish: 2016-09-06 11:55:17.
Starting batch at 2016-09-06 11:25:11.
First record: 2632001
Completed batch 2016-09-06 11:25:54 at 185.560533 records/sec.
2640000 of 2948788 records processed (90%).
Estimated finish: 2016-09-06 11:55:14.
Starting batch at 2016-09-06 11:25:54.
First record: 2640001
Completed batch 2016-09-06 11:26:44 at 159.663892 records/sec.
2648000 of 2948788 records processed (90%).
Estimated finish: 2016-09-06 11:55:19.
Starting batch at 2016-09-06 11:26:44.
First record: 2648001
Completed batch 2016-09-06 11:27:38 at 147.812619 records/sec.
2656000 of 2948788 records processed (90%).
Estimated finish: 2016-09-06 11:55:29.
Starting batch at 2016-09-06 11:27:38.
First record: 2656001
Completed batch 2016-09-06 11:28:30 at 153.403173 records/sec.
2664000 of 2948788 records processed (90%).
Estimated finish: 2016-09-06 11:55:36.
Starting batch at 2016-09-06 11:28:30.
First record: 2664001
Completed batch 2016-09-06 11:29:24 at 147.814340 records/sec.
2672000 of 2948788 records processed (91%).
Estimated finish: 2016-09-06 11:55:45.
Starting batch at 2016-09-06 11:29:24.
First record: 2672001
Completed batch 2016-09-06 11:30:06 at 190.043696 records/sec.
2680000 of 2948788 records processed (91%).
Estimated finish: 2016-09-06 11:55:41.
Starting batch at 2016-09-06 11:30:06.
First record: 2680001
Completed batch 2016-09-06 11:30:49 at 189.997582 records/sec.
2688000 of 2948788 records processed (91%).
Estimated finish: 2016-09-06 11:55:38.
Starting batch at 2016-09-06 11:30:49.
First record: 2688001
Completed batch 2016-09-06 11:31:32 at 185.536437 records/sec.
2696000 of 2948788 records processed (91%).
Estimated finish: 2016-09-06 11:55:35.
Starting batch at 2016-09-06 11:31:32.
First record: 2696001
Completed batch 2016-09-06 11:32:12 at 199.508954 records/sec.
2704000 of 2948788 records processed (92%).
Estimated finish: 2016-09-06 11:55:29.
Starting batch at 2016-09-06 11:32:12.
First record: 2704001
Completed batch 2016-09-06 11:32:52 at 199.527902 records/sec.
2712000 of 2948788 records processed (92%).
Estimated finish: 2016-09-06 11:55:23.
Starting batch at 2016-09-06 11:32:52.
First record: 2712001
Completed batch 2016-09-06 11:33:36 at 181.353081 records/sec.
2720000 of 2948788 records processed (92%).
Estimated finish: 2016-09-06 11:55:21.
Starting batch at 2016-09-06 11:33:36.
First record: 2720001
Completed batch 2016-09-06 11:34:20 at 181.366246 records/sec.
2728000 of 2948788 records processed (93%).
Estimated finish: 2016-09-06 11:55:19.
Starting batch at 2016-09-06 11:34:20.
First record: 2728001
Completed batch 2016-09-06 11:35:08 at 166.272570 records/sec.
2736000 of 2948788 records processed (93%).
Estimated finish: 2016-09-06 11:55:22.
Starting batch at 2016-09-06 11:35:08.
First record: 2736001
Completed batch 2016-09-06 11:35:58 at 159.656738 records/sec.
2744000 of 2948788 records processed (93%).
Estimated finish: 2016-09-06 11:55:27.
Starting batch at 2016-09-06 11:35:58.
First record: 2744001
Completed batch 2016-09-06 11:36:52 at 147.766069 records/sec.
2752000 of 2948788 records processed (93%).
Estimated finish: 2016-09-06 11:55:36.
Starting batch at 2016-09-06 11:36:52.
First record: 2752001
Completed batch 2016-09-06 11:37:43 at 159.675542 records/sec.
2760000 of 2948788 records processed (94%).
Estimated finish: 2016-09-06 11:55:41.
Starting batch at 2016-09-06 11:37:43.
First record: 2760001
Completed batch 2016-09-06 11:38:37 at 147.869619 records/sec.
2768000 of 2948788 records processed (94%).
Estimated finish: 2016-09-06 11:55:50.
Starting batch at 2016-09-06 11:38:37.
First record: 2768001
Completed batch 2016-09-06 11:39:22 at 177.171418 records/sec.
2776000 of 2948788 records processed (94%).
Estimated finish: 2016-09-06 11:55:49.
Starting batch at 2016-09-06 11:39:22.
First record: 2776001
Completed batch 2016-09-06 11:40:09 at 169.753287 records/sec.
2784000 of 2948788 records processed (94%).
Estimated finish: 2016-09-06 11:55:51.
Starting batch at 2016-09-06 11:40:09.
First record: 2784001
Completed batch 2016-09-06 11:40:54 at 177.399110 records/sec.
2792000 of 2948788 records processed (95%).
Estimated finish: 2016-09-06 11:55:50.
Starting batch at 2016-09-06 11:40:54.
First record: 2792001
Completed batch 2016-09-06 11:41:41 at 169.765261 records/sec.
2800000 of 2948788 records processed (95%).
Estimated finish: 2016-09-06 11:55:51.
Starting batch at 2016-09-06 11:41:41.
First record: 2800001
Completed batch 2016-09-06 11:42:25 at 181.375880 records/sec.
2808000 of 2948788 records processed (95%).
Estimated finish: 2016-09-06 11:55:50.
Starting batch at 2016-09-06 11:42:25.
First record: 2808001
Completed batch 2016-09-06 11:43:05 at 199.488183 records/sec.
2816000 of 2948788 records processed (95%).
Estimated finish: 2016-09-06 11:55:44.
Starting batch at 2016-09-06 11:43:05.
First record: 2816001
Completed batch 2016-09-06 11:43:49 at 181.388814 records/sec.
2824000 of 2948788 records processed (96%).
Estimated finish: 2016-09-06 11:55:42.
Starting batch at 2016-09-06 11:43:49.
First record: 2824001
Completed batch 2016-09-06 11:44:36 at 173.513363 records/sec.
2832000 of 2948788 records processed (96%).
Estimated finish: 2016-09-06 11:55:43.
Starting batch at 2016-09-06 11:44:36.
First record: 2832001
Completed batch 2016-09-06 11:45:26 at 159.638234 records/sec.
2840000 of 2948788 records processed (96%).
Estimated finish: 2016-09-06 11:55:47.
Starting batch at 2016-09-06 11:45:26.
First record: 2840001
Completed batch 2016-09-06 11:46:13 at 169.858517 records/sec.
2848000 of 2948788 records processed (97%).
Estimated finish: 2016-09-06 11:55:49.
Starting batch at 2016-09-06 11:46:13.
First record: 2848001
Completed batch 2016-09-06 11:47:02 at 162.926884 records/sec.
2856000 of 2948788 records processed (97%).
Estimated finish: 2016-09-06 11:55:52.
Starting batch at 2016-09-06 11:47:02.
First record: 2856001
Completed batch 2016-09-06 11:47:46 at 181.395226 records/sec.
2864000 of 2948788 records processed (97%).
Estimated finish: 2016-09-06 11:55:50.
Starting batch at 2016-09-06 11:47:46.
First record: 2864001
Completed batch 2016-09-06 11:48:27 at 194.705149 records/sec.
2872000 of 2948788 records processed (97%).
Estimated finish: 2016-09-06 11:55:46.
Starting batch at 2016-09-06 11:48:27.
First record: 2872001
Completed batch 2016-09-06 11:49:09 at 190.003972 records/sec.
2880000 of 2948788 records processed (98%).
Estimated finish: 2016-09-06 11:55:42.
Starting batch at 2016-09-06 11:49:09.
First record: 2880001
Completed batch 2016-09-06 11:49:58 at 162.806196 records/sec.
2888000 of 2948788 records processed (98%).
Estimated finish: 2016-09-06 11:55:46.
Starting batch at 2016-09-06 11:49:58.
First record: 2888001
Completed batch 2016-09-06 11:50:45 at 169.856775 records/sec.
2896000 of 2948788 records processed (98%).
Estimated finish: 2016-09-06 11:55:47.
Starting batch at 2016-09-06 11:50:45.
First record: 2896001
Completed batch 2016-09-06 11:51:30 at 181.373495 records/sec.
2904000 of 2948788 records processed (98%).
Estimated finish: 2016-09-06 11:55:45.
Starting batch at 2016-09-06 11:51:30.
First record: 2904001
Completed batch 2016-09-06 11:52:10 at 199.576295 records/sec.
2912000 of 2948788 records processed (99%).
Estimated finish: 2016-09-06 11:55:40.
Starting batch at 2016-09-06 11:52:10.
First record: 2912001
Completed batch 2016-09-06 11:52:46 at 221.583207 records/sec.
2920000 of 2948788 records processed (99%).
Estimated finish: 2016-09-06 11:55:30.
Starting batch at 2016-09-06 11:52:46.
First record: 2920001
Completed batch 2016-09-06 11:53:28 at 190.075164 records/sec.
2928000 of 2948788 records processed (99%).
Estimated finish: 2016-09-06 11:55:26.
Starting batch at 2016-09-06 11:53:28.
First record: 2928001
Completed batch 2016-09-06 11:54:13 at 177.337437 records/sec.
2936000 of 2948788 records processed (100%).
Estimated finish: 2016-09-06 11:55:26.
Starting batch at 2016-09-06 11:54:13.
First record: 2936001
Completed batch 2016-09-06 11:55:27 at 107.895654 records/sec.
2944000 of 2948788 records processed (100%).
Estimated finish: 2016-09-06 11:55:54.
Starting batch at 2016-09-06 11:55:27.
First record: 2944001
Completed batch 2016-09-06 11:56:34 at 71.358235 records/sec.
2948788 of 2948788 records processed (100%).
Estimated finish: 2016-09-06 11:56:34.
