nohup: ignoring input
Starting batch at 2016-09-26 10:53:33.
First record: 'https://uk.linkedin.com/in/will-bradbury-46918683/de'
Completed batch 2016-09-26 10:54:17 at 181.016992 records/sec.
8000 of 90584 records processed (9%).
Estimated finish: 2016-09-26 11:32:03.
Starting batch at 2016-09-26 10:54:17.
First record: 'https://uk.linkedin.com/in/will-mclay-6341a569'
Completed batch 2016-09-26 10:54:59 at 190.182870 records/sec.
16000 of 90584 records processed (18%).
Estimated finish: 2016-09-26 11:15:18.
Starting batch at 2016-09-26 10:54:59.
First record: 'https://uk.linkedin.com/in/w-john-kendall-8762a256'
Completed batch 2016-09-26 10:55:40 at 194.789830 records/sec.
24000 of 90584 records processed (26%).
Estimated finish: 2016-09-26 11:09:40.
Starting batch at 2016-09-26 10:55:40.
First record: 'https://uk.linkedin.com/in/yakovboglev'
Completed batch 2016-09-26 10:56:16 at 221.806139 records/sec.
32000 of 90584 records processed (35%).
Estimated finish: 2016-09-26 11:06:36.
Starting batch at 2016-09-26 10:56:16.
First record: 'https://uk.linkedin.com/in/yogeeta-mardania-5b0b9750'
Completed batch 2016-09-26 10:56:51 at 228.144271 records/sec.
40000 of 90584 records processed (44%).
Estimated finish: 2016-09-26 11:04:44.
Starting batch at 2016-09-26 10:56:51.
First record: 'https://uk.linkedin.com/in/yvonne-mc-coy-72654b45'
Completed batch 2016-09-26 10:57:29 at 210.160824 records/sec.
48000 of 90584 records processed (53%).
Estimated finish: 2016-09-26 11:03:35.
Starting batch at 2016-09-26 10:57:29.
First record: 'https://uk.linkedin.com/in/zdenka-sefton-525b3893'
Completed batch 2016-09-26 10:58:07 at 210.103902 records/sec.
56000 of 90584 records processed (62%).
Estimated finish: 2016-09-26 11:02:45.
Starting batch at 2016-09-26 10:58:07.
First record: 'https://uk.linkedin.com/in/zoe-rashwan-43aa28b9'
Completed batch 2016-09-26 10:58:38 at 266.085704 records/sec.
64000 of 90584 records processed (71%).
Estimated finish: 2016-09-26 11:01:57.
Starting batch at 2016-09-26 10:58:38.
First record: 'https://uk.linkedin.com/pub/ken-skinner/a2/a3b/7a8'
Completed batch 2016-09-26 10:58:39 at 7684.261384 records/sec.
72000 of 90584 records processed (79%).
Estimated finish: 2016-09-26 11:00:43.
Starting batch at 2016-09-26 10:58:39.
First record: 'https://uk.linkedin.com/pub/matthew-napier/62/91/765'
Completed batch 2016-09-26 10:59:23 at 181.422981 records/sec.
80000 of 90584 records processed (88%).
Estimated finish: 2016-09-26 11:00:32.
Starting batch at 2016-09-26 10:59:23.
First record: 'http://uk.linkedin.com/in/berodsat'
Completed batch 2016-09-26 11:00:21 at 137.719623 records/sec.
88000 of 90584 records processed (97%).
Estimated finish: 2016-09-26 11:00:38.
Starting batch at 2016-09-26 11:00:21.
First record: 'http://uk.linkedin.com/in/mariedrage'
Completed batch 2016-09-26 11:01:02 at 62.936485 records/sec.
90584 of 90584 records processed (100%).
Estimated finish: 2016-09-26 11:01:02.
