nohup: ignoring input
Starting batch at 2016-09-23 12:26:59.
First record: 'http://ca.linkedin.com/in/patwijayasekara'
Completed batch 2016-09-23 12:27:43 at 184.452652 records/sec.
8000 of 3228361 records processed (0%).
Estimated finish: 2016-09-24 07:41:52.
Starting batch at 2016-09-23 12:27:43.
First record: 'https://uk.linkedin.com/in/abayomi-james-b5122383'
Completed batch 2016-09-23 12:28:18 at 228.141935 records/sec.
16000 of 3228361 records processed (0%).
Estimated finish: 2016-09-24 00:01:17.
Starting batch at 2016-09-23 12:28:18.
First record: 'https://uk.linkedin.com/in/ab-hooijer-a966302b'
Completed batch 2016-09-23 12:28:58 at 199.572849 records/sec.
24000 of 3228361 records processed (1%).
Estimated finish: 2016-09-23 21:39:00.
Starting batch at 2016-09-23 12:28:58.
First record: 'https://uk.linkedin.com/in/abi-langley-5692a43'
Completed batch 2016-09-23 12:29:37 at 204.655865 records/sec.
32000 of 3228361 records processed (1%).
Estimated finish: 2016-09-23 20:26:12.
Starting batch at 2016-09-23 12:29:37.
First record: 'https://uk.linkedin.com/in/a-celia-wright-329b4536'
Completed batch 2016-09-23 12:30:15 at 210.153586 records/sec.
40000 of 3228361 records processed (1%).
Estimated finish: 2016-09-23 19:41:08.
Starting batch at 2016-09-23 12:30:15.
First record: 'https://uk.linkedin.com/in/adam-pisialek-5ba93821'
Completed batch 2016-09-23 12:30:51 at 221.666142 records/sec.
48000 of 3228361 records processed (1%).
Estimated finish: 2016-09-23 19:08:52.
Starting batch at 2016-09-23 12:30:51.
First record: 'https://uk.linkedin.com/in/adel-shiraz-4946abba'
Completed batch 2016-09-23 12:31:23 at 249.506437 records/sec.
56000 of 3228361 records processed (2%).
Estimated finish: 2016-09-23 18:41:58.
Starting batch at 2016-09-23 12:31:23.
First record: 'https://uk.linkedin.com/in/aditya-gangwar-808b2359'
Completed batch 2016-09-23 12:32:03 at 199.406163 records/sec.
64000 of 3228361 records processed (2%).
Estimated finish: 2016-09-23 18:28:33.
Starting batch at 2016-09-23 12:32:03.
First record: 'https://uk.linkedin.com/in/adri%C3%A1n-crespo-755b57b9'
Completed batch 2016-09-23 12:32:41 at 215.816547 records/sec.
72000 of 3228361 records processed (2%).
Estimated finish: 2016-09-23 18:15:51.
Starting batch at 2016-09-23 12:32:41.
First record: 'https://uk.linkedin.com/in/aggie-jarmi-9a058a34'
Completed batch 2016-09-23 12:33:14 at 241.925678 records/sec.
80000 of 3228361 records processed (2%).
Estimated finish: 2016-09-23 18:02:59.
Starting batch at 2016-09-23 12:33:14.
First record: 'https://uk.linkedin.com/in/a-ibrahim-fadlalla-39705987'
Completed batch 2016-09-23 12:33:52 at 210.118045 records/sec.
88000 of 3228361 records processed (3%).
Estimated finish: 2016-09-23 17:55:31.
Starting batch at 2016-09-23 12:33:52.
First record: 'https://uk.linkedin.com/in/aimee-hinds-55ab5591'
Completed batch 2016-09-23 12:34:29 at 215.809881 records/sec.
96000 of 3228361 records processed (3%).
Estimated finish: 2016-09-23 17:48:45.
Starting batch at 2016-09-23 12:34:29.
First record: 'https://uk.linkedin.com/in/akachukwu-chika-1816a7b5'
Completed batch 2016-09-23 12:35:03 at 234.883403 records/sec.
104000 of 3228361 records processed (3%).
Estimated finish: 2016-09-23 17:41:27.
Starting batch at 2016-09-23 12:35:03.
First record: 'https://uk.linkedin.com/in/alan-buckfast-4664a56'
Completed batch 2016-09-23 12:35:42 at 204.735365 records/sec.
112000 of 3228361 records processed (3%).
Estimated finish: 2016-09-23 17:37:37.
Starting batch at 2016-09-23 12:35:42.
First record: 'https://uk.linkedin.com/in/al-asaria-a9579026'
Completed batch 2016-09-23 12:36:18 at 221.817965 records/sec.
120000 of 3228361 records processed (4%).
Estimated finish: 2016-09-23 17:32:56.
Starting batch at 2016-09-23 12:36:18.
First record: 'https://uk.linkedin.com/in/aleander-lynda-5bb06294'
Completed batch 2016-09-23 12:36:57 at 204.625807 records/sec.
128000 of 3228361 records processed (4%).
Estimated finish: 2016-09-23 17:30:07.
Starting batch at 2016-09-23 12:36:57.
First record: 'https://uk.linkedin.com/in/alessio-nesi-24651a72'
Completed batch 2016-09-23 12:37:36 at 204.713744 records/sec.
136000 of 3228361 records processed (4%).
Estimated finish: 2016-09-23 17:27:37.
Starting batch at 2016-09-23 12:37:36.
First record: 'https://uk.linkedin.com/in/alex-bourret-68b4b2'
Completed batch 2016-09-23 12:38:12 at 221.811292 records/sec.
144000 of 3228361 records processed (4%).
Estimated finish: 2016-09-23 17:24:16.
Starting batch at 2016-09-23 12:38:12.
First record: 'https://uk.linkedin.com/in/alex-kavakeb-4351715'
Completed batch 2016-09-23 12:38:49 at 215.839955 records/sec.
152000 of 3228361 records processed (5%).
Estimated finish: 2016-09-23 17:21:38.
Starting batch at 2016-09-23 12:38:49.
First record: 'https://uk.linkedin.com/in/algimantas-cepla-17237793'
Completed batch 2016-09-23 12:39:24 at 228.078973 records/sec.
160000 of 3228361 records processed (5%).
Estimated finish: 2016-09-23 17:18:35.
Starting batch at 2016-09-23 12:39:24.
First record: 'https://uk.linkedin.com/in/ali-dermanc%C4%B1-445330b6'
Completed batch 2016-09-23 12:39:57 at 241.923534 records/sec.
168000 of 3228361 records processed (5%).
Estimated finish: 2016-09-23 17:15:11.
Starting batch at 2016-09-23 12:39:57.
First record: 'https://uk.linkedin.com/in/ali-tossi-5a747035'
Completed batch 2016-09-23 12:40:30 at 241.933755 records/sec.
176000 of 3228361 records processed (5%).
Estimated finish: 2016-09-23 17:12:06.
Starting batch at 2016-09-23 12:40:30.
First record: 'https://uk.linkedin.com/in/al-macintyre-a261012a'
Completed batch 2016-09-23 12:41:03 at 249.447489 records/sec.
184000 of 3228361 records processed (6%).
Estimated finish: 2016-09-23 17:08:59.
Starting batch at 2016-09-23 12:41:03.
First record: 'https://uk.linkedin.com/in/al-work-56125169'
Completed batch 2016-09-23 12:41:36 at 241.937011 records/sec.
192000 of 3228361 records processed (6%).
Estimated finish: 2016-09-23 17:06:25.
Starting batch at 2016-09-23 12:41:36.
First record: 'https://uk.linkedin.com/in/amanda-augustine-4a62b224'
Completed batch 2016-09-23 12:42:11 at 228.138799 records/sec.
200000 of 3228361 records processed (6%).
Estimated finish: 2016-09-23 17:04:35.
Starting batch at 2016-09-23 12:42:11.
First record: 'https://uk.linkedin.com/in/amar-sindwani-606480a9'
Completed batch 2016-09-23 12:42:46 at 228.191841 records/sec.
208000 of 3228361 records processed (6%).
Estimated finish: 2016-09-23 17:02:54.
Starting batch at 2016-09-23 12:42:46.
First record: 'https://uk.linkedin.com/in/amine-berrada-90797065'
Completed batch 2016-09-23 12:43:19 at 241.952069 records/sec.
216000 of 3228361 records processed (7%).
Estimated finish: 2016-09-23 17:00:50.
Starting batch at 2016-09-23 12:43:19.
First record: 'https://uk.linkedin.com/in/amy-elizabeth-wilson-a2934146'
Completed batch 2016-09-23 12:43:52 at 241.943815 records/sec.
224000 of 3228361 records processed (7%).
Estimated finish: 2016-09-23 16:58:55.
Starting batch at 2016-09-23 12:43:52.
First record: 'https://uk.linkedin.com/in/anargyros-argyris-psychogyios-cmgr-mcmi-2ab8a25'
Completed batch 2016-09-23 12:44:28 at 221.745230 records/sec.
232000 of 3228361 records processed (7%).
Estimated finish: 2016-09-23 16:57:50.
Starting batch at 2016-09-23 12:44:28.
First record: 'https://uk.linkedin.com/in/andre-auganov-28b06910'
Completed batch 2016-09-23 12:45:02 at 234.875893 records/sec.
240000 of 3228361 records processed (7%).
Estimated finish: 2016-09-23 16:56:23.
Starting batch at 2016-09-23 12:45:02.
First record: 'https://uk.linkedin.com/in/andrew-aj-tonge-91716196'
Completed batch 2016-09-23 12:45:48 at 173.628809 records/sec.
248000 of 3228361 records processed (8%).
Estimated finish: 2016-09-23 16:57:37.
Starting batch at 2016-09-23 12:45:48.
First record: 'https://uk.linkedin.com/in/andrew-levell-02a03090'
Completed batch 2016-09-23 12:46:32 at 181.504262 records/sec.
256000 of 3228361 records processed (8%).
Estimated finish: 2016-09-23 16:58:21.
Starting batch at 2016-09-23 12:46:32.
First record: 'https://uk.linkedin.com/in/andria-evripidou-8294b12b'
Completed batch 2016-09-23 12:47:10 at 210.111843 records/sec.
264000 of 3228361 records processed (8%).
Estimated finish: 2016-09-23 16:57:50.
Starting batch at 2016-09-23 12:47:10.
First record: 'https://uk.linkedin.com/in/andy-parlett-78729586'
Completed batch 2016-09-23 12:47:45 at 228.144375 records/sec.
272000 of 3228361 records processed (8%).
Estimated finish: 2016-09-23 16:56:44.
Starting batch at 2016-09-23 12:47:45.
First record: 'https://uk.linkedin.com/in/angela-huntley-b495b59b'
Completed batch 2016-09-23 12:48:18 at 241.915494 records/sec.
280000 of 3228361 records processed (9%).
Estimated finish: 2016-09-23 16:55:19.
Starting batch at 2016-09-23 12:48:18.
First record: 'https://uk.linkedin.com/in/angharad-hulse-5009ba79'
Completed batch 2016-09-23 12:48:52 at 234.856497 records/sec.
288000 of 3228361 records processed (9%).
Estimated finish: 2016-09-23 16:54:10.
Starting batch at 2016-09-23 12:48:52.
First record: 'https://uk.linkedin.com/in/anita-carmock-86a8b76a'
Completed batch 2016-09-23 12:49:27 at 228.150231 records/sec.
296000 of 3228361 records processed (9%).
Estimated finish: 2016-09-23 16:53:16.
Starting batch at 2016-09-23 12:49:27.
First record: 'https://uk.linkedin.com/in/anna-carretas-000aaa42'
Completed batch 2016-09-23 12:50:04 at 221.676252 records/sec.
304000 of 3228361 records processed (9%).
Estimated finish: 2016-09-23 16:52:35.
Starting batch at 2016-09-23 12:50:04.
First record: 'https://uk.linkedin.com/in/ann-chesson-a19877a6'
Completed batch 2016-09-23 12:50:37 at 241.888854 records/sec.
312000 of 3228361 records processed (10%).
Estimated finish: 2016-09-23 16:51:26.
Starting batch at 2016-09-23 12:50:37.
First record: 'https://uk.linkedin.com/in/anne-georgeson-76204939'
Completed batch 2016-09-23 12:51:09 at 249.495147 records/sec.
320000 of 3228361 records processed (10%).
Estimated finish: 2016-09-23 16:50:09.
Starting batch at 2016-09-23 12:51:09.
First record: 'https://uk.linkedin.com/in/anne-wulkau-8bb14977'
Completed batch 2016-09-23 12:51:41 at 249.536618 records/sec.
328000 of 3228361 records processed (10%).
Estimated finish: 2016-09-23 16:48:57.
Starting batch at 2016-09-23 12:51:41.
First record: 'https://uk.linkedin.com/in/ann-marie-reay-67893047'
Completed batch 2016-09-23 12:52:13 at 249.506468 records/sec.
336000 of 3228361 records processed (10%).
Estimated finish: 2016-09-23 16:47:47.
Starting batch at 2016-09-23 12:52:13.
First record: 'https://uk.linkedin.com/in/anthony-foxwell-aa08a676'
Completed batch 2016-09-23 12:52:46 at 241.999936 records/sec.
344000 of 3228361 records processed (11%).
Estimated finish: 2016-09-23 16:46:51.
Starting batch at 2016-09-23 12:52:46.
First record: 'https://uk.linkedin.com/in/anton-simanenka-08008622'
Completed batch 2016-09-23 12:53:20 at 234.878507 records/sec.
352000 of 3228361 records processed (11%).
Estimated finish: 2016-09-23 16:46:06.
Starting batch at 2016-09-23 12:53:20.
First record: 'https://uk.linkedin.com/in/anya-prosper-97a24776'
Completed batch 2016-09-23 12:53:53 at 242.003435 records/sec.
360000 of 3228361 records processed (11%).
Estimated finish: 2016-09-23 16:45:14.
Starting batch at 2016-09-23 12:53:53.
First record: 'https://uk.linkedin.com/in/ariana-watson-66849bab'
Completed batch 2016-09-23 12:54:25 at 249.468009 records/sec.
368000 of 3228361 records processed (11%).
Estimated finish: 2016-09-23 16:44:16.
Starting batch at 2016-09-23 12:54:25.
First record: 'https://uk.linkedin.com/in/arron-perill-aa55a635'
Completed batch 2016-09-23 12:54:56 at 257.526601 records/sec.
376000 of 3228361 records processed (12%).
Estimated finish: 2016-09-23 16:43:11.
Starting batch at 2016-09-23 12:54:56.
First record: 'https://uk.linkedin.com/in/asdfadsf-sdfadsfads-02312a33'
Completed batch 2016-09-23 12:55:30 at 234.898555 records/sec.
384000 of 3228361 records processed (12%).
Estimated finish: 2016-09-23 16:42:35.
Starting batch at 2016-09-23 12:55:30.
First record: 'https://uk.linkedin.com/in/ashraf-chudhury-b4b13856'
Completed batch 2016-09-23 12:56:03 at 242.019220 records/sec.
392000 of 3228361 records processed (12%).
Estimated finish: 2016-09-23 16:41:51.
Starting batch at 2016-09-23 12:56:03.
First record: 'https://uk.linkedin.com/in/athur-mansuri-56104568'
Completed batch 2016-09-23 12:56:32 at 275.340858 records/sec.
400000 of 3228361 records processed (12%).
Estimated finish: 2016-09-23 16:40:37.
Starting batch at 2016-09-23 12:56:32.
First record: 'https://uk.linkedin.com/in/austin-abengowe-b5357894'
Completed batch 2016-09-23 12:57:03 at 257.512434 records/sec.
408000 of 3228361 records processed (13%).
Estimated finish: 2016-09-23 16:39:42.
Starting batch at 2016-09-23 12:57:03.
First record: 'https://uk.linkedin.com/in/ayodele-adejolu-125853a2'
Completed batch 2016-09-23 12:57:35 at 249.558220 records/sec.
416000 of 3228361 records processed (13%).
Estimated finish: 2016-09-23 16:38:57.
Starting batch at 2016-09-23 12:57:35.
First record: 'https://uk.linkedin.com/in/baines-nick-a4489813'
Completed batch 2016-09-23 12:58:09 at 241.886265 records/sec.
424000 of 3228361 records processed (13%).
Estimated finish: 2016-09-23 16:38:21.
Starting batch at 2016-09-23 12:58:09.
First record: 'https://uk.linkedin.com/in/barbara-santiago-6809a49'
Completed batch 2016-09-23 12:58:45 at 221.764267 records/sec.
432000 of 3228361 records processed (13%).
Estimated finish: 2016-09-23 16:38:09.
Starting batch at 2016-09-23 12:58:45.
First record: 'https://uk.linkedin.com/in/bartek-swiazdek-08169775'
Completed batch 2016-09-23 12:59:20 at 228.136548 records/sec.
440000 of 3228361 records processed (14%).
Estimated finish: 2016-09-23 16:37:50.
Starting batch at 2016-09-23 12:59:20.
First record: 'https://uk.linkedin.com/in/becca-chalk-415b5493'
Completed batch 2016-09-23 12:59:55 at 228.111881 records/sec.
448000 of 3228361 records processed (14%).
Estimated finish: 2016-09-23 16:37:32.
Starting batch at 2016-09-23 12:59:55.
First record: 'https://uk.linkedin.com/in/belmont-hilda-renner-acma-cgma-b21b013'
Completed batch 2016-09-23 13:00:38 at 185.732046 records/sec.
456000 of 3228361 records processed (14%).
Estimated finish: 2016-09-23 16:38:11.
Starting batch at 2016-09-23 13:00:38.
First record: 'https://uk.linkedin.com/in/ben-loveridge-145b6869'
Completed batch 2016-09-23 13:01:17 at 204.728716 records/sec.
464000 of 3228361 records processed (14%).
Estimated finish: 2016-09-23 16:38:20.
Starting batch at 2016-09-23 13:01:17.
First record: 'https://uk.linkedin.com/in/bernice-riley-10a16544'
Completed batch 2016-09-23 13:01:53 at 221.778714 records/sec.
472000 of 3228361 records processed (15%).
Estimated finish: 2016-09-23 16:38:09.
Starting batch at 2016-09-23 13:01:53.
First record: 'https://uk.linkedin.com/in/betty-kalli-08629327'
Completed batch 2016-09-23 13:02:30 at 215.731997 records/sec.
480000 of 3228361 records processed (15%).
Estimated finish: 2016-09-23 16:38:06.
Starting batch at 2016-09-23 13:02:30.
First record: 'https://uk.linkedin.com/in/biancha-samuel-ab53b031'
Completed batch 2016-09-23 13:03:07 at 215.836973 records/sec.
488000 of 3228361 records processed (15%).
Estimated finish: 2016-09-23 16:38:02.
Starting batch at 2016-09-23 13:03:07.
First record: 'https://uk.linkedin.com/in/bill-woolliscroft-440b10bb'
Completed batch 2016-09-23 13:03:41 at 234.873418 records/sec.
496000 of 3228361 records processed (15%).
Estimated finish: 2016-09-23 16:37:38.
Starting batch at 2016-09-23 13:03:41.
First record: 'https://uk.linkedin.com/in/blatsos-joanna-82135871'
Completed batch 2016-09-23 13:04:13 at 249.511433 records/sec.
504000 of 3228361 records processed (16%).
Estimated finish: 2016-09-23 16:37:03.
Starting batch at 2016-09-23 13:04:13.
First record: 'https://uk.linkedin.com/in/bogdan-horobet-8b86a491'
Completed batch 2016-09-23 13:04:48 at 228.058616 records/sec.
512000 of 3228361 records processed (16%).
Estimated finish: 2016-09-23 16:36:48.
Starting batch at 2016-09-23 13:04:48.
First record: 'https://uk.linkedin.com/in/brahem-mneimneh-aa39a27b'
Completed batch 2016-09-23 13:05:26 at 210.076117 records/sec.
520000 of 3228361 records processed (16%).
Estimated finish: 2016-09-23 16:36:52.
Starting batch at 2016-09-23 13:05:26.
First record: 'https://uk.linkedin.com/in/brian-chubb-19633863'
Completed batch 2016-09-23 13:06:01 at 228.037398 records/sec.
528000 of 3228361 records processed (16%).
Estimated finish: 2016-09-23 16:36:37.
Starting batch at 2016-09-23 13:06:01.
First record: 'https://uk.linkedin.com/in/briony-mather-irvine-b4a85290'
Completed batch 2016-09-23 13:06:42 at 199.645191 records/sec.
536000 of 3228361 records processed (17%).
Estimated finish: 2016-09-23 16:36:53.
Starting batch at 2016-09-23 13:06:42.
First record: 'https://uk.linkedin.com/in/%C3%B6mer-devrim-karatop-49500428'
Completed batch 2016-09-23 13:07:19 at 215.857514 records/sec.
544000 of 3228361 records processed (17%).
Estimated finish: 2016-09-23 16:36:50.
Starting batch at 2016-09-23 13:07:19.
First record: 'https://uk.linkedin.com/in/caitlin-pocknell-b4b83b89'
Completed batch 2016-09-23 13:07:54 at 228.104655 records/sec.
552000 of 3228361 records processed (17%).
Estimated finish: 2016-09-23 16:36:36.
Starting batch at 2016-09-23 13:07:54.
First record: 'https://uk.linkedin.com/in/caolan-mc-bride-a3006828'
Completed batch 2016-09-23 13:08:29 at 227.915955 records/sec.
560000 of 3228361 records processed (17%).
Estimated finish: 2016-09-23 16:36:23.
Starting batch at 2016-09-23 13:08:29.
First record: 'https://uk.linkedin.com/in/carl-whitcombe-848a6580'
Completed batch 2016-09-23 13:08:59 at 266.104919 records/sec.
568000 of 3228361 records processed (18%).
Estimated finish: 2016-09-23 16:35:41.
Starting batch at 2016-09-23 13:08:59.
First record: 'https://uk.linkedin.com/in/carol-keelite-83609a49'
Completed batch 2016-09-23 13:09:30 at 257.527140 records/sec.
576000 of 3228361 records processed (18%).
Estimated finish: 2016-09-23 16:35:06.
Starting batch at 2016-09-23 13:09:30.
First record: 'https://uk.linkedin.com/in/car-vel-8b1b6ab1'
Completed batch 2016-09-23 13:10:10 at 199.587303 records/sec.
584000 of 3228361 records processed (18%).
Estimated finish: 2016-09-23 16:35:22.
Starting batch at 2016-09-23 13:10:10.
First record: 'https://uk.linkedin.com/in/cesur-%C3%B6zkele%C5%9F-b7310730'
Completed batch 2016-09-23 13:10:54 at 181.492251 records/sec.
592000 of 3228361 records processed (18%).
Estimated finish: 2016-09-23 16:35:59.
Starting batch at 2016-09-23 13:10:54.
First record: 'https://uk.linkedin.com/in/cheryl-anne-fourie-77b29a40'
Completed batch 2016-09-23 13:11:32 at 210.152421 records/sec.
600000 of 3228361 records processed (19%).
Estimated finish: 2016-09-23 16:36:03.
Starting batch at 2016-09-23 13:11:32.
First record: 'https://uk.linkedin.com/in/chloe-marjot-2b6b9bb1'
Completed batch 2016-09-23 13:12:15 at 185.754346 records/sec.
608000 of 3228361 records processed (19%).
Estimated finish: 2016-09-23 16:36:34.
Starting batch at 2016-09-23 13:12:15.
First record: 'https://uk.linkedin.com/in/chris-moore-mbe-55178199'
Completed batch 2016-09-23 13:12:57 at 190.183041 records/sec.
616000 of 3228361 records processed (19%).
Estimated finish: 2016-09-23 16:36:58.
Starting batch at 2016-09-23 13:12:57.
First record: 'https://uk.linkedin.com/in/christine-aagaard-6a49a550'
Completed batch 2016-09-23 13:13:38 at 194.801351 records/sec.
624000 of 3228361 records processed (19%).
Estimated finish: 2016-09-23 16:37:17.
Starting batch at 2016-09-23 13:13:38.
First record: 'https://uk.linkedin.com/in/chris-wilkins-mcips-60652b44'
Completed batch 2016-09-23 13:14:16 at 210.130960 records/sec.
632000 of 3228361 records processed (20%).
Estimated finish: 2016-09-23 16:37:19.
Starting batch at 2016-09-23 13:14:16.
First record: 'https://uk.linkedin.com/in/claire-nyarko-jacobs-56892b8b'
Completed batch 2016-09-23 13:14:55 at 204.719973 records/sec.
640000 of 3228361 records processed (20%).
Estimated finish: 2016-09-23 16:37:27.
Starting batch at 2016-09-23 13:14:55.
First record: 'https://uk.linkedin.com/in/claudia-salmanis-a35ab729'
Completed batch 2016-09-23 13:15:31 at 228.139645 records/sec.
648000 of 3228361 records processed (20%).
Estimated finish: 2016-09-23 16:37:15.
Starting batch at 2016-09-23 13:15:31.
First record: 'https://uk.linkedin.com/in/colin-chittock-99b4748b'
Completed batch 2016-09-23 13:16:04 at 241.966844 records/sec.
656000 of 3228361 records processed (20%).
Estimated finish: 2016-09-23 16:36:53.
Starting batch at 2016-09-23 13:16:04.
First record: 'https://uk.linkedin.com/in/corey-jappy-9b623870'
Completed batch 2016-09-23 13:16:40 at 221.779335 records/sec.
664000 of 3228361 records processed (21%).
Estimated finish: 2016-09-23 16:36:46.
Starting batch at 2016-09-23 13:16:40.
First record: 'https://uk.linkedin.com/in/%D0%B0%D1%80%D0%B7%D1%83%D0%BC%D0%B0%D0%BD-%D0%B3%D0%B0%D0%B1%D0%B8%D1%82%D0%BE%D0%B2-6b211a65'
Completed batch 2016-09-23 13:17:09 at 275.314667 records/sec.
672000 of 3228361 records processed (21%).
Estimated finish: 2016-09-23 16:36:06.
Starting batch at 2016-09-23 13:17:09.
First record: 'https://uk.linkedin.com/in/daddy-haynes-07aaa62b'
Completed batch 2016-09-23 13:17:51 at 190.146083 records/sec.
680000 of 3228361 records processed (21%).
Estimated finish: 2016-09-23 16:36:28.
Starting batch at 2016-09-23 13:17:51.
First record: 'https://uk.linkedin.com/in/damola-taiwo-829939b1'
Completed batch 2016-09-23 13:18:36 at 177.468907 records/sec.
688000 of 3228361 records processed (21%).
Estimated finish: 2016-09-23 16:37:04.
Starting batch at 2016-09-23 13:18:36.
First record: 'https://uk.linkedin.com/in/daniel-horly-4b43b382'
Completed batch 2016-09-23 13:19:20 at 181.527515 records/sec.
696000 of 3228361 records processed (22%).
Estimated finish: 2016-09-23 16:37:34.
Starting batch at 2016-09-23 13:19:20.
First record: 'https://uk.linkedin.com/in/dan-mckinlay-5a524560'
Completed batch 2016-09-23 13:19:59 at 204.745541 records/sec.
704000 of 3228361 records processed (22%).
Estimated finish: 2016-09-23 16:37:41.
Starting batch at 2016-09-23 13:19:59.
First record: 'https://uk.linkedin.com/in/darrell-ballantyne-1536174'
Completed batch 2016-09-23 13:20:41 at 190.157025 records/sec.
712000 of 3228361 records processed (22%).
Estimated finish: 2016-09-23 16:38:02.
Starting batch at 2016-09-23 13:20:41.
First record: 'https://uk.linkedin.com/in/dave-ivens-a21466104'
Completed batch 2016-09-23 13:21:22 at 194.728580 records/sec.
720000 of 3228361 records processed (22%).
Estimated finish: 2016-09-23 16:38:17.
Starting batch at 2016-09-23 13:21:22.
First record: 'https://uk.linkedin.com/in/david-haimes-9461b16'
Completed batch 2016-09-23 13:22:05 at 185.729381 records/sec.
728000 of 3228361 records processed (23%).
Estimated finish: 2016-09-23 16:38:41.
Starting batch at 2016-09-23 13:22:05.
First record: 'https://uk.linkedin.com/in/d%CE%B1y%CE%B1%CE%B7%CE%B1-1a0a7671'
Completed batch 2016-09-23 13:22:43 at 210.143633 records/sec.
736000 of 3228361 records processed (23%).
Estimated finish: 2016-09-23 16:38:42.
Starting batch at 2016-09-23 13:22:43.
First record: 'https://uk.linkedin.com/in/deb-hazelwood-4777033b'
Completed batch 2016-09-23 13:23:18 at 228.167390 records/sec.
744000 of 3228361 records processed (23%).
Estimated finish: 2016-09-23 16:38:31.
Starting batch at 2016-09-23 13:23:18.
First record: 'https://uk.linkedin.com/in/dee-inglis-78b577b6'
Completed batch 2016-09-23 13:23:53 at 228.085001 records/sec.
752000 of 3228361 records processed (23%).
Estimated finish: 2016-09-23 16:38:19.
Starting batch at 2016-09-23 13:23:53.
First record: 'https://uk.linkedin.com/in/denis-rees-712261a7'
Completed batch 2016-09-23 13:24:29 at 228.113286 records/sec.
760000 of 3228361 records processed (24%).
Estimated finish: 2016-09-23 16:38:08.
Starting batch at 2016-09-23 13:24:29.
First record: 'https://uk.linkedin.com/in/devi-janni-a8489522'
Completed batch 2016-09-23 13:25:04 at 228.127278 records/sec.
768000 of 3228361 records processed (24%).
Estimated finish: 2016-09-23 16:37:57.
Starting batch at 2016-09-23 13:25:04.
First record: 'https://uk.linkedin.com/in/dianne-hartley-7b921122'
Completed batch 2016-09-23 13:25:43 at 204.699863 records/sec.
776000 of 3228361 records processed (24%).
Estimated finish: 2016-09-23 16:38:03.
Starting batch at 2016-09-23 13:25:43.
First record: 'https://uk.linkedin.com/in/dionne-pitters-2671b95a'
Completed batch 2016-09-23 13:26:22 at 204.607594 records/sec.
784000 of 3228361 records processed (24%).
Estimated finish: 2016-09-23 16:38:09.
Starting batch at 2016-09-23 13:26:22.
First record: 'https://uk.linkedin.com/in/dom-sylvester-b8ab1119'
Completed batch 2016-09-23 13:27:04 at 190.097945 records/sec.
792000 of 3228361 records processed (25%).
Estimated finish: 2016-09-23 16:38:27.
Starting batch at 2016-09-23 13:27:04.
First record: 'https://uk.linkedin.com/in/donna-allan-2b749356'
Completed batch 2016-09-23 13:27:41 at 215.740846 records/sec.
800000 of 3228361 records processed (25%).
Estimated finish: 2016-09-23 16:38:25.
Starting batch at 2016-09-23 13:27:41.
First record: 'https://uk.linkedin.com/in/don-steel-a3967537'
Completed batch 2016-09-23 13:28:13 at 249.330066 records/sec.
808000 of 3228361 records processed (25%).
Estimated finish: 2016-09-23 16:38:02.
Starting batch at 2016-09-23 13:28:13.
First record: 'https://uk.linkedin.com/in/dot-peryer-349957a6'
Completed batch 2016-09-23 13:28:53 at 199.668695 records/sec.
816000 of 3228361 records processed (25%).
Estimated finish: 2016-09-23 16:38:12.
Starting batch at 2016-09-23 13:28:53.
First record: 'https://uk.linkedin.com/in/dr-iain-keith-1a48a57b'
Completed batch 2016-09-23 13:29:42 at 162.983793 records/sec.
824000 of 3228361 records processed (26%).
Estimated finish: 2016-09-23 16:38:57.
Starting batch at 2016-09-23 13:29:42.
First record: 'https://uk.linkedin.com/in/dr-tony-trapp-freng-dl-36597aa'
Completed batch 2016-09-23 13:30:23 at 194.766730 records/sec.
832000 of 3228361 records processed (26%).
Estimated finish: 2016-09-23 16:39:10.
Starting batch at 2016-09-23 13:30:23.
First record: 'https://uk.linkedin.com/in/%E4%B8%BB%E5%96%84-%E9%99%88-46847a91'
Completed batch 2016-09-23 13:31:00 at 215.821857 records/sec.
840000 of 3228361 records processed (26%).
Estimated finish: 2016-09-23 16:39:07.
Starting batch at 2016-09-23 13:31:00.
First record: 'https://uk.linkedin.com/in/%E5%AE%89%E7%90%AA-%E4%BA%8E-729b84b6'
Completed batch 2016-09-23 13:31:37 at 215.805532 records/sec.
848000 of 3228361 records processed (26%).
Estimated finish: 2016-09-23 16:39:04.
Starting batch at 2016-09-23 13:31:37.
First record: 'https://uk.linkedin.com/in/ed-ochieng-54bb3737'
Completed batch 2016-09-23 13:32:16 at 204.775215 records/sec.
856000 of 3228361 records processed (27%).
Estimated finish: 2016-09-23 16:39:09.
Starting batch at 2016-09-23 13:32:16.
First record: 'https://uk.linkedin.com/in/edward-rooke-50779238'
Completed batch 2016-09-23 13:32:55 at 210.099383 records/sec.
864000 of 3228361 records processed (27%).
Estimated finish: 2016-09-23 16:39:10.
Starting batch at 2016-09-23 13:32:55.
First record: 'https://uk.linkedin.com/in/el%C3%A9na-powell-971a6b82'
Completed batch 2016-09-23 13:33:34 at 204.748696 records/sec.
872000 of 3228361 records processed (27%).
Estimated finish: 2016-09-23 16:39:14.
Starting batch at 2016-09-23 13:33:34.
First record: 'https://uk.linkedin.com/in/elexie-opara-06a29153'
Completed batch 2016-09-23 13:34:12 at 210.132102 records/sec.
880000 of 3228361 records processed (27%).
Estimated finish: 2016-09-23 16:39:15.
Starting batch at 2016-09-23 13:34:12.
First record: 'https://uk.linkedin.com/in/elizabeth-hume-6b0343a2'
Completed batch 2016-09-23 13:34:49 at 215.853967 records/sec.
888000 of 3228361 records processed (28%).
Estimated finish: 2016-09-23 16:39:13.
Starting batch at 2016-09-23 13:34:49.
First record: 'https://uk.linkedin.com/in/elliet-singo-41395896'
Completed batch 2016-09-23 13:35:29 at 199.641250 records/sec.
896000 of 3228361 records processed (28%).
Estimated finish: 2016-09-23 16:39:21.
Starting batch at 2016-09-23 13:35:29.
First record: 'https://uk.linkedin.com/in/emerson-caronan-5192a664'
Completed batch 2016-09-23 13:36:10 at 194.761552 records/sec.
904000 of 3228361 records processed (28%).
Estimated finish: 2016-09-23 16:39:32.
Starting batch at 2016-09-23 13:36:10.
First record: 'https://uk.linkedin.com/in/em-west-070539a6'
Completed batch 2016-09-23 13:36:50 at 199.565307 records/sec.
912000 of 3228361 records processed (28%).
Estimated finish: 2016-09-23 16:39:40.
Starting batch at 2016-09-23 13:36:50.
First record: 'https://uk.linkedin.com/in/english-training-91998161'
Completed batch 2016-09-23 13:37:28 at 210.172899 records/sec.
920000 of 3228361 records processed (28%).
Estimated finish: 2016-09-23 16:39:41.
Starting batch at 2016-09-23 13:37:28.
First record: 'https://uk.linkedin.com/in/erik-prenzlin-9b08995a'
Completed batch 2016-09-23 13:38:07 at 204.804042 records/sec.
928000 of 3228361 records processed (29%).
Estimated finish: 2016-09-23 16:39:45.
Starting batch at 2016-09-23 13:38:07.
First record: 'https://uk.linkedin.com/in/esti-bulldog-b9847374'
Completed batch 2016-09-23 13:38:44 at 215.829298 records/sec.
936000 of 3228361 records processed (29%).
Estimated finish: 2016-09-23 16:39:42.
Starting batch at 2016-09-23 13:38:44.
First record: 'https://uk.linkedin.com/in/eve-ruckwood-9100a35'
Completed batch 2016-09-23 13:39:23 at 204.750996 records/sec.
944000 of 3228361 records processed (29%).
Estimated finish: 2016-09-23 16:39:46.
Starting batch at 2016-09-23 13:39:23.
First record: 'https://uk.linkedin.com/in/faeeqa-mannan-9a02b281'
Completed batch 2016-09-23 13:39:56 at 241.986657 records/sec.
952000 of 3228361 records processed (29%).
Estimated finish: 2016-09-23 16:39:29.
Starting batch at 2016-09-23 13:39:56.
First record: 'https://uk.linkedin.com/in/fatima-akil-2880b2b0'
Completed batch 2016-09-23 13:40:33 at 215.825985 records/sec.
960000 of 3228361 records processed (30%).
Estimated finish: 2016-09-23 16:39:27.
Starting batch at 2016-09-23 13:40:33.
First record: 'https://uk.linkedin.com/in/fenn-wright-fenn-wright-190a4747'
Completed batch 2016-09-23 13:41:10 at 215.805201 records/sec.
968000 of 3228361 records processed (30%).
Estimated finish: 2016-09-23 16:39:24.
Starting batch at 2016-09-23 13:41:10.
First record: 'https://uk.linkedin.com/in/fiona-thornes-bab1369'
Completed batch 2016-09-23 13:41:44 at 241.923688 records/sec.
976000 of 3228361 records processed (30%).
Estimated finish: 2016-09-23 16:39:08.
Starting batch at 2016-09-23 13:41:44.
First record: 'https://uk.linkedin.com/in/frances-dawney-6a300a77'
Completed batch 2016-09-23 13:42:20 at 221.786172 records/sec.
984000 of 3228361 records processed (30%).
Estimated finish: 2016-09-23 16:39:03.
Starting batch at 2016-09-23 13:42:20.
First record: 'https://uk.linkedin.com/in/frank-mcall-0315252a'
Completed batch 2016-09-23 13:42:55 at 228.092539 records/sec.
992000 of 3228361 records processed (31%).
Estimated finish: 2016-09-23 16:38:54.
Starting batch at 2016-09-23 13:42:55.
First record: 'https://uk.linkedin.com/in/freya-beaumont-61296991'
Completed batch 2016-09-23 13:43:30 at 228.086809 records/sec.
1000000 of 3228361 records processed (31%).
Estimated finish: 2016-09-23 16:38:45.
Starting batch at 2016-09-23 13:43:30.
First record: 'https://uk.linkedin.com/in/gabriellenewton'
Completed batch 2016-09-23 13:44:03 at 241.921208 records/sec.
1008000 of 3228361 records processed (31%).
Estimated finish: 2016-09-23 16:38:30.
Starting batch at 2016-09-23 13:44:03.
First record: 'https://uk.linkedin.com/in/gambinomarco'
Completed batch 2016-09-23 13:44:49 at 173.638683 records/sec.
1016000 of 3228361 records processed (31%).
Estimated finish: 2016-09-23 16:38:57.
Starting batch at 2016-09-23 13:44:49.
First record: 'https://uk.linkedin.com/in/garry-fairbairn-9bb1b764'
Completed batch 2016-09-23 13:45:35 at 173.596287 records/sec.
1024000 of 3228361 records processed (32%).
Estimated finish: 2016-09-23 16:39:23.
Starting batch at 2016-09-23 13:45:35.
First record: 'https://uk.linkedin.com/in/gary-kiddle-508b33b5'
Completed batch 2016-09-23 13:46:23 at 166.369413 records/sec.
1032000 of 3228361 records processed (32%).
Estimated finish: 2016-09-23 16:39:55.
Starting batch at 2016-09-23 13:46:23.
First record: 'https://uk.linkedin.com/in/gavin-burke-8a8b9468'
Completed batch 2016-09-23 13:47:08 at 177.476809 records/sec.
1040000 of 3228361 records processed (32%).
Estimated finish: 2016-09-23 16:40:17.
Starting batch at 2016-09-23 13:47:08.
First record: 'https://uk.linkedin.com/in/g%C3%BClden-ikizo%C4%9Flu-82163943'
Completed batch 2016-09-23 13:47:52 at 181.497756 records/sec.
1048000 of 3228361 records processed (32%).
Estimated finish: 2016-09-23 16:40:36.
Starting batch at 2016-09-23 13:47:52.
First record: 'https://uk.linkedin.com/in/gemma-ransome-994890a8'
Completed batch 2016-09-23 13:48:35 at 185.731459 records/sec.
1056000 of 3228361 records processed (33%).
Estimated finish: 2016-09-23 16:40:51.
Starting batch at 2016-09-23 13:48:35.
First record: 'https://uk.linkedin.com/in/geoff-tucker-40665632'
Completed batch 2016-09-23 13:49:17 at 190.189887 records/sec.
1064000 of 3228361 records processed (33%).
Estimated finish: 2016-09-23 16:41:03.
Starting batch at 2016-09-23 13:49:17.
First record: 'https://uk.linkedin.com/in/george-penman-60984737'
Completed batch 2016-09-23 13:50:04 at 169.869662 records/sec.
1072000 of 3228361 records processed (33%).
Estimated finish: 2016-09-23 16:41:31.
Starting batch at 2016-09-23 13:50:04.
First record: 'https://uk.linkedin.com/in/georgi-warburton-167466aa'
Completed batch 2016-09-23 13:50:47 at 190.100222 records/sec.
1080000 of 3228361 records processed (33%).
Estimated finish: 2016-09-23 16:41:42.
Starting batch at 2016-09-23 13:50:47.
First record: 'https://uk.linkedin.com/in/gerard-tilley-a124721'
Completed batch 2016-09-23 13:51:23 at 221.807135 records/sec.
1088000 of 3228361 records processed (34%).
Estimated finish: 2016-09-23 16:41:36.
Starting batch at 2016-09-23 13:51:23.
First record: 'https://uk.linkedin.com/in/giancarlo-princigalli-7114a129'
Completed batch 2016-09-23 13:52:05 at 190.123209 records/sec.
1096000 of 3228361 records processed (34%).
Estimated finish: 2016-09-23 16:41:48.
Starting batch at 2016-09-23 13:52:05.
First record: 'https://uk.linkedin.com/in/gill-newsham-7aa48683'
Completed batch 2016-09-23 13:52:46 at 194.758091 records/sec.
1104000 of 3228361 records processed (34%).
Estimated finish: 2016-09-23 16:41:56.
Starting batch at 2016-09-23 13:52:46.
First record: 'https://uk.linkedin.com/in/giovanni-daffada-a1ba2367'
Completed batch 2016-09-23 13:53:30 at 181.504110 records/sec.
1112000 of 3228361 records processed (34%).
Estimated finish: 2016-09-23 16:42:13.
Starting batch at 2016-09-23 13:53:30.
First record: 'https://uk.linkedin.com/in/gloria-ayim-81898622'
Completed batch 2016-09-23 13:54:10 at 199.574527 records/sec.
1120000 of 3228361 records processed (35%).
Estimated finish: 2016-09-23 16:42:18.
Starting batch at 2016-09-23 13:54:10.
First record: 'https://uk.linkedin.com/in/gordon-newton-54312329'
Completed batch 2016-09-23 13:54:53 at 185.695163 records/sec.
1128000 of 3228361 records processed (35%).
Estimated finish: 2016-09-23 16:42:32.
Starting batch at 2016-09-23 13:54:53.
First record: 'https://uk.linkedin.com/in/graeme-muir-1666b53b'
Completed batch 2016-09-23 13:55:39 at 173.535246 records/sec.
1136000 of 3228361 records processed (35%).
Estimated finish: 2016-09-23 16:42:54.
Starting batch at 2016-09-23 13:55:39.
First record: 'https://uk.linkedin.com/in/graham-kay-99729512'
Completed batch 2016-09-23 13:56:25 at 173.593089 records/sec.
1144000 of 3228361 records processed (35%).
Estimated finish: 2016-09-23 16:43:16.
Starting batch at 2016-09-23 13:56:25.
First record: 'https://uk.linkedin.com/in/grant-fotheringham-28a02184'
Completed batch 2016-09-23 13:57:11 at 173.632823 records/sec.
1152000 of 3228361 records processed (36%).
Estimated finish: 2016-09-23 16:43:37.
Starting batch at 2016-09-23 13:57:11.
First record: 'https://uk.linkedin.com/in/gregsobczyk'
Completed batch 2016-09-23 13:57:54 at 185.698642 records/sec.
1160000 of 3228361 records processed (36%).
Estimated finish: 2016-09-23 16:43:50.
Starting batch at 2016-09-23 13:57:54.
First record: 'https://uk.linkedin.com/in/gus-macfarlane-380b894'
Completed batch 2016-09-23 13:58:39 at 177.434367 records/sec.
1168000 of 3228361 records processed (36%).
Estimated finish: 2016-09-23 16:44:08.
Starting batch at 2016-09-23 13:58:39.
First record: 'https://uk.linkedin.com/in/haeley-sherman-42282824'
Completed batch 2016-09-23 13:59:18 at 204.755084 records/sec.
1176000 of 3228361 records processed (36%).
Estimated finish: 2016-09-23 16:44:10.
Starting batch at 2016-09-23 13:59:18.
First record: 'https://uk.linkedin.com/in/hannah-hewitson-32748a104'
Completed batch 2016-09-23 14:00:00 at 194.757143 records/sec.
1184000 of 3228361 records processed (37%).
Estimated finish: 2016-09-23 16:44:17.
Starting batch at 2016-09-23 14:00:00.
First record: 'https://uk.linkedin.com/in/harriet-tadman-4b6485b5'
Completed batch 2016-09-23 14:00:36 at 221.761101 records/sec.
1192000 of 3228361 records processed (37%).
Estimated finish: 2016-09-23 16:44:10.
Starting batch at 2016-09-23 14:00:36.
First record: 'https://uk.linkedin.com/in/hayley-lombard-a2613986'
Completed batch 2016-09-23 14:01:13 at 215.728012 records/sec.
1200000 of 3228361 records processed (37%).
Estimated finish: 2016-09-23 16:44:06.
Starting batch at 2016-09-23 14:01:13.
First record: 'https://uk.linkedin.com/in/helen-clare-foster-a88338a4'
Completed batch 2016-09-23 14:01:52 at 204.802601 records/sec.
1208000 of 3228361 records processed (37%).
Estimated finish: 2016-09-23 16:44:07.
Starting batch at 2016-09-23 14:01:52.
First record: 'https://uk.linkedin.com/in/hemashree-patel-607a2355'
Completed batch 2016-09-23 14:02:26 at 234.896162 records/sec.
1216000 of 3228361 records processed (38%).
Estimated finish: 2016-09-23 16:43:55.
Starting batch at 2016-09-23 14:02:26.
First record: 'https://uk.linkedin.com/in/hilda-moraka-881a387b'
Completed batch 2016-09-23 14:03:06 at 199.671291 records/sec.
1224000 of 3228361 records processed (38%).
Estimated finish: 2016-09-23 16:43:59.
Starting batch at 2016-09-23 14:03:06.
First record: 'https://uk.linkedin.com/in/ho-yeung-li-88660841'
Completed batch 2016-09-23 14:03:44 at 210.187770 records/sec.
1232000 of 3228361 records processed (38%).
Estimated finish: 2016-09-23 16:43:58.
Starting batch at 2016-09-23 14:03:44.
First record: 'https://uk.linkedin.com/in/huw-boyt-29b4752'
Completed batch 2016-09-23 14:04:29 at 177.430491 records/sec.
1240000 of 3228361 records processed (38%).
Estimated finish: 2016-09-23 16:44:15.
Starting batch at 2016-09-23 14:04:29.
First record: 'https://uk.linkedin.com/in/ian-sudall-3054918'
Completed batch 2016-09-23 14:05:11 at 190.175749 records/sec.
1248000 of 3228361 records processed (39%).
Estimated finish: 2016-09-23 16:44:24.
Starting batch at 2016-09-23 14:05:11.
First record: 'https://uk.linkedin.com/in/ilona-balaga-baa83595'
Completed batch 2016-09-23 14:05:51 at 199.646576 records/sec.
1256000 of 3228361 records processed (39%).
Estimated finish: 2016-09-23 16:44:28.
Starting batch at 2016-09-23 14:05:51.
First record: 'https://uk.linkedin.com/in/ioana-spiru-71095426'
Completed batch 2016-09-23 14:06:33 at 190.082340 records/sec.
1264000 of 3228361 records processed (39%).
Estimated finish: 2016-09-23 16:44:37.
Starting batch at 2016-09-23 14:06:33.
First record: 'https://uk.linkedin.com/in/isabelle-souverain-4b26a716'
Completed batch 2016-09-23 14:07:13 at 199.678856 records/sec.
1272000 of 3228361 records processed (39%).
Estimated finish: 2016-09-23 16:44:41.
Starting batch at 2016-09-23 14:07:13.
First record: 'https://uk.linkedin.com/in/ivy-holmes-51585145'
Completed batch 2016-09-23 14:07:52 at 204.659954 records/sec.
1280000 of 3228361 records processed (40%).
Estimated finish: 2016-09-23 16:44:42.
Starting batch at 2016-09-23 14:07:52.
First record: 'https://uk.linkedin.com/in/jack-match-65012110'
Completed batch 2016-09-23 14:08:34 at 194.787041 records/sec.
1288000 of 3228361 records processed (40%).
Estimated finish: 2016-09-23 16:44:48.
Starting batch at 2016-09-23 14:08:34.
First record: 'https://uk.linkedin.com/in/jacqui-matckars-72298143'
Completed batch 2016-09-23 14:09:14 at 199.625393 records/sec.
1296000 of 3228361 records processed (40%).
Estimated finish: 2016-09-23 16:44:51.
Starting batch at 2016-09-23 14:09:14.
First record: 'https://uk.linkedin.com/in/jameela-jinnah-b7818449'
Completed batch 2016-09-23 14:10:00 at 173.626699 records/sec.
1304000 of 3228361 records processed (40%).
Estimated finish: 2016-09-23 16:45:10.
Starting batch at 2016-09-23 14:10:00.
First record: 'https://uk.linkedin.com/in/james-shaw-stewart-8813018'
Completed batch 2016-09-23 14:10:44 at 181.397776 records/sec.
1312000 of 3228361 records processed (41%).
Estimated finish: 2016-09-23 16:45:23.
Starting batch at 2016-09-23 14:10:44.
First record: 'https://uk.linkedin.com/in/jane-bezdel-b7aa7a49'
Completed batch 2016-09-23 14:11:19 at 228.116024 records/sec.
1320000 of 3228361 records processed (41%).
Estimated finish: 2016-09-23 16:45:14.
Starting batch at 2016-09-23 14:11:19.
First record: 'https://uk.linkedin.com/in/jan-kolesinski-b2b79aa2'
Completed batch 2016-09-23 14:11:54 at 228.063160 records/sec.
1328000 of 3228361 records processed (41%).
Estimated finish: 2016-09-23 16:45:05.
Starting batch at 2016-09-23 14:11:54.
First record: 'https://uk.linkedin.com/in/jared-bredeson-525b3930'
Completed batch 2016-09-23 14:12:37 at 185.711850 records/sec.
1336000 of 3228361 records processed (41%).
Estimated finish: 2016-09-23 16:45:16.
Starting batch at 2016-09-23 14:12:37.
First record: 'https://uk.linkedin.com/in/javea-retreats-a69b9964'
Completed batch 2016-09-23 14:13:14 at 215.844212 records/sec.
1344000 of 3228361 records processed (42%).
Estimated finish: 2016-09-23 16:45:12.
Starting batch at 2016-09-23 14:13:14.
First record: 'https://uk.linkedin.com/in/jean-demars-5129b5b5'
Completed batch 2016-09-23 14:13:54 at 199.552732 records/sec.
1352000 of 3228361 records processed (42%).
Estimated finish: 2016-09-23 16:45:15.
Starting batch at 2016-09-23 14:13:54.
First record: 'https://uk.linkedin.com/in/jemma-evans-aa139965'
Completed batch 2016-09-23 14:14:33 at 204.683967 records/sec.
1360000 of 3228361 records processed (42%).
Estimated finish: 2016-09-23 16:45:16.
Starting batch at 2016-09-23 14:14:33.
First record: 'https://uk.linkedin.com/in/jenny-bavin-a0909410'
Completed batch 2016-09-23 14:15:17 at 181.497813 records/sec.
1368000 of 3228361 records processed (42%).
Estimated finish: 2016-09-23 16:45:29.
Starting batch at 2016-09-23 14:15:17.
First record: 'https://uk.linkedin.com/in/jerry-ocampo-9958a511'
Completed batch 2016-09-23 14:16:01 at 181.512247 records/sec.
1376000 of 3228361 records processed (43%).
Estimated finish: 2016-09-23 16:45:41.
Starting batch at 2016-09-23 14:16:01.
First record: 'https://uk.linkedin.com/in/j-harney-96582bab'
Completed batch 2016-09-23 14:16:38 at 215.825071 records/sec.
1384000 of 3228361 records processed (43%).
Estimated finish: 2016-09-23 16:45:37.
Starting batch at 2016-09-23 14:16:38.
First record: 'https://uk.linkedin.com/in/jinse-mathew-850b708'
Completed batch 2016-09-23 14:17:21 at 189.999405 records/sec.
1392000 of 3228361 records processed (43%).
Estimated finish: 2016-09-23 16:45:45.
Starting batch at 2016-09-23 14:17:21.
First record: 'https://uk.linkedin.com/in/joe-mcgilloway-3641381b'
Completed batch 2016-09-23 14:18:05 at 181.458292 records/sec.
1400000 of 3228361 records processed (43%).
Estimated finish: 2016-09-23 16:45:57.
Starting batch at 2016-09-23 14:18:05.
First record: 'https://uk.linkedin.com/in/john-c-bel-b61241103'
Completed batch 2016-09-23 14:18:47 at 190.169402 records/sec.
1408000 of 3228361 records processed (44%).
Estimated finish: 2016-09-23 16:46:05.
Starting batch at 2016-09-23 14:18:47.
First record: 'https://uk.linkedin.com/in/john-pass-b353413'
Completed batch 2016-09-23 14:19:29 at 190.172404 records/sec.
1416000 of 3228361 records processed (44%).
Estimated finish: 2016-09-23 16:46:12.
Starting batch at 2016-09-23 14:19:29.
First record: 'https://uk.linkedin.com/in/jon-climie-b124ba24'
Completed batch 2016-09-23 14:20:15 at 173.457085 records/sec.
1424000 of 3228361 records processed (44%).
Estimated finish: 2016-09-23 16:46:28.
Starting batch at 2016-09-23 14:20:15.
First record: 'https://uk.linkedin.com/in/jordon-linton-b5261074'
Completed batch 2016-09-23 14:20:54 at 204.593283 records/sec.
1432000 of 3228361 records processed (44%).
Estimated finish: 2016-09-23 16:46:29.
Starting batch at 2016-09-23 14:20:54.
First record: 'https://uk.linkedin.com/in/jo-smith-hackleton-pre-school-165b42a5'
Completed batch 2016-09-23 14:21:34 at 199.646406 records/sec.
1440000 of 3228361 records processed (45%).
Estimated finish: 2016-09-23 16:46:31.
Starting batch at 2016-09-23 14:21:34.
First record: 'https://uk.linkedin.com/in/j-rottier-636a5647'
Completed batch 2016-09-23 14:22:11 at 215.606597 records/sec.
1448000 of 3228361 records processed (45%).
Estimated finish: 2016-09-23 16:46:27.
Starting batch at 2016-09-23 14:22:11.
First record: 'https://uk.linkedin.com/in/julia-heyworth-4094454b'
Completed batch 2016-09-23 14:22:49 at 210.117118 records/sec.
1456000 of 3228361 records processed (45%).
Estimated finish: 2016-09-23 16:46:26.
Starting batch at 2016-09-23 14:22:49.
First record: 'https://uk.linkedin.com/in/julie-morton-smith-8367383a'
Completed batch 2016-09-23 14:23:24 at 228.151525 records/sec.
1464000 of 3228361 records processed (45%).
Estimated finish: 2016-09-23 16:46:17.
Starting batch at 2016-09-23 14:23:24.
First record: 'https://uk.linkedin.com/in/j-wray-b91a2622'
Completed batch 2016-09-23 14:24:02 at 210.084221 records/sec.
1472000 of 3228361 records processed (46%).
Estimated finish: 2016-09-23 16:46:15.
Starting batch at 2016-09-23 14:24:02.
First record: 'https://uk.linkedin.com/in/kalyan-dhupathi-52426355'
Completed batch 2016-09-23 14:24:40 at 210.132853 records/sec.
1480000 of 3228361 records processed (46%).
Estimated finish: 2016-09-23 16:46:14.
Starting batch at 2016-09-23 14:24:40.
First record: 'https://uk.linkedin.com/in/karen-boardman123-29512287'
Completed batch 2016-09-23 14:25:20 at 204.724677 records/sec.
1488000 of 3228361 records processed (46%).
Estimated finish: 2016-09-23 16:46:14.
Starting batch at 2016-09-23 14:25:20.
First record: 'https://uk.linkedin.com/in/karen-ohara-20132220'
Completed batch 2016-09-23 14:26:01 at 194.753511 records/sec.
1496000 of 3228361 records processed (46%).
Estimated finish: 2016-09-23 16:46:19.
Starting batch at 2016-09-23 14:26:01.
First record: 'https://uk.linkedin.com/in/karl-eagle-8b021b44'
Completed batch 2016-09-23 14:26:42 at 194.768404 records/sec.
1504000 of 3228361 records processed (47%).
Estimated finish: 2016-09-23 16:46:24.
Starting batch at 2016-09-23 14:26:42.
First record: 'https://uk.linkedin.com/in/katalin-martin-480b1255'
Completed batch 2016-09-23 14:27:24 at 190.143485 records/sec.
1512000 of 3228361 records processed (47%).
Estimated finish: 2016-09-23 16:46:31.
Starting batch at 2016-09-23 14:27:24.
First record: 'https://uk.linkedin.com/in/kate-plowman-a288595a'
Completed batch 2016-09-23 14:28:07 at 185.715191 records/sec.
1520000 of 3228361 records processed (47%).
Estimated finish: 2016-09-23 16:46:39.
Starting batch at 2016-09-23 14:28:07.
First record: 'https://uk.linkedin.com/in/kath-jordan-b567385'
Completed batch 2016-09-23 14:28:48 at 194.797210 records/sec.
1528000 of 3228361 records processed (47%).
Estimated finish: 2016-09-23 16:46:44.
Starting batch at 2016-09-23 14:28:48.
First record: 'https://uk.linkedin.com/in/kati-jargean-3abb6889'
Completed batch 2016-09-23 14:29:32 at 181.281712 records/sec.
1536000 of 3228361 records processed (48%).
Estimated finish: 2016-09-23 16:46:55.
Starting batch at 2016-09-23 14:29:32.
First record: 'https://uk.linkedin.com/in/katrina-bennett-062a2782'
Completed batch 2016-09-23 14:30:12 at 199.639974 records/sec.
1544000 of 3228361 records processed (48%).
Estimated finish: 2016-09-23 16:46:57.
Starting batch at 2016-09-23 14:30:12.
First record: 'https://uk.linkedin.com/in/kay-m-47b42246'
Completed batch 2016-09-23 14:30:50 at 210.113542 records/sec.
1552000 of 3228361 records processed (48%).
Estimated finish: 2016-09-23 16:46:55.
Starting batch at 2016-09-23 14:30:50.
First record: 'https://uk.linkedin.com/in/keira-paton-3585a9a1'
Completed batch 2016-09-23 14:31:32 at 189.913220 records/sec.
1560000 of 3228361 records processed (48%).
Estimated finish: 2016-09-23 16:47:02.
Starting batch at 2016-09-23 14:31:32.
First record: 'https://uk.linkedin.com/in/keith-robson-4ba7a06'
Completed batch 2016-09-23 14:32:10 at 210.116986 records/sec.
1568000 of 3228361 records processed (49%).
Estimated finish: 2016-09-23 16:47:00.
Starting batch at 2016-09-23 14:32:10.
First record: 'https://uk.linkedin.com/in/kelly-shattock-2a3b0460'
Completed batch 2016-09-23 14:32:47 at 215.811616 records/sec.
1576000 of 3228361 records processed (49%).
Estimated finish: 2016-09-23 16:46:56.
Starting batch at 2016-09-23 14:32:47.
First record: 'https://uk.linkedin.com/in/ken-rolph-236a86a1'
Completed batch 2016-09-23 14:33:26 at 210.114541 records/sec.
1584000 of 3228361 records processed (49%).
Estimated finish: 2016-09-23 16:46:54.
Starting batch at 2016-09-23 14:33:26.
First record: 'https://uk.linkedin.com/in/kerry-furnass-385229101'
Completed batch 2016-09-23 14:34:10 at 181.416542 records/sec.
1592000 of 3228361 records processed (49%).
Estimated finish: 2016-09-23 16:47:05.
Starting batch at 2016-09-23 14:34:10.
First record: 'https://uk.linkedin.com/in/kevin-douglas-5a712241'
Completed batch 2016-09-23 14:35:01 at 156.588224 records/sec.
1600000 of 3228361 records processed (50%).
Estimated finish: 2016-09-23 16:47:29.
Starting batch at 2016-09-23 14:35:01.
First record: 'https://uk.linkedin.com/in/kev-scoot-42b24341'
Completed batch 2016-09-23 14:35:42 at 194.800469 records/sec.
1608000 of 3228361 records processed (50%).
Estimated finish: 2016-09-23 16:47:33.
Starting batch at 2016-09-23 14:35:42.
First record: 'https://uk.linkedin.com/in/kiera-sneddon-35877821'
Completed batch 2016-09-23 14:36:23 at 194.781606 records/sec.
1616000 of 3228361 records processed (50%).
Estimated finish: 2016-09-23 16:47:37.
Starting batch at 2016-09-23 14:36:23.
First record: 'https://uk.linkedin.com/in/kim-marison-ba576148'
Completed batch 2016-09-23 14:37:01 at 210.179906 records/sec.
1624000 of 3228361 records processed (50%).
Estimated finish: 2016-09-23 16:47:35.
Starting batch at 2016-09-23 14:37:01.
First record: 'https://uk.linkedin.com/in/kirstie-quinnin-8a96094'
Completed batch 2016-09-23 14:37:41 at 199.665899 records/sec.
1632000 of 3228361 records processed (51%).
Estimated finish: 2016-09-23 16:47:37.
Starting batch at 2016-09-23 14:37:41.
First record: 'https://uk.linkedin.com/in/klaudia-ostrouch-4a3b759a'
Completed batch 2016-09-23 14:38:18 at 215.802639 records/sec.
1640000 of 3228361 records processed (51%).
Estimated finish: 2016-09-23 16:47:33.
Starting batch at 2016-09-23 14:38:18.
First record: 'https://uk.linkedin.com/in/kris-thorpe-1187b291'
Completed batch 2016-09-23 14:38:57 at 204.753113 records/sec.
1648000 of 3228361 records processed (51%).
Estimated finish: 2016-09-23 16:47:33.
Starting batch at 2016-09-23 14:38:57.
First record: 'https://uk.linkedin.com/in/kunal-dhara-57211243'
Completed batch 2016-09-23 14:39:37 at 199.656292 records/sec.
1656000 of 3228361 records processed (51%).
Estimated finish: 2016-09-23 16:47:35.
Starting batch at 2016-09-23 14:39:37.
First record: 'https://uk.linkedin.com/in/laileng-mak-8a10aa33'
Completed batch 2016-09-23 14:40:20 at 185.746505 records/sec.
1664000 of 3228361 records processed (52%).
Estimated finish: 2016-09-23 16:47:43.
Starting batch at 2016-09-23 14:40:20.
First record: 'https://uk.linkedin.com/in/larsen-mathias-61001126'
Completed batch 2016-09-23 14:41:06 at 173.601519 records/sec.
1672000 of 3228361 records processed (52%).
Estimated finish: 2016-09-23 16:47:56.
Starting batch at 2016-09-23 14:41:06.
First record: 'https://uk.linkedin.com/in/laura-hickey-66b9a660'
Completed batch 2016-09-23 14:41:51 at 177.446501 records/sec.
1680000 of 3228361 records processed (52%).
Estimated finish: 2016-09-23 16:48:08.
Starting batch at 2016-09-23 14:41:51.
First record: 'https://uk.linkedin.com/in/laura-vuillier-8870b94b'
Completed batch 2016-09-23 14:42:36 at 181.448962 records/sec.
1688000 of 3228361 records processed (52%).
Estimated finish: 2016-09-23 16:48:17.
Starting batch at 2016-09-23 14:42:36.
First record: 'https://uk.linkedin.com/in/lauren-rooker-aa335a91'
Completed batch 2016-09-23 14:43:18 at 190.144059 records/sec.
1696000 of 3228361 records processed (53%).
Estimated finish: 2016-09-23 16:48:23.
Starting batch at 2016-09-23 14:43:18.
First record: 'https://uk.linkedin.com/in/le-bo-mumu-a1258b70'
Completed batch 2016-09-23 14:43:59 at 194.754464 records/sec.
1704000 of 3228361 records processed (53%).
Estimated finish: 2016-09-23 16:48:26.
Starting batch at 2016-09-23 14:43:59.
First record: 'https://uk.linkedin.com/in/lee-bradburne-4943a815'
Completed batch 2016-09-23 14:44:42 at 185.584092 records/sec.
1712000 of 3228361 records processed (53%).
Estimated finish: 2016-09-23 16:48:34.
Starting batch at 2016-09-23 14:44:42.
First record: 'https://uk.linkedin.com/in/lee-rankin-3b904287'
Completed batch 2016-09-23 14:45:24 at 190.138364 records/sec.
1720000 of 3228361 records processed (53%).
Estimated finish: 2016-09-23 16:48:39.
Starting batch at 2016-09-23 14:45:24.
First record: 'https://uk.linkedin.com/in/lemuel-dix-a177a023'
Completed batch 2016-09-23 14:46:05 at 194.760447 records/sec.
1728000 of 3228361 records processed (54%).
Estimated finish: 2016-09-23 16:48:43.
Starting batch at 2016-09-23 14:46:05.
First record: 'https://uk.linkedin.com/in/leo-scott-smith-6a954ba0'
Completed batch 2016-09-23 14:46:41 at 221.833305 records/sec.
1736000 of 3228361 records processed (54%).
Estimated finish: 2016-09-23 16:48:37.
Starting batch at 2016-09-23 14:46:41.
First record: 'https://uk.linkedin.com/in/les-moir-3b714218'
Completed batch 2016-09-23 14:47:23 at 190.115749 records/sec.
1744000 of 3228361 records processed (54%).
Estimated finish: 2016-09-23 16:48:42.
Starting batch at 2016-09-23 14:47:23.
First record: 'https://uk.linkedin.com/in/lewis-marsh-68357092'
Completed batch 2016-09-23 14:48:07 at 181.495096 records/sec.
1752000 of 3228361 records processed (54%).
Estimated finish: 2016-09-23 16:48:51.
Starting batch at 2016-09-23 14:48:07.
First record: 'https://uk.linkedin.com/in/lia-nogueira-b09ba718'
Completed batch 2016-09-23 14:48:47 at 199.424516 records/sec.
1760000 of 3228361 records processed (55%).
Estimated finish: 2016-09-23 16:48:53.
Starting batch at 2016-09-23 14:48:47.
First record: 'https://uk.linkedin.com/in/lily-soltan-0a623367'
Completed batch 2016-09-23 14:49:23 at 221.860208 records/sec.
1768000 of 3228361 records processed (55%).
Estimated finish: 2016-09-23 16:48:47.
Starting batch at 2016-09-23 14:49:23.
First record: 'https://uk.linkedin.com/in/linda-marton-55071446'
Completed batch 2016-09-23 14:50:00 at 215.634382 records/sec.
1776000 of 3228361 records processed (55%).
Estimated finish: 2016-09-23 16:48:43.
Starting batch at 2016-09-23 14:50:00.
First record: 'https://uk.linkedin.com/in/lin-harmon-b26170b9'
Completed batch 2016-09-23 14:50:40 at 204.780734 records/sec.
1784000 of 3228361 records processed (55%).
Estimated finish: 2016-09-23 16:48:43.
Starting batch at 2016-09-23 14:50:40.
First record: 'https://uk.linkedin.com/in/lisa-draghi-8575927b'
Completed batch 2016-09-23 14:51:18 at 210.115921 records/sec.
1792000 of 3228361 records processed (56%).
Estimated finish: 2016-09-23 16:48:41.
Starting batch at 2016-09-23 14:51:18.
First record: 'https://uk.linkedin.com/in/lisa-shiel-0a38206a'
Completed batch 2016-09-23 14:51:57 at 204.760476 records/sec.
1800000 of 3228361 records processed (56%).
Estimated finish: 2016-09-23 16:48:40.
Starting batch at 2016-09-23 14:51:57.
First record: 'https://uk.linkedin.com/in/liz-gascoigne-3119a514'
Completed batch 2016-09-23 14:52:36 at 204.750399 records/sec.
1808000 of 3228361 records processed (56%).
Estimated finish: 2016-09-23 16:48:40.
Starting batch at 2016-09-23 14:52:36.
First record: 'https://uk.linkedin.com/in/lloyd-paxton-b183b22'
Completed batch 2016-09-23 14:53:17 at 194.763937 records/sec.
1816000 of 3228361 records processed (56%).
Estimated finish: 2016-09-23 16:48:43.
Starting batch at 2016-09-23 14:53:17.
First record: 'https://uk.linkedin.com/in/lori-evans-09999655'
Completed batch 2016-09-23 14:53:55 at 210.120104 records/sec.
1824000 of 3228361 records processed (56%).
Estimated finish: 2016-09-23 16:48:41.
Starting batch at 2016-09-23 14:53:55.
First record: 'https://uk.linkedin.com/in/lorraine-murray-44860341'
Completed batch 2016-09-23 14:54:36 at 194.794701 records/sec.
1832000 of 3228361 records processed (57%).
Estimated finish: 2016-09-23 16:48:44.
Starting batch at 2016-09-23 14:54:36.
First record: 'https://uk.linkedin.com/in/louise-chambers-68976980'
Completed batch 2016-09-23 14:55:16 at 199.668725 records/sec.
1840000 of 3228361 records processed (57%).
Estimated finish: 2016-09-23 16:48:46.
Starting batch at 2016-09-23 14:55:16.
First record: 'https://uk.linkedin.com/in/lou-young-10148625'
Completed batch 2016-09-23 14:55:59 at 185.717964 records/sec.
1848000 of 3228361 records processed (57%).
Estimated finish: 2016-09-23 16:48:53.
Starting batch at 2016-09-23 14:55:59.
First record: 'https://uk.linkedin.com/in/lucas-ford-b5250946'
Completed batch 2016-09-23 14:56:41 at 190.076934 records/sec.
1856000 of 3228361 records processed (57%).
Estimated finish: 2016-09-23 16:48:58.
Starting batch at 2016-09-23 14:56:41.
First record: 'https://uk.linkedin.com/in/lucy-flavien-2671ba4b'
Completed batch 2016-09-23 14:57:21 at 199.646795 records/sec.
1864000 of 3228361 records processed (58%).
Estimated finish: 2016-09-23 16:48:59.
Starting batch at 2016-09-23 14:57:21.
First record: 'https://uk.linkedin.com/in/luis-alfonso-jacome-morales-93706655'
Completed batch 2016-09-23 14:58:03 at 190.159317 records/sec.
1872000 of 3228361 records processed (58%).
Estimated finish: 2016-09-23 16:49:04.
Starting batch at 2016-09-23 14:58:03.
First record: 'https://uk.linkedin.com/in/lu-zhang-755a9919'
Completed batch 2016-09-23 14:58:43 at 199.654642 records/sec.
1880000 of 3228361 records processed (58%).
Estimated finish: 2016-09-23 16:49:05.
Starting batch at 2016-09-23 14:58:43.
First record: 'https://uk.linkedin.com/in/lyn-deville-65535b96'
Completed batch 2016-09-23 14:59:21 at 210.114144 records/sec.
1888000 of 3228361 records processed (58%).
Estimated finish: 2016-09-23 16:49:03.
Starting batch at 2016-09-23 14:59:21.
First record: 'https://uk.linkedin.com/in/lynn-gaughan-72624a98'
Completed batch 2016-09-23 14:59:58 at 221.805407 records/sec.
1896000 of 3228361 records processed (59%).
Estimated finish: 2016-09-23 16:48:58.
Starting batch at 2016-09-23 14:59:58.
First record: 'https://uk.linkedin.com/in/lynsey-de-lastic-06468572'
Completed batch 2016-09-23 15:00:40 at 190.141121 records/sec.
1904000 of 3228361 records processed (59%).
Estimated finish: 2016-09-23 16:49:02.
Starting batch at 2016-09-23 15:00:40.
First record: 'https://uk.linkedin.com/in/madlen-mierzwiak-06008116'
Completed batch 2016-09-23 15:01:20 at 199.611516 records/sec.
1912000 of 3228361 records processed (59%).
Estimated finish: 2016-09-23 16:49:04.
Starting batch at 2016-09-23 15:01:20.
First record: 'https://uk.linkedin.com/in/mah-tab-3533b188'
Completed batch 2016-09-23 15:01:59 at 204.766079 records/sec.
1920000 of 3228361 records processed (59%).
Estimated finish: 2016-09-23 16:49:03.
Starting batch at 2016-09-23 15:01:59.
First record: 'https://uk.linkedin.com/in/malvina-yiangou-5a56821a'
Completed batch 2016-09-23 15:02:37 at 210.048952 records/sec.
1928000 of 3228361 records processed (60%).
Estimated finish: 2016-09-23 16:49:01.
Starting batch at 2016-09-23 15:02:37.
First record: 'https://uk.linkedin.com/in/manuela-filipovic-658498b'
Completed batch 2016-09-23 15:03:20 at 185.734715 records/sec.
1936000 of 3228361 records processed (60%).
Estimated finish: 2016-09-23 16:49:08.
Starting batch at 2016-09-23 15:03:20.
First record: 'https://uk.linkedin.com/in/marc-ronchetti-05633a6'
Completed batch 2016-09-23 15:04:01 at 194.673466 records/sec.
1944000 of 3228361 records processed (60%).
Estimated finish: 2016-09-23 16:49:11.
Starting batch at 2016-09-23 15:04:01.
First record: 'https://uk.linkedin.com/in/margot-mulvey-32140048'
Completed batch 2016-09-23 15:04:42 at 194.772909 records/sec.
1952000 of 3228361 records processed (60%).
Estimated finish: 2016-09-23 16:49:14.
Starting batch at 2016-09-23 15:04:42.
First record: 'https://uk.linkedin.com/in/maria-michlalak-63436758'
Completed batch 2016-09-23 15:05:21 at 204.768417 records/sec.
1960000 of 3228361 records processed (61%).
Estimated finish: 2016-09-23 16:49:13.
Starting batch at 2016-09-23 15:05:21.
First record: 'https://uk.linkedin.com/in/maria-zulueta-maria-zulueta-b1307b3b'
Completed batch 2016-09-23 15:06:01 at 199.640692 records/sec.
1968000 of 3228361 records processed (61%).
Estimated finish: 2016-09-23 16:49:14.
Starting batch at 2016-09-23 15:06:01.
First record: 'https://uk.linkedin.com/in/marilena-senia-6370483b'
Completed batch 2016-09-23 15:06:40 at 204.719794 records/sec.
1976000 of 3228361 records processed (61%).
Estimated finish: 2016-09-23 16:49:14.
Starting batch at 2016-09-23 15:06:40.
First record: 'https://uk.linkedin.com/in/mario-perri-1134ba57'
Completed batch 2016-09-23 15:07:24 at 181.478565 records/sec.
1984000 of 3228361 records processed (61%).
Estimated finish: 2016-09-23 16:49:22.
Starting batch at 2016-09-23 15:07:24.
First record: 'https://uk.linkedin.com/in/mark-bolton-186a1a8'
Completed batch 2016-09-23 15:08:11 at 169.890455 records/sec.
1992000 of 3228361 records processed (62%).
Estimated finish: 2016-09-23 16:49:34.
Starting batch at 2016-09-23 15:08:11.
First record: 'https://uk.linkedin.com/in/mark-fechter-b4049'
Completed batch 2016-09-23 15:09:00 at 166.395716 records/sec.
2000000 of 3228361 records processed (62%).
Estimated finish: 2016-09-23 16:49:48.
Starting batch at 2016-09-23 15:09:00.
First record: 'https://uk.linkedin.com/in/mark-leasley-961a5035'
Completed batch 2016-09-23 15:09:47 at 169.957876 records/sec.
2008000 of 3228361 records processed (62%).
Estimated finish: 2016-09-23 16:50:01.
Starting batch at 2016-09-23 15:09:47.
First record: 'https://uk.linkedin.com/in/mark-ramsden-6716555'
Completed batch 2016-09-23 15:10:33 at 173.643594 records/sec.
2016000 of 3228361 records processed (62%).
Estimated finish: 2016-09-23 16:50:11.
Starting batch at 2016-09-23 15:10:33.
First record: 'https://uk.linkedin.com/in/mark-warren-69957924'
Completed batch 2016-09-23 15:11:15 at 190.181513 records/sec.
2024000 of 3228361 records processed (63%).
Estimated finish: 2016-09-23 16:50:16.
Starting batch at 2016-09-23 15:11:15.
First record: 'https://uk.linkedin.com/in/martha-pachatouridi-7a0a8931'
Completed batch 2016-09-23 15:11:59 at 181.504970 records/sec.
2032000 of 3228361 records processed (63%).
Estimated finish: 2016-09-23 16:50:23.
Starting batch at 2016-09-23 15:11:59.
First record: 'https://uk.linkedin.com/in/martin-fannon-8b880369'
Completed batch 2016-09-23 15:12:44 at 177.501814 records/sec.
2040000 of 3228361 records processed (63%).
Estimated finish: 2016-09-23 16:50:32.
Starting batch at 2016-09-23 15:12:44.
First record: 'https://uk.linkedin.com/in/martin-pashley-b6942339'
Completed batch 2016-09-23 15:13:25 at 194.714983 records/sec.
2048000 of 3228361 records processed (63%).
Estimated finish: 2016-09-23 16:50:34.
Starting batch at 2016-09-23 15:13:25.
First record: 'https://uk.linkedin.com/in/martyn-gibson-3650a335'
Completed batch 2016-09-23 15:14:02 at 215.858277 records/sec.
2056000 of 3228361 records processed (64%).
Estimated finish: 2016-09-23 16:50:30.
Starting batch at 2016-09-23 15:14:02.
First record: 'https://uk.linkedin.com/in/mary-frost-64ba9191'
Completed batch 2016-09-23 15:14:35 at 242.022200 records/sec.
2064000 of 3228361 records processed (64%).
Estimated finish: 2016-09-23 16:50:20.
Starting batch at 2016-09-23 15:14:35.
First record: 'https://uk.linkedin.com/in/marzia-biggera-a8a01781'
Completed batch 2016-09-23 15:15:18 at 185.707556 records/sec.
2072000 of 3228361 records processed (64%).
Estimated finish: 2016-09-23 16:50:26.
Starting batch at 2016-09-23 15:15:18.
First record: 'https://uk.linkedin.com/in/matt-brazier-b502567b'
Completed batch 2016-09-23 15:16:09 at 156.570661 records/sec.
2080000 of 3228361 records processed (64%).
Estimated finish: 2016-09-23 16:50:44.
Starting batch at 2016-09-23 15:16:09.
First record: 'https://uk.linkedin.com/in/matthew-debont-98891122'
Completed batch 2016-09-23 15:16:59 at 159.747937 records/sec.
2088000 of 3228361 records processed (65%).
Estimated finish: 2016-09-23 16:51:00.
Starting batch at 2016-09-23 15:16:59.
First record: 'https://uk.linkedin.com/in/matt-hidetomai-7018b937'
Completed batch 2016-09-23 15:17:49 at 159.726883 records/sec.
2096000 of 3228361 records processed (65%).
Estimated finish: 2016-09-23 16:51:16.
Starting batch at 2016-09-23 15:17:49.
First record: 'https://uk.linkedin.com/in/matt-timmins-07a68717'
Completed batch 2016-09-23 15:18:33 at 185.700185 records/sec.
2104000 of 3228361 records processed (65%).
Estimated finish: 2016-09-23 16:51:22.
Starting batch at 2016-09-23 15:18:33.
First record: 'https://uk.linkedin.com/in/mauri-raba-229b9262'
Completed batch 2016-09-23 15:19:16 at 185.750887 records/sec.
2112000 of 3228361 records processed (65%).
Estimated finish: 2016-09-23 16:51:27.
Starting batch at 2016-09-23 15:19:16.
First record: 'https://uk.linkedin.com/in/mayank-nanavaty-b2087645'
Completed batch 2016-09-23 15:19:56 at 199.649804 records/sec.
2120000 of 3228361 records processed (66%).
Estimated finish: 2016-09-23 16:51:28.
Starting batch at 2016-09-23 15:19:56.
First record: 'https://uk.linkedin.com/in/meetali-jutla-9a33ba7'
Completed batch 2016-09-23 15:20:39 at 185.704427 records/sec.
2128000 of 3228361 records processed (66%).
Estimated finish: 2016-09-23 16:51:33.
Starting batch at 2016-09-23 15:20:39.
First record: 'https://uk.linkedin.com/in/mel-eric-gahie-48277b99'
Completed batch 2016-09-23 15:21:22 at 185.717989 records/sec.
2136000 of 3228361 records processed (66%).
Estimated finish: 2016-09-23 16:51:38.
Starting batch at 2016-09-23 15:21:22.
First record: 'https://uk.linkedin.com/in/mel-phiri-807b483b'
Completed batch 2016-09-23 15:22:02 at 199.629169 records/sec.
2144000 of 3228361 records processed (66%).
Estimated finish: 2016-09-23 16:51:39.
Starting batch at 2016-09-23 15:22:02.
First record: 'https://uk.linkedin.com/in/mervyn-mccrea-1aa80314'
Completed batch 2016-09-23 15:22:47 at 177.449008 records/sec.
2152000 of 3228361 records processed (67%).
Estimated finish: 2016-09-23 16:51:47.
Starting batch at 2016-09-23 15:22:47.
First record: 'https://uk.linkedin.com/in/michael-blankson-5b48618'
Completed batch 2016-09-23 15:23:32 at 177.466891 records/sec.
2160000 of 3228361 records processed (67%).
Estimated finish: 2016-09-23 16:51:55.
Starting batch at 2016-09-23 15:23:32.
First record: 'https://uk.linkedin.com/in/michael-hawes-61627139'
Completed batch 2016-09-23 15:24:17 at 177.506650 records/sec.
2168000 of 3228361 records processed (67%).
Estimated finish: 2016-09-23 16:52:03.
Starting batch at 2016-09-23 15:24:17.
First record: 'https://uk.linkedin.com/in/michael-paris-017506a4'
Completed batch 2016-09-23 15:25:02 at 177.507355 records/sec.
2176000 of 3228361 records processed (67%).
Estimated finish: 2016-09-23 16:52:11.
Starting batch at 2016-09-23 15:25:02.
First record: 'https://uk.linkedin.com/in/michal-kosmulski-3aa84023'
Completed batch 2016-09-23 15:25:45 at 185.673606 records/sec.
2184000 of 3228361 records processed (68%).
Estimated finish: 2016-09-23 16:52:16.
Starting batch at 2016-09-23 15:25:45.
First record: 'https://uk.linkedin.com/in/michelle-grant-a942b322'
Completed batch 2016-09-23 15:26:27 at 190.147371 records/sec.
2192000 of 3228361 records processed (68%).
Estimated finish: 2016-09-23 16:52:19.
Starting batch at 2016-09-23 15:26:27.
First record: 'https://uk.linkedin.com/in/mick-bland-b1419589'
Completed batch 2016-09-23 15:27:09 at 190.149111 records/sec.
2200000 of 3228361 records processed (68%).
Estimated finish: 2016-09-23 16:52:23.
Starting batch at 2016-09-23 15:27:09.
First record: 'https://uk.linkedin.com/in/mikaella-theodoulou-7748074a'
Completed batch 2016-09-23 15:27:51 at 190.140805 records/sec.
2208000 of 3228361 records processed (68%).
Estimated finish: 2016-09-23 16:52:26.
Starting batch at 2016-09-23 15:27:52.
First record: 'https://uk.linkedin.com/in/mike-james-essexdecorators-com-a9b90177'
Completed batch 2016-09-23 15:28:35 at 185.742123 records/sec.
2216000 of 3228361 records processed (69%).
Estimated finish: 2016-09-23 16:52:31.
Starting batch at 2016-09-23 15:28:35.
First record: 'https://uk.linkedin.com/in/mike-wilks-3ba8a955'
Completed batch 2016-09-23 15:29:15 at 199.652724 records/sec.
2224000 of 3228361 records processed (69%).
Estimated finish: 2016-09-23 16:52:31.
Starting batch at 2016-09-23 15:29:15.
First record: 'https://uk.linkedin.com/in/mini-maj-3a069782'
Completed batch 2016-09-23 15:29:56 at 194.784385 records/sec.
2232000 of 3228361 records processed (69%).
Estimated finish: 2016-09-23 16:52:33.
Starting batch at 2016-09-23 15:29:56.
First record: 'https://uk.linkedin.com/in/mitesh-mistry-75196a22'
Completed batch 2016-09-23 15:30:36 at 199.646566 records/sec.
2240000 of 3228361 records processed (69%).
Estimated finish: 2016-09-23 16:52:33.
Starting batch at 2016-09-23 15:30:36.
First record: 'https://uk.linkedin.com/in/mo-hassan-11708994'
Completed batch 2016-09-23 15:31:15 at 204.736942 records/sec.
2248000 of 3228361 records processed (70%).
Estimated finish: 2016-09-23 16:52:32.
Starting batch at 2016-09-23 15:31:15.
First record: 'https://uk.linkedin.com/in/molly-anne-mcwhirter-43068364'
Completed batch 2016-09-23 15:31:54 at 204.610886 records/sec.
2256000 of 3228361 records processed (70%).
Estimated finish: 2016-09-23 16:52:31.
Starting batch at 2016-09-23 15:31:54.
First record: 'https://uk.linkedin.com/in/monthir-nashi-64511a1a'
Completed batch 2016-09-23 15:32:33 at 204.538578 records/sec.
2264000 of 3228361 records processed (70%).
Estimated finish: 2016-09-23 16:52:30.
Starting batch at 2016-09-23 15:32:33.
First record: 'https://uk.linkedin.com/in/mrabczenko'
Completed batch 2016-09-23 15:33:11 at 210.089534 records/sec.
2272000 of 3228361 records processed (70%).
Estimated finish: 2016-09-23 16:52:28.
Starting batch at 2016-09-23 15:33:11.
First record: 'https://uk.linkedin.com/in/muhlis-kilic-2696ba8b'
Completed batch 2016-09-23 15:33:48 at 215.805125 records/sec.
2280000 of 3228361 records processed (71%).
Estimated finish: 2016-09-23 16:52:24.
Starting batch at 2016-09-23 15:33:48.
First record: 'https://uk.linkedin.com/in/muso-litelu-34b80140'
Completed batch 2016-09-23 15:34:27 at 204.755718 records/sec.
2288000 of 3228361 records processed (71%).
Estimated finish: 2016-09-23 16:52:23.
Starting batch at 2016-09-23 15:34:27.
First record: 'https://uk.linkedin.com/in/nadia-vidinova-b6270351'
Completed batch 2016-09-23 15:35:05 at 210.140525 records/sec.
2296000 of 3228361 records processed (71%).
Estimated finish: 2016-09-23 16:52:21.
Starting batch at 2016-09-23 15:35:05.
First record: 'https://uk.linkedin.com/in/naomi-harryman-577620a8'
Completed batch 2016-09-23 15:35:47 at 190.068200 records/sec.
2304000 of 3228361 records processed (71%).
Estimated finish: 2016-09-23 16:52:24.
Starting batch at 2016-09-23 15:35:47.
First record: 'https://uk.linkedin.com/in/natalie-steur-17807555'
Completed batch 2016-09-23 15:36:30 at 190.130018 records/sec.
2312000 of 3228361 records processed (72%).
Estimated finish: 2016-09-23 16:52:27.
Starting batch at 2016-09-23 15:36:30.
First record: 'https://uk.linkedin.com/in/navalan-velautham-26753321'
Completed batch 2016-09-23 15:37:14 at 181.504843 records/sec.
2320000 of 3228361 records processed (72%).
Estimated finish: 2016-09-23 16:52:33.
Starting batch at 2016-09-23 15:37:14.
First record: 'https://uk.linkedin.com/in/neil-cake-5753b055'
Completed batch 2016-09-23 15:37:57 at 185.744275 records/sec.
2328000 of 3228361 records processed (72%).
Estimated finish: 2016-09-23 16:52:38.
Starting batch at 2016-09-23 15:37:57.
First record: 'https://uk.linkedin.com/in/netty-hinds-09421675'
Completed batch 2016-09-23 15:38:40 at 185.719623 records/sec.
2336000 of 3228361 records processed (72%).
Estimated finish: 2016-09-23 16:52:42.
Starting batch at 2016-09-23 15:38:40.
First record: 'https://uk.linkedin.com/in/nicholas-wintle-00a74a87'
Completed batch 2016-09-23 15:39:28 at 166.416892 records/sec.
2344000 of 3228361 records processed (73%).
Estimated finish: 2016-09-23 16:52:53.
Starting batch at 2016-09-23 15:39:28.
First record: 'https://uk.linkedin.com/in/nicky-davies-judd-6bb06851'
Completed batch 2016-09-23 15:40:14 at 173.573281 records/sec.
2352000 of 3228361 records processed (73%).
Estimated finish: 2016-09-23 16:53:02.
Starting batch at 2016-09-23 15:40:14.
First record: 'https://uk.linkedin.com/in/nicole-emily-orsmond-294b4891'
Completed batch 2016-09-23 15:40:58 at 181.472296 records/sec.
2360000 of 3228361 records processed (73%).
Estimated finish: 2016-09-23 16:53:08.
Starting batch at 2016-09-23 15:40:58.
First record: 'https://uk.linkedin.com/in/nik-selman-28439aa5'
Completed batch 2016-09-23 15:41:40 at 190.098655 records/sec.
2368000 of 3228361 records processed (73%).
Estimated finish: 2016-09-23 16:53:11.
Starting batch at 2016-09-23 15:41:40.
First record: 'https://uk.linkedin.com/in/nirbheek-moudgil-5a302292'
Completed batch 2016-09-23 15:42:18 at 210.160432 records/sec.
2376000 of 3228361 records processed (74%).
Estimated finish: 2016-09-23 16:53:08.
Starting batch at 2016-09-23 15:42:18.
First record: 'https://uk.linkedin.com/in/noor-alyassin-05018322'
Completed batch 2016-09-23 15:42:53 at 227.970044 records/sec.
2384000 of 3228361 records processed (74%).
Estimated finish: 2016-09-23 16:53:02.
Starting batch at 2016-09-23 15:42:53.
First record: 'https://uk.linkedin.com/in/nuwan-c-peiris-mahatelge-79792172'
Completed batch 2016-09-23 15:43:32 at 204.749644 records/sec.
2392000 of 3228361 records processed (74%).
Estimated finish: 2016-09-23 16:53:01.
Starting batch at 2016-09-23 15:43:32.
First record: 'https://uk.linkedin.com/in/olatunbosun-adedipe-687700a8'
Completed batch 2016-09-23 15:44:21 at 163.004496 records/sec.
2400000 of 3228361 records processed (74%).
Estimated finish: 2016-09-23 16:53:13.
Starting batch at 2016-09-23 15:44:21.
First record: 'https://uk.linkedin.com/in/olivia-springett-39552425'
Completed batch 2016-09-23 15:45:05 at 181.533253 records/sec.
2408000 of 3228361 records processed (75%).
Estimated finish: 2016-09-23 16:53:19.
Starting batch at 2016-09-23 15:45:05.
First record: 'https://uk.linkedin.com/in/oneill-catherine-5705b726'
Completed batch 2016-09-23 15:45:49 at 185.732516 records/sec.
2416000 of 3228361 records processed (75%).
Estimated finish: 2016-09-23 16:53:23.
Starting batch at 2016-09-23 15:45:49.
First record: 'https://uk.linkedin.com/in/owen-kirby-cross-96099069'
Completed batch 2016-09-23 15:46:30 at 194.792282 records/sec.
2424000 of 3228361 records processed (75%).
Estimated finish: 2016-09-23 16:53:24.
Starting batch at 2016-09-23 15:46:30.
First record: 'https://uk.linkedin.com/in/pamila-morris-9a946040'
Completed batch 2016-09-23 15:47:09 at 204.786647 records/sec.
2432000 of 3228361 records processed (75%).
Estimated finish: 2016-09-23 16:53:23.
Starting batch at 2016-09-23 15:47:09.
First record: 'https://uk.linkedin.com/in/pat-concannon-2904aa18'
Completed batch 2016-09-23 15:47:49 at 199.576688 records/sec.
2440000 of 3228361 records processed (76%).
Estimated finish: 2016-09-23 16:53:23.
Starting batch at 2016-09-23 15:47:49.
First record: 'https://uk.linkedin.com/in/patrick-purton-01531687'
Completed batch 2016-09-23 15:48:33 at 181.498760 records/sec.
2448000 of 3228361 records processed (76%).
Estimated finish: 2016-09-23 16:53:29.
Starting batch at 2016-09-23 15:48:33.
First record: 'https://uk.linkedin.com/in/paul-cooke-58a4579'
Completed batch 2016-09-23 15:49:19 at 173.606029 records/sec.
2456000 of 3228361 records processed (76%).
Estimated finish: 2016-09-23 16:53:37.
Starting batch at 2016-09-23 15:49:19.
First record: 'https://uk.linkedin.com/in/paul-lam-kilama-81a51056'
Completed batch 2016-09-23 15:50:08 at 163.017902 records/sec.
2464000 of 3228361 records processed (76%).
Estimated finish: 2016-09-23 16:53:49.
Starting batch at 2016-09-23 15:50:08.
First record: 'https://uk.linkedin.com/in/pavan-khandelwal-912b3943'
Completed batch 2016-09-23 15:50:52 at 181.496833 records/sec.
2472000 of 3228361 records processed (77%).
Estimated finish: 2016-09-23 16:53:54.
Starting batch at 2016-09-23 15:50:52.
First record: 'https://uk.linkedin.com/in/penny-stroud-37244180'
Completed batch 2016-09-23 15:51:36 at 181.496533 records/sec.
2480000 of 3228361 records processed (77%).
Estimated finish: 2016-09-23 16:54:00.
Starting batch at 2016-09-23 15:51:36.
First record: 'https://uk.linkedin.com/in/peter-fogl-7713a883'
Completed batch 2016-09-23 15:52:22 at 173.504091 records/sec.
2488000 of 3228361 records processed (77%).
Estimated finish: 2016-09-23 16:54:07.
Starting batch at 2016-09-23 15:52:22.
First record: 'https://uk.linkedin.com/in/peter-worroll-5a236212'
Completed batch 2016-09-23 15:53:07 at 177.443994 records/sec.
2496000 of 3228361 records processed (77%).
Estimated finish: 2016-09-23 16:54:14.
Starting batch at 2016-09-23 15:53:07.
First record: 'https://uk.linkedin.com/in/phil-shearon-94083511'
Completed batch 2016-09-23 15:53:52 at 177.425328 records/sec.
2504000 of 3228361 records processed (78%).
Estimated finish: 2016-09-23 16:54:20.
Starting batch at 2016-09-23 15:53:52.
First record: 'https://uk.linkedin.com/in/phoebe-chester-57b89321'
Completed batch 2016-09-23 15:54:35 at 190.101284 records/sec.
2512000 of 3228361 records processed (78%).
Estimated finish: 2016-09-23 16:54:23.
Starting batch at 2016-09-23 15:54:35.
First record: 'https://uk.linkedin.com/in/p-n-prasad-23b7574b'
Completed batch 2016-09-23 15:55:17 at 190.118279 records/sec.
2520000 of 3228361 records processed (78%).
Estimated finish: 2016-09-23 16:54:26.
Starting batch at 2016-09-23 15:55:17.
First record: 'https://uk.linkedin.com/in/praveen-kathpal-53187026'
Completed batch 2016-09-23 15:55:58 at 194.804928 records/sec.
2528000 of 3228361 records processed (78%).
Estimated finish: 2016-09-23 16:54:27.
Starting batch at 2016-09-23 15:55:58.
First record: 'https://uk.linkedin.com/in/puneet-kumar-59b4445b'
Completed batch 2016-09-23 15:56:40 at 190.097837 records/sec.
2536000 of 3228361 records processed (79%).
Estimated finish: 2016-09-23 16:54:29.
Starting batch at 2016-09-23 15:56:40.
First record: 'https://uk.linkedin.com/in/rachel-dixon-0948845'
Completed batch 2016-09-23 15:57:23 at 185.720387 records/sec.
2544000 of 3228361 records processed (79%).
Estimated finish: 2016-09-23 16:54:33.
Starting batch at 2016-09-23 15:57:23.
First record: 'https://uk.linkedin.com/in/ragbir-singha-12675195'
Completed batch 2016-09-23 15:58:03 at 199.663368 records/sec.
2552000 of 3228361 records processed (79%).
Estimated finish: 2016-09-23 16:54:33.
Starting batch at 2016-09-23 15:58:03.
First record: 'https://uk.linkedin.com/in/ramachandra-sagi-03115a2'
Completed batch 2016-09-23 15:58:41 at 210.065190 records/sec.
2560000 of 3228361 records processed (79%).
Estimated finish: 2016-09-23 16:54:31.
Starting batch at 2016-09-23 15:58:41.
First record: 'https://uk.linkedin.com/in/raslyn-benn-027215b4'
Completed batch 2016-09-23 15:59:21 at 199.656102 records/sec.
2568000 of 3228361 records processed (80%).
Estimated finish: 2016-09-23 16:54:31.
Starting batch at 2016-09-23 15:59:21.
First record: 'https://uk.linkedin.com/in/reah-barrow-52684325'
Completed batch 2016-09-23 16:00:05 at 181.483123 records/sec.
2576000 of 3228361 records processed (80%).
Estimated finish: 2016-09-23 16:54:36.
Starting batch at 2016-09-23 16:00:05.
First record: 'https://uk.linkedin.com/in/rees-sanger-72504a8b'
Completed batch 2016-09-23 16:00:43 at 210.135525 records/sec.
2584000 of 3228361 records processed (80%).
Estimated finish: 2016-09-23 16:54:33.
Starting batch at 2016-09-23 16:00:43.
First record: 'https://uk.linkedin.com/in/rev-john-race-46561188'
Completed batch 2016-09-23 16:01:26 at 185.720063 records/sec.
2592000 of 3228361 records processed (80%).
Estimated finish: 2016-09-23 16:54:37.
Starting batch at 2016-09-23 16:01:26.
First record: 'https://uk.linkedin.com/in/richard-blown-34a10914'
Completed batch 2016-09-23 16:02:12 at 173.640439 records/sec.
2600000 of 3228361 records processed (81%).
Estimated finish: 2016-09-23 16:54:44.
Starting batch at 2016-09-23 16:02:12.
First record: 'https://uk.linkedin.com/in/rich-hello-a3722398'
Completed batch 2016-09-23 16:02:53 at 194.757489 records/sec.
2608000 of 3228361 records processed (81%).
Estimated finish: 2016-09-23 16:54:45.
Starting batch at 2016-09-23 16:02:53.
First record: 'https://uk.linkedin.com/in/rita-clemente-smee-08936a89'
Completed batch 2016-09-23 16:03:36 at 185.724905 records/sec.
2616000 of 3228361 records processed (81%).
Estimated finish: 2016-09-23 16:54:49.
Starting batch at 2016-09-23 16:03:36.
First record: 'https://uk.linkedin.com/in/robert-g-alker-174a7830'
Completed batch 2016-09-23 16:04:20 at 185.608579 records/sec.
2624000 of 3228361 records processed (81%).
Estimated finish: 2016-09-23 16:54:53.
Starting batch at 2016-09-23 16:04:20.
First record: 'https://uk.linkedin.com/in/rob-rob-frost-m-2b553b97'
Completed batch 2016-09-23 16:05:01 at 194.754497 records/sec.
2632000 of 3228361 records processed (82%).
Estimated finish: 2016-09-23 16:54:54.
Starting batch at 2016-09-23 16:05:01.
First record: 'https://uk.linkedin.com/in/roger-carnell-0289b958'
Completed batch 2016-09-23 16:05:42 at 194.788217 records/sec.
2640000 of 3228361 records processed (82%).
Estimated finish: 2016-09-23 16:54:55.
Starting batch at 2016-09-23 16:05:42.
First record: 'https://uk.linkedin.com/in/ron%C3%A1n-foley-5017a26a'
Completed batch 2016-09-23 16:06:23 at 194.777746 records/sec.
2648000 of 3228361 records processed (82%).
Estimated finish: 2016-09-23 16:54:56.
Starting batch at 2016-09-23 16:06:23.
First record: 'https://uk.linkedin.com/in/rosa-rosa-sarda-04696717'
Completed batch 2016-09-23 16:07:01 at 210.118305 records/sec.
2656000 of 3228361 records processed (82%).
Estimated finish: 2016-09-23 16:54:53.
Starting batch at 2016-09-23 16:07:01.
First record: 'https://uk.linkedin.com/in/ross-cowell-6a041176'
Completed batch 2016-09-23 16:07:44 at 185.726953 records/sec.
2664000 of 3228361 records processed (83%).
Estimated finish: 2016-09-23 16:54:57.
Starting batch at 2016-09-23 16:07:44.
First record: 'https://uk.linkedin.com/in/rqwerqwe-qwerqwerqwe-3188a827'
Completed batch 2016-09-23 16:08:28 at 181.518598 records/sec.
2672000 of 3228361 records processed (83%).
Estimated finish: 2016-09-23 16:55:02.
Starting batch at 2016-09-23 16:08:28.
First record: 'https://uk.linkedin.com/in/russell-oconnor-a7ba4464'
Completed batch 2016-09-23 16:09:12 at 181.504921 records/sec.
2680000 of 3228361 records processed (83%).
Estimated finish: 2016-09-23 16:55:06.
Starting batch at 2016-09-23 16:09:12.
First record: 'https://uk.linkedin.com/in/ryan-stables-3868b613'
Completed batch 2016-09-23 16:09:55 at 185.716317 records/sec.
2688000 of 3228361 records processed (83%).
Estimated finish: 2016-09-23 16:55:10.
Starting batch at 2016-09-23 16:09:55.
First record: 'https://uk.linkedin.com/in/saeem-badder-926b154b'
Completed batch 2016-09-23 16:10:34 at 204.759774 records/sec.
2696000 of 3228361 records processed (84%).
Estimated finish: 2016-09-23 16:55:09.
Starting batch at 2016-09-23 16:10:34.
First record: 'https://uk.linkedin.com/in/sally-ardle-205a5888'
Completed batch 2016-09-23 16:11:18 at 181.505555 records/sec.
2704000 of 3228361 records processed (84%).
Estimated finish: 2016-09-23 16:55:13.
Starting batch at 2016-09-23 16:11:18.
First record: 'https://uk.linkedin.com/in/samantha-siew-ling-nyam-12b15830'
Completed batch 2016-09-23 16:12:00 at 190.106199 records/sec.
2712000 of 3228361 records processed (84%).
Estimated finish: 2016-09-23 16:55:15.
Starting batch at 2016-09-23 16:12:00.
First record: 'https://uk.linkedin.com/in/sam-nehar-02371bab'
Completed batch 2016-09-23 16:12:43 at 190.102580 records/sec.
2720000 of 3228361 records processed (84%).
Estimated finish: 2016-09-23 16:55:18.
Starting batch at 2016-09-23 16:12:43.
First record: 'https://uk.linkedin.com/in/sandra-duliebaite-180a825b'
Completed batch 2016-09-23 16:13:23 at 199.510148 records/sec.
2728000 of 3228361 records processed (85%).
Estimated finish: 2016-09-23 16:55:18.
Starting batch at 2016-09-23 16:13:23.
First record: 'https://uk.linkedin.com/in/sanni-taiwo-86880b64'
Completed batch 2016-09-23 16:14:08 at 177.391541 records/sec.
2736000 of 3228361 records processed (85%).
Estimated finish: 2016-09-23 16:55:23.
Starting batch at 2016-09-23 16:14:08.
First record: 'https://uk.linkedin.com/in/sara-losantos-alonso-03870167'
Completed batch 2016-09-23 16:14:53 at 177.466950 records/sec.
2744000 of 3228361 records processed (85%).
Estimated finish: 2016-09-23 16:55:29.
Starting batch at 2016-09-23 16:14:53.
First record: 'https://uk.linkedin.com/in/sara-raftery-47842676'
Completed batch 2016-09-23 16:15:35 at 190.160800 records/sec.
2752000 of 3228361 records processed (85%).
Estimated finish: 2016-09-23 16:55:31.
Starting batch at 2016-09-23 16:15:35.
First record: 'https://uk.linkedin.com/in/saza-raza-179168b9'
Completed batch 2016-09-23 16:16:21 at 173.634413 records/sec.
2760000 of 3228361 records processed (85%).
Estimated finish: 2016-09-23 16:55:38.
Starting batch at 2016-09-23 16:16:21.
First record: 'https://uk.linkedin.com/in/sean-mcrandle-59577945'
Completed batch 2016-09-23 16:17:03 at 190.181703 records/sec.
2768000 of 3228361 records processed (86%).
Estimated finish: 2016-09-23 16:55:40.
Starting batch at 2016-09-23 16:17:03.
First record: 'https://uk.linkedin.com/in/sensible-jones-98b948a'
Completed batch 2016-09-23 16:17:43 at 199.682450 records/sec.
2776000 of 3228361 records processed (86%).
Estimated finish: 2016-09-23 16:55:40.
Starting batch at 2016-09-23 16:17:43.
First record: 'https://uk.linkedin.com/in/shah-ranu-alahi-169676b2'
Completed batch 2016-09-23 16:18:23 at 199.659167 records/sec.
2784000 of 3228361 records processed (86%).
Estimated finish: 2016-09-23 16:55:40.
Starting batch at 2016-09-23 16:18:23.
First record: 'https://uk.linkedin.com/in/shannon-mcghee-190baa57'
Completed batch 2016-09-23 16:19:01 at 210.194076 records/sec.
2792000 of 3228361 records processed (86%).
Estimated finish: 2016-09-23 16:55:37.
Starting batch at 2016-09-23 16:19:01.
First record: 'https://uk.linkedin.com/in/shashi-malhotra-9b996088'
Completed batch 2016-09-23 16:19:42 at 194.793790 records/sec.
2800000 of 3228361 records processed (87%).
Estimated finish: 2016-09-23 16:55:38.
Starting batch at 2016-09-23 16:19:42.
First record: 'https://uk.linkedin.com/in/sheila-sheppard-jones-73759744'
Completed batch 2016-09-23 16:20:20 at 210.187350 records/sec.
2808000 of 3228361 records processed (87%).
Estimated finish: 2016-09-23 16:55:36.
Starting batch at 2016-09-23 16:20:20.
First record: 'https://uk.linkedin.com/in/shira-katalin-keller-21779526'
Completed batch 2016-09-23 16:20:58 at 210.186378 records/sec.
2816000 of 3228361 records processed (87%).
Estimated finish: 2016-09-23 16:55:33.
Starting batch at 2016-09-23 16:20:58.
First record: 'https://uk.linkedin.com/in/sian-kingsman-654b51b3'
Completed batch 2016-09-23 16:21:41 at 185.738341 records/sec.
2824000 of 3228361 records processed (87%).
Estimated finish: 2016-09-23 16:55:36.
Starting batch at 2016-09-23 16:21:41.
First record: 'https://uk.linkedin.com/in/simon-becker-6968a292'
Completed batch 2016-09-23 16:22:30 at 166.269909 records/sec.
2832000 of 3228361 records processed (88%).
Estimated finish: 2016-09-23 16:55:45.
Starting batch at 2016-09-23 16:22:30.
First record: 'https://uk.linkedin.com/in/simren-sandhu-12775880'
Completed batch 2016-09-23 16:23:09 at 204.744063 records/sec.
2840000 of 3228361 records processed (88%).
Estimated finish: 2016-09-23 16:55:44.
Starting batch at 2016-09-23 16:23:09.
First record: 'https://uk.linkedin.com/in/s-lutta-83b20242'
Completed batch 2016-09-23 16:23:46 at 215.812280 records/sec.
2848000 of 3228361 records processed (88%).
Estimated finish: 2016-09-23 16:55:40.
Starting batch at 2016-09-23 16:23:46.
First record: 'https://uk.linkedin.com/in/sonia-thwaites-81996196'
Completed batch 2016-09-23 16:24:28 at 190.121347 records/sec.
2856000 of 3228361 records processed (88%).
Estimated finish: 2016-09-23 16:55:42.
Starting batch at 2016-09-23 16:24:28.
First record: 'https://uk.linkedin.com/in/sotiris-polyzopoulos-65756755'
Completed batch 2016-09-23 16:25:09 at 194.711371 records/sec.
2864000 of 3228361 records processed (89%).
Estimated finish: 2016-09-23 16:55:43.
Starting batch at 2016-09-23 16:25:09.
First record: 'https://uk.linkedin.com/in/st%C3%A9phane-clerc-8b947623'
Completed batch 2016-09-23 16:25:48 at 204.749649 records/sec.
2872000 of 3228361 records processed (89%).
Estimated finish: 2016-09-23 16:55:42.
Starting batch at 2016-09-23 16:25:48.
First record: 'https://uk.linkedin.com/in/steph-barden-a80a0a20'
Completed batch 2016-09-23 16:26:32 at 181.448299 records/sec.
2880000 of 3228361 records processed (89%).
Estimated finish: 2016-09-23 16:55:46.
Starting batch at 2016-09-23 16:26:32.
First record: 'https://uk.linkedin.com/in/stephen-sankson-25837275'
Completed batch 2016-09-23 16:27:18 at 173.635536 records/sec.
2888000 of 3228361 records processed (89%).
Estimated finish: 2016-09-23 16:55:53.
Starting batch at 2016-09-23 16:27:18.
First record: 'https://uk.linkedin.com/in/steve-o-keeffe-bem-mba-dipba-mbcs-mapm-1a90416'
Completed batch 2016-09-23 16:28:02 at 181.517387 records/sec.
2896000 of 3228361 records processed (90%).
Estimated finish: 2016-09-23 16:55:57.
Starting batch at 2016-09-23 16:28:02.
First record: 'https://uk.linkedin.com/in/st-laurence-school-46a22373'
Completed batch 2016-09-23 16:28:48 at 173.634014 records/sec.
2904000 of 3228361 records processed (90%).
Estimated finish: 2016-09-23 16:56:03.
Starting batch at 2016-09-23 16:28:48.
First record: 'https://uk.linkedin.com/in/sue-booys-77530852'
Completed batch 2016-09-23 16:29:27 at 204.809265 records/sec.
2912000 of 3228361 records processed (90%).
Estimated finish: 2016-09-23 16:56:02.
Starting batch at 2016-09-23 16:29:27.
First record: 'https://uk.linkedin.com/in/sumankonkumalla'
Completed batch 2016-09-23 16:30:08 at 194.713158 records/sec.
2920000 of 3228361 records processed (90%).
Estimated finish: 2016-09-23 16:56:03.
Starting batch at 2016-09-23 16:30:08.
First record: 'https://uk.linkedin.com/in/susan-iddenden-06268857'
Completed batch 2016-09-23 16:30:49 at 194.761405 records/sec.
2928000 of 3228361 records processed (91%).
Estimated finish: 2016-09-23 16:56:03.
Starting batch at 2016-09-23 16:30:49.
First record: 'https://uk.linkedin.com/in/suzanne-stainsby-72ba1a57'
Completed batch 2016-09-23 16:31:30 at 199.638664 records/sec.
2936000 of 3228361 records processed (91%).
Estimated finish: 2016-09-23 16:56:03.
Starting batch at 2016-09-23 16:31:30.
First record: 'https://uk.linkedin.com/in/sylwia-gniazdowska-44101b104'
Completed batch 2016-09-23 16:32:12 at 190.108376 records/sec.
2944000 of 3228361 records processed (91%).
Estimated finish: 2016-09-23 16:56:05.
Starting batch at 2016-09-23 16:32:12.
First record: 'https://uk.linkedin.com/in/tanera-snell-6056598'
Completed batch 2016-09-23 16:32:55 at 185.703681 records/sec.
2952000 of 3228361 records processed (91%).
Estimated finish: 2016-09-23 16:56:08.
Starting batch at 2016-09-23 16:32:55.
First record: 'https://uk.linkedin.com/in/t-c-wong-56737245'
Completed batch 2016-09-23 16:33:36 at 194.773620 records/sec.
2960000 of 3228361 records processed (92%).
Estimated finish: 2016-09-23 16:56:09.
Starting batch at 2016-09-23 16:33:36.
First record: 'https://uk.linkedin.com/in/terrie-jarrett-4aa095ab'
Completed batch 2016-09-23 16:34:16 at 199.614141 records/sec.
2968000 of 3228361 records processed (92%).
Estimated finish: 2016-09-23 16:56:09.
Starting batch at 2016-09-23 16:34:16.
First record: 'https://uk.linkedin.com/in/the-hyndburn-project-group-ab0109a8'
Completed batch 2016-09-23 16:34:58 at 190.100520 records/sec.
2976000 of 3228361 records processed (92%).
Estimated finish: 2016-09-23 16:56:11.
Starting batch at 2016-09-23 16:34:58.
First record: 'https://uk.linkedin.com/in/thomas-dodwell-46a9041'
Completed batch 2016-09-23 16:35:42 at 181.473531 records/sec.
2984000 of 3228361 records processed (92%).
Estimated finish: 2016-09-23 16:56:15.
Starting batch at 2016-09-23 16:35:42.
First record: 'https://uk.linkedin.com/in/tijani-modinat-94a28477'
Completed batch 2016-09-23 16:36:30 at 166.364746 records/sec.
2992000 of 3228361 records processed (93%).
Estimated finish: 2016-09-23 16:56:23.
Starting batch at 2016-09-23 16:36:30.
First record: 'https://uk.linkedin.com/in/tina-barrett-b624ba14'
Completed batch 2016-09-23 16:37:13 at 185.739359 records/sec.
3000000 of 3228361 records processed (93%).
Estimated finish: 2016-09-23 16:56:26.
Starting batch at 2016-09-23 16:37:13.
First record: 'https://uk.linkedin.com/in/toby-widdowson-49011132'
Completed batch 2016-09-23 16:37:57 at 181.466080 records/sec.
3008000 of 3228361 records processed (93%).
Estimated finish: 2016-09-23 16:56:30.
Starting batch at 2016-09-23 16:37:57.
First record: 'https://uk.linkedin.com/in/tom-princely-837ba853'
Completed batch 2016-09-23 16:38:41 at 181.503146 records/sec.
3016000 of 3228361 records processed (93%).
Estimated finish: 2016-09-23 16:56:34.
Starting batch at 2016-09-23 16:38:41.
First record: 'https://uk.linkedin.com/in/tony-mcnicoll-65225750'
Completed batch 2016-09-23 16:39:20 at 204.766786 records/sec.
3024000 of 3228361 records processed (94%).
Estimated finish: 2016-09-23 16:56:32.
Starting batch at 2016-09-23 16:39:20.
First record: 'https://uk.linkedin.com/in/tracy-blatchford-66459852'
Completed batch 2016-09-23 16:40:02 at 190.112085 records/sec.
3032000 of 3228361 records processed (94%).
Estimated finish: 2016-09-23 16:56:34.
Starting batch at 2016-09-23 16:40:02.
First record: 'https://uk.linkedin.com/in/trish-ritchie-7513a898'
Completed batch 2016-09-23 16:40:44 at 194.659185 records/sec.
3040000 of 3228361 records processed (94%).
Estimated finish: 2016-09-23 16:56:35.
Starting batch at 2016-09-23 16:40:44.
First record: 'https://uk.linkedin.com/in/twinfmbrian'
Completed batch 2016-09-23 16:41:28 at 181.408746 records/sec.
3048000 of 3228361 records processed (94%).
Estimated finish: 2016-09-23 16:56:39.
Starting batch at 2016-09-23 16:41:28.
First record: 'https://uk.linkedin.com/in/urnisha-lakhani-9b259052'
Completed batch 2016-09-23 16:42:12 at 181.507593 records/sec.
3056000 of 3228361 records processed (95%).
Estimated finish: 2016-09-23 16:56:43.
Starting batch at 2016-09-23 16:42:12.
First record: 'https://uk.linkedin.com/in/valerie-osborn-48aa3383'
Completed batch 2016-09-23 16:42:52 at 199.649411 records/sec.
3064000 of 3228361 records processed (95%).
Estimated finish: 2016-09-23 16:56:42.
Starting batch at 2016-09-23 16:42:52.
First record: 'https://uk.linkedin.com/in/vari-watt-51b78460'
Completed batch 2016-09-23 16:43:32 at 199.662276 records/sec.
3072000 of 3228361 records processed (95%).
Estimated finish: 2016-09-23 16:56:42.
Starting batch at 2016-09-23 16:43:32.
First record: 'https://uk.linkedin.com/in/veronica-holmes-7a570334'
Completed batch 2016-09-23 16:44:13 at 194.747153 records/sec.
3080000 of 3228361 records processed (95%).
Estimated finish: 2016-09-23 16:56:43.
Starting batch at 2016-09-23 16:44:13.
First record: 'https://uk.linkedin.com/in/vic-tokarski-12830ab'
Completed batch 2016-09-23 16:44:58 at 177.497249 records/sec.
3088000 of 3228361 records processed (96%).
Estimated finish: 2016-09-23 16:56:47.
Starting batch at 2016-09-23 16:44:58.
First record: 'https://uk.linkedin.com/in/victor-peters-bb880743'
Completed batch 2016-09-23 16:45:42 at 181.473362 records/sec.
3096000 of 3228361 records processed (96%).
Estimated finish: 2016-09-23 16:56:51.
Starting batch at 2016-09-23 16:45:42.
First record: 'https://uk.linkedin.com/in/vijay-chanmugam-8b6002a2'
Completed batch 2016-09-23 16:46:24 at 190.183272 records/sec.
3104000 of 3228361 records processed (96%).
Estimated finish: 2016-09-23 16:56:53.
Starting batch at 2016-09-23 16:46:24.
First record: 'https://uk.linkedin.com/in/vincent-oliver-93b77834'
Completed batch 2016-09-23 16:47:05 at 194.676541 records/sec.
3112000 of 3228361 records processed (96%).
Estimated finish: 2016-09-23 16:56:54.
Starting batch at 2016-09-23 16:47:05.
First record: 'https://uk.linkedin.com/in/vitavas-wimoolchat-590724aa'
Completed batch 2016-09-23 16:47:46 at 194.747186 records/sec.
3120000 of 3228361 records processed (97%).
Estimated finish: 2016-09-23 16:56:54.
Starting batch at 2016-09-23 16:47:46.
First record: 'https://uk.linkedin.com/in/waheed-bhai-gill-1313a845'
Completed batch 2016-09-23 16:48:26 at 199.620487 records/sec.
3128000 of 3228361 records processed (97%).
Estimated finish: 2016-09-23 16:56:54.
Starting batch at 2016-09-23 16:48:26.
First record: 'https://uk.linkedin.com/in/w-com-394b388a'
Completed batch 2016-09-23 16:49:06 at 204.774774 records/sec.
3136000 of 3228361 records processed (97%).
Estimated finish: 2016-09-23 16:56:52.
Starting batch at 2016-09-23 16:49:06.
First record: 'https://uk.linkedin.com/in/wiesio-olczak-49474684'
Traceback (most recent call last):
  File "../src/parse_linkedin.py", line 242, in <module>
    main(args)
  File "../src/parse_linkedin.py", line 224, in main
    workdir='jobs', prefix='parse_linkedin')
  File "/home/geektalent/GeekTalentDB/src/windowquery.py", line 270, in split_process
    parallel_process(pargs)
  File "/home/geektalent/GeekTalentDB/src/parallelize.py", line 503, in __call__
    timeout=self.timeout)
  File "/home/geektalent/GeekTalentDB/src/parallelize.py", line 364, in _parallelize
    raise RuntimeError('Parallel execution failed')
RuntimeError: Parallel execution failed
