nohup: ignoring input
Starting batch at 2016-09-09 13:13:03.
First record: 'http://ca.linkedin.com/in/patwijayasekara'
Completed batch 2016-09-09 13:13:37 at 234.103783 records/sec.
8000 of 3013622 records processed (0%).
Estimated finish: 2016-09-10 03:59:48.
Starting batch at 2016-09-09 13:13:37.
First record: 'https://uk.linkedin.com/in/abbah-onyebuchi-431bba6a'
Completed batch 2016-09-09 13:14:08 at 257.341801 records/sec.
16000 of 3013622 records processed (1%).
Estimated finish: 2016-09-09 22:13:07.
Starting batch at 2016-09-09 13:14:08.
First record: 'https://uk.linkedin.com/in/abdul-khayoom-95638051'
Completed batch 2016-09-09 13:14:45 at 221.732452 records/sec.
24000 of 3013622 records processed (1%).
Estimated finish: 2016-09-09 20:28:01.
Starting batch at 2016-09-09 13:14:45.
First record: 'https://uk.linkedin.com/in/a%C3%AFcha-mehrez-9b431834'
Completed batch 2016-09-09 13:15:19 at 234.773797 records/sec.
32000 of 3013622 records processed (1%).
Estimated finish: 2016-09-09 19:32:19.
Starting batch at 2016-09-09 13:15:19.
First record: 'https://uk.linkedin.com/in/achint-soni-8b613082'
Completed batch 2016-09-09 13:15:54 at 228.126946 records/sec.
40000 of 3013622 records processed (1%).
Estimated finish: 2016-09-09 19:00:08.
Starting batch at 2016-09-09 13:15:54.
First record: 'https://uk.linkedin.com/in/adam-ryan-scothern-b5b23722'
Completed batch 2016-09-09 13:16:27 at 241.907499 records/sec.
48000 of 3013622 records processed (2%).
Estimated finish: 2016-09-09 18:36:36.
Starting batch at 2016-09-09 13:16:27.
First record: 'https://uk.linkedin.com/in/adele-pitman-412050a3'
Completed batch 2016-09-09 13:16:55 at 284.966889 records/sec.
56000 of 3013622 records processed (2%).
Estimated finish: 2016-09-09 18:15:18.
Starting batch at 2016-09-09 13:16:55.
First record: 'https://uk.linkedin.com/in/ad-porter-54022779'
Completed batch 2016-09-09 13:17:29 at 234.737727 records/sec.
64000 of 3013622 records processed (2%).
Estimated finish: 2016-09-09 18:04:02.
Starting batch at 2016-09-09 13:17:29.
First record: 'https://uk.linkedin.com/in/adrian-zoltan-zsigmond-56231738'
Completed batch 2016-09-09 13:18:01 at 249.454505 records/sec.
72000 of 3013622 records processed (2%).
Estimated finish: 2016-09-09 17:53:53.
Starting batch at 2016-09-09 13:18:01.
First record: 'https://uk.linkedin.com/in/agnes-bella-7a633876'
Completed batch 2016-09-09 13:18:31 at 265.816983 records/sec.
80000 of 3013622 records processed (3%).
Estimated finish: 2016-09-09 17:44:31.
Starting batch at 2016-09-09 13:18:31.
First record: 'https://uk.linkedin.com/in/ahmed-m-mafaas-mohammed-9a428339'
Completed batch 2016-09-09 13:19:06 at 228.053701 records/sec.
88000 of 3013622 records processed (3%).
Estimated finish: 2016-09-09 17:39:42.
Starting batch at 2016-09-09 13:19:06.
First record: 'https://uk.linkedin.com/in/aina-olubunmi-a3a253a9'
Completed batch 2016-09-09 13:19:37 at 257.429860 records/sec.
96000 of 3013622 records processed (3%).
Estimated finish: 2016-09-09 17:33:35.
Starting batch at 2016-09-09 13:19:37.
First record: 'https://uk.linkedin.com/in/akhil-ashok-20902132'
Completed batch 2016-09-09 13:20:07 at 265.694967 records/sec.
104000 of 3013622 records processed (3%).
Estimated finish: 2016-09-09 17:27:57.
Starting batch at 2016-09-09 13:20:07.
First record: 'https://uk.linkedin.com/in/alan-conyard-31371a23'
Completed batch 2016-09-09 13:20:41 at 234.834036 records/sec.
112000 of 3013622 records processed (4%).
Estimated finish: 2016-09-09 17:24:54.
Starting batch at 2016-09-09 13:20:41.
First record: 'https://uk.linkedin.com/in/alastair-blaber-8142b564'
Completed batch 2016-09-09 13:21:15 at 234.590429 records/sec.
120000 of 3013622 records processed (4%).
Estimated finish: 2016-09-09 17:22:15.
Starting batch at 2016-09-09 13:21:15.
First record: 'https://uk.linkedin.com/in/alejandra-miyazawa-8b158b27'
Completed batch 2016-09-09 13:21:51 at 228.089482 records/sec.
128000 of 3013622 records processed (4%).
Estimated finish: 2016-09-09 17:20:20.
Starting batch at 2016-09-09 13:21:51.
First record: 'https://uk.linkedin.com/in/alex-andrejevic-a7574762'
Completed batch 2016-09-09 13:22:25 at 234.746764 records/sec.
136000 of 3013622 records processed (5%).
Estimated finish: 2016-09-09 17:18:16.
Starting batch at 2016-09-09 13:22:25.
First record: 'https://uk.linkedin.com/in/alex-%D0%B3%D1%80%D0%B8%D0%B3%D0%BE%D1%80%D1%8C%D0%B5%D0%B2-%D0%B0%D0%BB%D0%B5%D0%BA%D1%81%D0%B5%D0%B9-07380924'
Completed batch 2016-09-09 13:22:58 at 241.893140 records/sec.
144000 of 3013622 records processed (5%).
Estimated finish: 2016-09-09 17:16:05.
Starting batch at 2016-09-09 13:22:58.
First record: 'https://uk.linkedin.com/in/al-hassan-barrie-a1355334'
Completed batch 2016-09-09 13:23:30 at 249.490805 records/sec.
152000 of 3013622 records processed (5%).
Estimated finish: 2016-09-09 17:13:48.
Starting batch at 2016-09-09 13:23:30.
First record: 'https://uk.linkedin.com/in/ali-farhangkhah-19071477'
Completed batch 2016-09-09 13:24:03 at 241.953723 records/sec.
160000 of 3013622 records processed (5%).
Estimated finish: 2016-09-09 17:12:03.
Starting batch at 2016-09-09 13:24:03.
First record: 'https://uk.linkedin.com/in/ali-munnis-54738697'
Completed batch 2016-09-09 13:24:32 at 274.975104 records/sec.
168000 of 3013622 records processed (6%).
Estimated finish: 2016-09-09 17:09:17.
Starting batch at 2016-09-09 13:24:32.
First record: 'https://uk.linkedin.com/in/alison-quinsee-8a86a151'
Completed batch 2016-09-09 13:25:03 at 257.537553 records/sec.
176000 of 3013622 records processed (6%).
Estimated finish: 2016-09-09 17:07:19.
Starting batch at 2016-09-09 13:25:03.
First record: 'https://uk.linkedin.com/in/al-tayon-6339575'
Completed batch 2016-09-09 13:25:33 at 265.941568 records/sec.
184000 of 3013622 records processed (6%).
Estimated finish: 2016-09-09 17:05:16.
Starting batch at 2016-09-09 13:25:33.
First record: 'https://uk.linkedin.com/in/al-wighton-928bb688'
Completed batch 2016-09-09 13:26:04 at 257.531584 records/sec.
192000 of 3013622 records processed (6%).
Estimated finish: 2016-09-09 17:03:39.
Starting batch at 2016-09-09 13:26:04.
First record: 'https://uk.linkedin.com/in/ama-tawiah-b8564a28'
Completed batch 2016-09-09 13:26:35 at 257.440497 records/sec.
200000 of 3013622 records processed (7%).
Estimated finish: 2016-09-09 17:02:09.
Starting batch at 2016-09-09 13:26:35.
First record: 'https://uk.linkedin.com/in/ameet-sehmby-7973a065'
Completed batch 2016-09-09 13:27:08 at 241.749030 records/sec.
208000 of 3013622 records processed (7%).
Estimated finish: 2016-09-09 17:01:16.
Starting batch at 2016-09-09 13:27:08.
First record: 'https://uk.linkedin.com/in/amjad-shah-shah-10098884'
Completed batch 2016-09-09 13:27:38 at 266.034958 records/sec.
216000 of 3013622 records processed (7%).
Estimated finish: 2016-09-09 16:59:44.
Starting batch at 2016-09-09 13:27:38.
First record: 'https://uk.linkedin.com/in/amy-zena-9a1a9767'
Completed batch 2016-09-09 13:28:11 at 241.879771 records/sec.
224000 of 3013622 records processed (7%).
Estimated finish: 2016-09-09 16:59:00.
Starting batch at 2016-09-09 13:28:11.
First record: 'https://uk.linkedin.com/in/anderson-haskel-1552ab80'
Completed batch 2016-09-09 13:28:42 at 265.994578 records/sec.
232000 of 3013622 records processed (8%).
Estimated finish: 2016-09-09 16:57:39.
Starting batch at 2016-09-09 13:28:42.
First record: 'https://uk.linkedin.com/in/andre-nawaz-majiet-74482790'
Completed batch 2016-09-09 13:29:20 at 210.085347 records/sec.
240000 of 3013622 records processed (8%).
Estimated finish: 2016-09-09 16:58:05.
Starting batch at 2016-09-09 13:29:20.
First record: 'https://uk.linkedin.com/in/andrew-edwards-mimarest-5636421a'
Completed batch 2016-09-09 13:30:00 at 199.549477 records/sec.
248000 of 3013622 records processed (8%).
Estimated finish: 2016-09-09 16:58:53.
Starting batch at 2016-09-09 13:30:00.
First record: 'https://uk.linkedin.com/in/andrew-rusack-a8b77'
Completed batch 2016-09-09 13:30:36 at 221.761211 records/sec.
256000 of 3013622 records processed (8%).
Estimated finish: 2016-09-09 16:58:51.
Starting batch at 2016-09-09 13:30:36.
First record: 'https://uk.linkedin.com/in/andy-elsbury-5b6a2b8b'
Completed batch 2016-09-09 13:31:11 at 228.082095 records/sec.
264000 of 3013622 records processed (9%).
Estimated finish: 2016-09-09 16:58:37.
Starting batch at 2016-09-09 13:31:11.
First record: 'https://uk.linkedin.com/in/anett-g%C3%B6ncz%C3%B6l-bb303660'
Completed batch 2016-09-09 13:31:39 at 285.113074 records/sec.
272000 of 3013622 records processed (9%).
Estimated finish: 2016-09-09 16:57:07.
Starting batch at 2016-09-09 13:31:39.
First record: 'https://uk.linkedin.com/in/ange-stonestreet-ab08134'
Completed batch 2016-09-09 13:32:10 at 257.513504 records/sec.
280000 of 3013622 records processed (9%).
Estimated finish: 2016-09-09 16:56:14.
Starting batch at 2016-09-09 13:32:10.
First record: 'https://uk.linkedin.com/in/aniko-fajka-54750496'
Completed batch 2016-09-09 13:32:40 at 266.143623 records/sec.
288000 of 3013622 records processed (10%).
Estimated finish: 2016-09-09 16:55:14.
Starting batch at 2016-09-09 13:32:40.
First record: 'https://uk.linkedin.com/in/ankita-agrawal-sardana-67214323'
Completed batch 2016-09-09 13:33:14 at 234.765426 records/sec.
296000 of 3013622 records processed (10%).
Estimated finish: 2016-09-09 16:54:58.
Starting batch at 2016-09-09 13:33:14.
First record: 'https://uk.linkedin.com/in/ann-baston-06b16aa2'
Completed batch 2016-09-09 13:33:44 at 266.128679 records/sec.
304000 of 3013622 records processed (10%).
Estimated finish: 2016-09-09 16:54:02.
Starting batch at 2016-09-09 13:33:44.
First record: 'https://uk.linkedin.com/in/ann-donnellybog-4b5b35b5'
Completed batch 2016-09-09 13:34:13 at 275.218627 records/sec.
312000 of 3013622 records processed (10%).
Estimated finish: 2016-09-09 16:53:00.
Starting batch at 2016-09-09 13:34:13.
First record: 'https://uk.linkedin.com/in/ann-howse-149658b5'
Completed batch 2016-09-09 13:34:40 at 295.670482 records/sec.
320000 of 3013622 records processed (11%).
Estimated finish: 2016-09-09 16:51:43.
Starting batch at 2016-09-09 13:34:40.
First record: 'https://uk.linkedin.com/in/ann-maniego-calahi-7597334a'
Completed batch 2016-09-09 13:35:08 at 284.473726 records/sec.
328000 of 3013622 records processed (11%).
Estimated finish: 2016-09-09 16:50:38.
Starting batch at 2016-09-09 13:35:08.
First record: 'https://uk.linkedin.com/in/anthony-akerele-3026a739'
Completed batch 2016-09-09 13:35:39 at 265.898274 records/sec.
336000 of 3013622 records processed (11%).
Estimated finish: 2016-09-09 16:49:55.
Starting batch at 2016-09-09 13:35:39.
First record: 'https://uk.linkedin.com/in/antonella-a-linguanti-b640b577'
Completed batch 2016-09-09 13:36:10 at 257.487719 records/sec.
344000 of 3013622 records processed (11%).
Estimated finish: 2016-09-09 16:49:22.
Starting batch at 2016-09-09 13:36:10.
First record: 'https://uk.linkedin.com/in/a-o-fashola-2b48ba23'
Completed batch 2016-09-09 13:36:39 at 275.220047 records/sec.
352000 of 3013622 records processed (12%).
Estimated finish: 2016-09-09 16:48:33.
Starting batch at 2016-09-09 13:36:39.
First record: 'https://uk.linkedin.com/in/arden-will-a93699a5'
Completed batch 2016-09-09 13:37:07 at 285.143927 records/sec.
360000 of 3013622 records processed (12%).
Estimated finish: 2016-09-09 16:47:39.
Starting batch at 2016-09-09 13:37:07.
First record: 'https://uk.linkedin.com/in/aron-mebrahtu-a7b48a64'
Completed batch 2016-09-09 13:37:36 at 275.283669 records/sec.
368000 of 3013622 records processed (12%).
Estimated finish: 2016-09-09 16:46:54.
Starting batch at 2016-09-09 13:37:36.
First record: 'https://uk.linkedin.com/in/asad-farookhi-0ba7551a'
Completed batch 2016-09-09 13:38:07 at 257.545711 records/sec.
376000 of 3013622 records processed (12%).
Estimated finish: 2016-09-09 16:46:28.
Starting batch at 2016-09-09 13:38:07.
First record: 'https://uk.linkedin.com/in/ashmeen-kaur-b5852478'
Completed batch 2016-09-09 13:38:38 at 257.379480 records/sec.
384000 of 3013622 records processed (13%).
Estimated finish: 2016-09-09 16:46:03.
Starting batch at 2016-09-09 13:38:38.
First record: 'https://uk.linkedin.com/in/athba-q-8826a84b'
Completed batch 2016-09-09 13:39:05 at 295.695137 records/sec.
392000 of 3013622 records processed (13%).
Estimated finish: 2016-09-09 16:45:08.
Starting batch at 2016-09-09 13:39:05.
First record: 'https://uk.linkedin.com/in/aurthur-pajak-3068bb55'
Completed batch 2016-09-09 13:39:34 at 275.276111 records/sec.
400000 of 3013622 records processed (13%).
Estimated finish: 2016-09-09 16:44:30.
Starting batch at 2016-09-09 13:39:34.
First record: 'https://uk.linkedin.com/in/ayodeji-adegunle-54039793'
Completed batch 2016-09-09 13:40:05 at 257.479440 records/sec.
408000 of 3013622 records processed (14%).
Estimated finish: 2016-09-09 16:44:09.
Starting batch at 2016-09-09 13:40:05.
First record: 'https://uk.linkedin.com/in/b-a-morgan-96710654'
Completed batch 2016-09-09 13:40:38 at 241.676013 records/sec.
416000 of 3013622 records processed (14%).
Estimated finish: 2016-09-09 16:44:03.
Starting batch at 2016-09-09 13:40:38.
First record: 'https://uk.linkedin.com/in/barbara-stronach-stronach-87b0a686'
Completed batch 2016-09-09 13:41:09 at 257.576600 records/sec.
424000 of 3013622 records processed (14%).
Estimated finish: 2016-09-09 16:43:43.
Starting batch at 2016-09-09 13:41:09.
First record: 'https://uk.linkedin.com/in/bartosz-klaczkiewicz-1b458745'
Completed batch 2016-09-09 13:41:39 at 265.714541 records/sec.
432000 of 3013622 records processed (14%).
Estimated finish: 2016-09-09 16:43:17.
Starting batch at 2016-09-09 13:41:39.
First record: 'https://uk.linkedin.com/in/beccy-jones-reading-a6a89581'
Completed batch 2016-09-09 13:42:10 at 257.584669 records/sec.
440000 of 3013622 records processed (15%).
Estimated finish: 2016-09-09 16:42:58.
Starting batch at 2016-09-09 13:42:10.
First record: 'https://uk.linkedin.com/in/ben-dlamini-a19103a1'
Completed batch 2016-09-09 13:42:44 at 234.814206 records/sec.
448000 of 3013622 records processed (15%).
Estimated finish: 2016-09-09 16:43:01.
Starting batch at 2016-09-09 13:42:44.
First record: 'https://uk.linkedin.com/in/ben-saunt-25665998'
Completed batch 2016-09-09 13:43:16 at 257.468800 records/sec.
456000 of 3013622 records processed (15%).
Estimated finish: 2016-09-09 16:42:43.
Starting batch at 2016-09-09 13:43:16.
First record: 'https://uk.linkedin.com/in/bertha-madume-454695b3'
Completed batch 2016-09-09 13:43:47 at 257.533267 records/sec.
464000 of 3013622 records processed (15%).
Estimated finish: 2016-09-09 16:42:26.
Starting batch at 2016-09-09 13:43:47.
First record: 'https://uk.linkedin.com/in/bev-wine-83769529'
Completed batch 2016-09-09 13:44:17 at 266.093006 records/sec.
472000 of 3013622 records processed (16%).
Estimated finish: 2016-09-09 16:42:03.
Starting batch at 2016-09-09 13:44:17.
First record: 'https://uk.linkedin.com/in/bil-bobaggins-37b00119'
Completed batch 2016-09-09 13:44:48 at 257.531492 records/sec.
480000 of 3013622 records processed (16%).
Estimated finish: 2016-09-09 16:41:48.
Starting batch at 2016-09-09 13:44:48.
First record: 'https://uk.linkedin.com/in/b-lloyd-412bbb71'
Completed batch 2016-09-09 13:45:17 at 275.272739 records/sec.
488000 of 3013622 records processed (16%).
Estimated finish: 2016-09-09 16:41:20.
Starting batch at 2016-09-09 13:45:17.
First record: 'https://uk.linkedin.com/in/bob-burnes-b57b1323'
Completed batch 2016-09-09 13:45:45 at 285.079140 records/sec.
496000 of 3013622 records processed (16%).
Estimated finish: 2016-09-09 16:40:47.
Starting batch at 2016-09-09 13:45:45.
First record: 'https://uk.linkedin.com/in/boo-dog-02283b54'
Completed batch 2016-09-09 13:46:17 at 249.505659 records/sec.
504000 of 3013622 records processed (17%).
Estimated finish: 2016-09-09 16:40:39.
Starting batch at 2016-09-09 13:46:17.
First record: 'https://uk.linkedin.com/in/brenda-morley-a4573222'
Completed batch 2016-09-09 13:46:52 at 228.105006 records/sec.
512000 of 3013622 records processed (17%).
Estimated finish: 2016-09-09 16:40:49.
Starting batch at 2016-09-09 13:46:52.
First record: 'https://uk.linkedin.com/in/br-nasir-dhanani-603a212b'
Completed batch 2016-09-09 13:47:24 at 249.527870 records/sec.
520000 of 3013622 records processed (17%).
Estimated finish: 2016-09-09 16:40:42.
Starting batch at 2016-09-09 13:47:24.
First record: 'https://uk.linkedin.com/in/bruce-lethaby-1b41619'
Completed batch 2016-09-09 13:47:58 at 234.837180 records/sec.
528000 of 3013622 records processed (18%).
Estimated finish: 2016-09-09 16:40:46.
Starting batch at 2016-09-09 13:47:58.
First record: 'https://uk.linkedin.com/in/butcher-lpc-b8064157'
Completed batch 2016-09-09 13:48:29 at 257.446586 records/sec.
536000 of 3013622 records processed (18%).
Estimated finish: 2016-09-09 16:40:33.
Starting batch at 2016-09-09 13:48:29.
First record: 'https://uk.linkedin.com/in/camila-charria-leslie-73489a3a'
Completed batch 2016-09-09 13:49:00 at 257.552950 records/sec.
544000 of 3013622 records processed (18%).
Estimated finish: 2016-09-09 16:40:20.
Starting batch at 2016-09-09 13:49:00.
First record: 'https://uk.linkedin.com/in/carl-joanne-4252a586'
Completed batch 2016-09-09 13:49:27 at 295.563419 records/sec.
552000 of 3013622 records processed (18%).
Estimated finish: 2016-09-09 16:39:46.
Starting batch at 2016-09-09 13:49:27.
First record: 'https://uk.linkedin.com/in/carol-jones-cardiff-049b4038'
Completed batch 2016-09-09 13:49:53 at 306.943189 records/sec.
560000 of 3013622 records processed (19%).
Estimated finish: 2016-09-09 16:39:08.
Starting batch at 2016-09-09 13:49:53.
First record: 'https://uk.linkedin.com/in/carolyn-woodmason-b2102767'
Completed batch 2016-09-09 13:50:26 at 241.898129 records/sec.
568000 of 3013622 records processed (19%).
Estimated finish: 2016-09-09 16:39:08.
Starting batch at 2016-09-09 13:50:26.
First record: 'https://uk.linkedin.com/in/cemal-sunar-77938819'
Completed batch 2016-09-09 13:51:05 at 210.089302 records/sec.
576000 of 3013622 records processed (19%).
Estimated finish: 2016-09-09 16:39:34.
Starting batch at 2016-09-09 13:51:05.
First record: 'https://uk.linkedin.com/in/cherie-homewood-366851b4'
Completed batch 2016-09-09 13:51:40 at 228.058570 records/sec.
584000 of 3013622 records processed (19%).
Estimated finish: 2016-09-09 16:39:44.
Starting batch at 2016-09-09 13:51:40.
First record: 'https://uk.linkedin.com/in/chloe-hitchinson-481116ab'
Completed batch 2016-09-09 13:52:18 at 210.094362 records/sec.
592000 of 3013622 records processed (20%).
Estimated finish: 2016-09-09 16:40:08.
Starting batch at 2016-09-09 13:52:18.
First record: 'https://uk.linkedin.com/in/chris-mulvihill-mba-09787219'
Completed batch 2016-09-09 13:52:56 at 210.131517 records/sec.
600000 of 3013622 records processed (20%).
Estimated finish: 2016-09-09 16:40:32.
Starting batch at 2016-09-09 13:52:56.
First record: 'https://uk.linkedin.com/in/christin-fieber-ba39631b'
Completed batch 2016-09-09 13:53:32 at 221.814103 records/sec.
608000 of 3013622 records processed (20%).
Estimated finish: 2016-09-09 16:40:46.
Starting batch at 2016-09-09 13:53:32.
First record: 'https://uk.linkedin.com/in/chris-workman-eng-tech-tmiet-lcgi-31b74831'
Completed batch 2016-09-09 13:54:06 at 234.807155 records/sec.
616000 of 3013622 records processed (20%).
Estimated finish: 2016-09-09 16:40:49.
Starting batch at 2016-09-09 13:54:06.
First record: 'https://uk.linkedin.com/in/claire-spiteri-thompson-cert-cii-a8506091'
Completed batch 2016-09-09 13:54:38 at 249.496866 records/sec.
624000 of 3013622 records processed (21%).
Estimated finish: 2016-09-09 16:40:43.
Starting batch at 2016-09-09 13:54:38.
First record: 'https://uk.linkedin.com/in/clicks-contacts-57a20920'
Completed batch 2016-09-09 13:55:09 at 257.591744 records/sec.
632000 of 3013622 records processed (21%).
Estimated finish: 2016-09-09 16:40:32.
Starting batch at 2016-09-09 13:55:09.
First record: 'https://uk.linkedin.com/in/collins-cocodia-boneladoh-a32b4a30'
Completed batch 2016-09-09 13:55:37 at 285.116996 records/sec.
640000 of 3013622 records processed (21%).
Estimated finish: 2016-09-09 16:40:07.
Starting batch at 2016-09-09 13:55:37.
First record: 'https://uk.linkedin.com/in/craig-bruton-2237484'
Completed batch 2016-09-09 13:56:07 at 265.972761 records/sec.
648000 of 3013622 records processed (22%).
Estimated finish: 2016-09-09 16:39:52.
Starting batch at 2016-09-09 13:56:07.
First record: 'https://uk.linkedin.com/in/%D0%B3%D0%B5%D0%BE%D1%80%D0%B3%D0%B8-%D1%86%D0%B5%D0%BD%D0%B5%D0%B2-45891993'
Completed batch 2016-09-09 13:56:37 at 266.075836 records/sec.
656000 of 3013622 records processed (22%).
Estimated finish: 2016-09-09 16:39:38.
Starting batch at 2016-09-09 13:56:37.
First record: 'https://uk.linkedin.com/in/dalraj-singh-kahlon-56342017'
Completed batch 2016-09-09 13:57:16 at 204.746778 records/sec.
664000 of 3013622 records processed (22%).
Estimated finish: 2016-09-09 16:40:05.
Starting batch at 2016-09-09 13:57:16.
First record: 'https://uk.linkedin.com/in/daniel-charbonnier-50a6b730'
Completed batch 2016-09-09 13:57:56 at 199.562708 records/sec.
672000 of 3013622 records processed (22%).
Estimated finish: 2016-09-09 16:40:35.
Starting batch at 2016-09-09 13:57:56.
First record: 'https://uk.linkedin.com/in/dan-mulley-27abb148'
Completed batch 2016-09-09 13:58:33 at 215.833933 records/sec.
680000 of 3013622 records processed (23%).
Estimated finish: 2016-09-09 16:40:52.
Starting batch at 2016-09-09 13:58:33.
First record: 'https://uk.linkedin.com/in/dario-torfi-rodriguez-45446239'
Completed batch 2016-09-09 13:59:11 at 215.791311 records/sec.
688000 of 3013622 records processed (23%).
Estimated finish: 2016-09-09 16:41:08.
Starting batch at 2016-09-09 13:59:11.
First record: 'https://uk.linkedin.com/in/dave-elnor-91631952'
Completed batch 2016-09-09 13:59:47 at 221.774798 records/sec.
696000 of 3013622 records processed (23%).
Estimated finish: 2016-09-09 16:41:19.
Starting batch at 2016-09-09 13:59:47.
First record: 'https://uk.linkedin.com/in/david-gray-certrp-31b05794'
Completed batch 2016-09-09 14:00:24 at 215.833398 records/sec.
704000 of 3013622 records processed (23%).
Estimated finish: 2016-09-09 16:41:35.
Starting batch at 2016-09-09 14:00:24.
First record: 'https://uk.linkedin.com/in/d-b-crash-repairs-36071547'
Completed batch 2016-09-09 14:00:57 at 241.927682 records/sec.
712000 of 3013622 records processed (24%).
Estimated finish: 2016-09-09 16:41:33.
Starting batch at 2016-09-09 14:00:57.
First record: 'https://uk.linkedin.com/in/debbie-haskey-11a26b75'
Completed batch 2016-09-09 14:01:27 at 266.154107 records/sec.
720000 of 3013622 records processed (24%).
Estimated finish: 2016-09-09 16:41:19.
Starting batch at 2016-09-09 14:01:27.
First record: 'https://uk.linkedin.com/in/de-hornet-a85117a6'
Completed batch 2016-09-09 14:01:58 at 257.431335 records/sec.
728000 of 3013622 records processed (24%).
Estimated finish: 2016-09-09 16:41:09.
Starting batch at 2016-09-09 14:01:58.
First record: 'https://uk.linkedin.com/in/deola-oloyede-9643a439'
Completed batch 2016-09-09 14:02:30 at 249.544573 records/sec.
736000 of 3013622 records processed (24%).
Estimated finish: 2016-09-09 16:41:03.
Starting batch at 2016-09-09 14:02:30.
First record: 'https://uk.linkedin.com/in/diamantis-vagianos-3a58766b'
Completed batch 2016-09-09 14:03:00 at 266.045804 records/sec.
744000 of 3013622 records processed (25%).
Estimated finish: 2016-09-09 16:40:50.
Starting batch at 2016-09-09 14:03:00.
First record: 'https://uk.linkedin.com/in/di-vasudev-a9a24bb1'
Completed batch 2016-09-09 14:03:34 at 234.781355 records/sec.
752000 of 3013622 records processed (25%).
Estimated finish: 2016-09-09 16:40:52.
Starting batch at 2016-09-09 14:03:34.
First record: 'https://uk.linkedin.com/in/dkdevineni'
Completed batch 2016-09-09 14:04:11 at 215.809328 records/sec.
760000 of 3013622 records processed (25%).
Estimated finish: 2016-09-09 16:41:07.
Starting batch at 2016-09-09 14:04:11.
First record: 'https://uk.linkedin.com/in/don-de-leon-7ba110101'
Completed batch 2016-09-09 14:04:42 at 257.427764 records/sec.
768000 of 3013622 records processed (25%).
Estimated finish: 2016-09-09 16:40:58.
Starting batch at 2016-09-09 14:04:42.
First record: 'https://uk.linkedin.com/in/don-searle-2116a31'
Completed batch 2016-09-09 14:05:11 at 275.273174 records/sec.
776000 of 3013622 records processed (26%).
Estimated finish: 2016-09-09 16:40:41.
Starting batch at 2016-09-09 14:05:11.
First record: 'https://uk.linkedin.com/in/dorota-tatara-b6b84773'
Completed batch 2016-09-09 14:05:44 at 241.945506 records/sec.
784000 of 3013622 records processed (26%).
Estimated finish: 2016-09-09 16:40:40.
Starting batch at 2016-09-09 14:05:44.
First record: 'https://uk.linkedin.com/in/doug-waugh-044129102'
Completed batch 2016-09-09 14:06:26 at 190.092701 records/sec.
792000 of 3013622 records processed (26%).
Estimated finish: 2016-09-09 16:41:13.
Starting batch at 2016-09-09 14:06:26.
First record: 'https://uk.linkedin.com/in/d-stapleton-7b875a15'
Completed batch 2016-09-09 14:07:05 at 210.065984 records/sec.
800000 of 3013622 records processed (27%).
Estimated finish: 2016-09-09 16:41:31.
Starting batch at 2016-09-09 14:07:05.
First record: 'https://uk.linkedin.com/in/duncan-hullah-40b84713'
Completed batch 2016-09-09 14:07:39 at 234.851802 records/sec.
808000 of 3013622 records processed (27%).
Estimated finish: 2016-09-09 16:41:33.
Starting batch at 2016-09-09 14:07:39.
First record: 'https://uk.linkedin.com/in/%E0%A4%86%E0%A4%B6%E0%A5%80-h-%E0%A4%B6r%E0%A4%AE%E0%A4%BE-0a8a7821'
Completed batch 2016-09-09 14:08:10 at 257.508796 records/sec.
816000 of 3013622 records processed (27%).
Estimated finish: 2016-09-09 16:41:24.
Starting batch at 2016-09-09 14:08:10.
First record: 'https://uk.linkedin.com/in/ed-greenaway-32850355'
Completed batch 2016-09-09 14:08:45 at 227.948309 records/sec.
824000 of 3013622 records processed (27%).
Estimated finish: 2016-09-09 16:41:30.
Starting batch at 2016-09-09 14:08:45.
First record: 'https://uk.linkedin.com/in/ed-woollard-179b9a17'
Completed batch 2016-09-09 14:09:18 at 241.941379 records/sec.
832000 of 3013622 records processed (28%).
Estimated finish: 2016-09-09 16:41:28.
Starting batch at 2016-09-09 14:09:18.
First record: 'https://uk.linkedin.com/in/elaine-byles-a2a3529b'
Completed batch 2016-09-09 14:09:52 at 234.877217 records/sec.
840000 of 3013622 records processed (28%).
Estimated finish: 2016-09-09 16:41:30.
Starting batch at 2016-09-09 14:09:52.
First record: 'https://uk.linkedin.com/in/eli-mbi-58a25345'
Completed batch 2016-09-09 14:10:26 at 234.781204 records/sec.
848000 of 3013622 records processed (28%).
Estimated finish: 2016-09-09 16:41:32.
Starting batch at 2016-09-09 14:10:26.
First record: 'https://uk.linkedin.com/in/elizabeth-metz-656b3b1'
Completed batch 2016-09-09 14:11:02 at 221.772793 records/sec.
856000 of 3013622 records processed (28%).
Estimated finish: 2016-09-09 16:41:41.
Starting batch at 2016-09-09 14:11:02.
First record: 'https://uk.linkedin.com/in/ellissa-brome-b9707039'
Completed batch 2016-09-09 14:11:36 at 234.791312 records/sec.
864000 of 3013622 records processed (29%).
Estimated finish: 2016-09-09 16:41:43.
Starting batch at 2016-09-09 14:11:36.
First record: 'https://uk.linkedin.com/in/emily-catterwell-36200a25'
Completed batch 2016-09-09 14:12:14 at 210.034575 records/sec.
872000 of 3013622 records processed (29%).
Estimated finish: 2016-09-09 16:41:59.
Starting batch at 2016-09-09 14:12:14.
First record: 'https://uk.linkedin.com/in/e-olakunle-asolo-02a370a6'
Completed batch 2016-09-09 14:12:47 at 241.973439 records/sec.
880000 of 3013622 records processed (29%).
Estimated finish: 2016-09-09 16:41:57.
Starting batch at 2016-09-09 14:12:47.
First record: 'https://uk.linkedin.com/in/erica-agombar-388b62b'
Completed batch 2016-09-09 14:13:22 at 228.139573 records/sec.
888000 of 3013622 records processed (29%).
Estimated finish: 2016-09-09 16:42:03.
Starting batch at 2016-09-09 14:13:22.
First record: 'https://uk.linkedin.com/in/ese-edivri-0a3a3546'
Completed batch 2016-09-09 14:13:54 at 249.530368 records/sec.
896000 of 3013622 records processed (30%).
Estimated finish: 2016-09-09 16:41:58.
Starting batch at 2016-09-09 14:13:54.
First record: 'https://uk.linkedin.com/in/eva-szurek-2b61b2'
Completed batch 2016-09-09 14:14:28 at 234.856249 records/sec.
904000 of 3013622 records processed (30%).
Estimated finish: 2016-09-09 16:41:59.
Starting batch at 2016-09-09 14:14:28.
First record: 'https://uk.linkedin.com/in/eze-charles-842a87a1'
Completed batch 2016-09-09 14:15:03 at 234.832478 records/sec.
912000 of 3013622 records processed (30%).
Estimated finish: 2016-09-09 16:42:01.
Starting batch at 2016-09-09 14:15:03.
First record: 'https://uk.linkedin.com/in/f-cath-bryan-27b63428'
Completed batch 2016-09-09 14:15:35 at 249.487000 records/sec.
920000 of 3013622 records processed (31%).
Estimated finish: 2016-09-09 16:41:56.
Starting batch at 2016-09-09 14:15:35.
First record: 'https://uk.linkedin.com/in/felicity-guite-18b27386'
Completed batch 2016-09-09 14:16:10 at 228.140595 records/sec.
928000 of 3013622 records processed (31%).
Estimated finish: 2016-09-09 16:42:01.
Starting batch at 2016-09-09 14:16:10.
First record: 'https://uk.linkedin.com/in/fiona-harding-jones-17246319'
Completed batch 2016-09-09 14:16:41 at 257.441972 records/sec.
936000 of 3013622 records processed (31%).
Estimated finish: 2016-09-09 16:41:53.
Starting batch at 2016-09-09 14:16:41.
First record: 'https://uk.linkedin.com/in/fran-bason-a776a3b5'
Completed batch 2016-09-09 14:17:14 at 241.951894 records/sec.
944000 of 3013622 records processed (31%).
Estimated finish: 2016-09-09 16:41:51.
Starting batch at 2016-09-09 14:17:14.
First record: 'https://uk.linkedin.com/in/fran-manton-589824a1'
Completed batch 2016-09-09 14:17:45 at 257.428212 records/sec.
952000 of 3013622 records processed (32%).
Estimated finish: 2016-09-09 16:41:43.
Starting batch at 2016-09-09 14:17:45.
First record: 'https://uk.linkedin.com/in/fridi-maravankin-1b022299'
Completed batch 2016-09-09 14:18:14 at 275.338499 records/sec.
960000 of 3013622 records processed (32%).
Estimated finish: 2016-09-09 16:41:29.
Starting batch at 2016-09-09 14:18:14.
First record: 'https://uk.linkedin.com/in/gabriel-quiros-581a57a0'
Completed batch 2016-09-09 14:18:49 at 228.014409 records/sec.
968000 of 3013622 records processed (32%).
Estimated finish: 2016-09-09 16:41:34.
Starting batch at 2016-09-09 14:18:49.
First record: 'https://uk.linkedin.com/in/gareth-black-b6673868'
Completed batch 2016-09-09 14:19:33 at 181.508936 records/sec.
976000 of 3013622 records processed (32%).
Estimated finish: 2016-09-09 16:42:07.
Starting batch at 2016-09-09 14:19:33.
First record: 'https://uk.linkedin.com/in/garry-sugden-7528ab55'
Completed batch 2016-09-09 14:20:17 at 181.279317 records/sec.
984000 of 3013622 records processed (33%).
Estimated finish: 2016-09-09 16:42:39.
Starting batch at 2016-09-09 14:20:17.
First record: 'https://uk.linkedin.com/in/gary-roberts-lord-4436031a'
Completed batch 2016-09-09 14:21:01 at 181.456753 records/sec.
992000 of 3013622 records processed (33%).
Estimated finish: 2016-09-09 16:43:11.
Starting batch at 2016-09-09 14:21:01.
First record: 'https://uk.linkedin.com/in/g%C3%BCnter-zeiler-26b90484'
Completed batch 2016-09-09 14:21:39 at 210.156451 records/sec.
1000000 of 3013622 records processed (33%).
Estimated finish: 2016-09-09 16:43:24.
Starting batch at 2016-09-09 14:21:39.
First record: 'https://uk.linkedin.com/in/gemma-bull-3454b782'
Completed batch 2016-09-09 14:22:20 at 194.771301 records/sec.
1008000 of 3013622 records processed (33%).
Estimated finish: 2016-09-09 16:43:46.
Starting batch at 2016-09-09 14:22:20.
First record: 'https://uk.linkedin.com/in/geoff-bard-1067a8b4'
Completed batch 2016-09-09 14:23:00 at 204.724771 records/sec.
1016000 of 3013622 records processed (34%).
Estimated finish: 2016-09-09 16:44:01.
Starting batch at 2016-09-09 14:23:00.
First record: 'https://uk.linkedin.com/in/george-falzon-aa872129'
Completed batch 2016-09-09 14:23:42 at 190.097566 records/sec.
1024000 of 3013622 records processed (34%).
Estimated finish: 2016-09-09 16:44:25.
Starting batch at 2016-09-09 14:23:42.
First record: 'https://uk.linkedin.com/in/georgia-spong-70776ba4'
Completed batch 2016-09-09 14:24:23 at 194.709248 records/sec.
1032000 of 3013622 records processed (34%).
Estimated finish: 2016-09-09 16:44:46.
Starting batch at 2016-09-09 14:24:23.
First record: 'https://uk.linkedin.com/in/gerald-mosakowski-39684584'
Completed batch 2016-09-09 14:24:59 at 221.401199 records/sec.
1040000 of 3013622 records processed (35%).
Estimated finish: 2016-09-09 16:44:52.
Starting batch at 2016-09-09 14:24:59.
First record: 'https://uk.linkedin.com/in/g-i-a-aka-joe-wiccan-99b40063'
Completed batch 2016-09-09 14:25:36 at 215.718024 records/sec.
1048000 of 3013622 records processed (35%).
Estimated finish: 2016-09-09 16:45:01.
Starting batch at 2016-09-09 14:25:36.
First record: 'https://uk.linkedin.com/in/gill-koumas-b3263a50'
Completed batch 2016-09-09 14:26:10 at 234.818513 records/sec.
1056000 of 3013622 records processed (35%).
Estimated finish: 2016-09-09 16:45:01.
Starting batch at 2016-09-09 14:26:10.
First record: 'https://uk.linkedin.com/in/ginny-macbeth-32316b12'
Completed batch 2016-09-09 14:26:52 at 190.155575 records/sec.
1064000 of 3013622 records processed (35%).
Estimated finish: 2016-09-09 16:45:24.
Starting batch at 2016-09-09 14:26:52.
First record: 'https://uk.linkedin.com/in/glen-strathearn-72b78a93'
Completed batch 2016-09-09 14:27:29 at 215.740555 records/sec.
1072000 of 3013622 records processed (36%).
Estimated finish: 2016-09-09 16:45:32.
Starting batch at 2016-09-09 14:27:29.
First record: 'https://uk.linkedin.com/in/gordon-meek-44106b18'
Completed batch 2016-09-09 14:28:09 at 199.585944 records/sec.
1080000 of 3013622 records processed (36%).
Estimated finish: 2016-09-09 16:45:49.
Starting batch at 2016-09-09 14:28:09.
First record: 'https://uk.linkedin.com/in/graeme-porteous-39a63a92'
Completed batch 2016-09-09 14:28:53 at 181.499786 records/sec.
1088000 of 3013622 records processed (36%).
Estimated finish: 2016-09-09 16:46:16.
Starting batch at 2016-09-09 14:28:53.
First record: 'https://uk.linkedin.com/in/graham-lowe-466b0734'
Completed batch 2016-09-09 14:29:36 at 185.682755 records/sec.
1096000 of 3013622 records processed (36%).
Estimated finish: 2016-09-09 16:46:41.
Starting batch at 2016-09-09 14:29:36.
First record: 'https://uk.linkedin.com/in/grant-rushton-a7446767'
Completed batch 2016-09-09 14:30:18 at 190.120231 records/sec.
1104000 of 3013622 records processed (37%).
Estimated finish: 2016-09-09 16:47:02.
Starting batch at 2016-09-09 14:30:18.
First record: 'https://uk.linkedin.com/in/grigorisgeorgiou'
Completed batch 2016-09-09 14:31:02 at 185.742205 records/sec.
1112000 of 3013622 records processed (37%).
Estimated finish: 2016-09-09 16:47:26.
Starting batch at 2016-09-09 14:31:02.
First record: 'https://uk.linkedin.com/in/guy-jarvis-02a546'
Completed batch 2016-09-09 14:31:41 at 204.772992 records/sec.
1120000 of 3013622 records processed (37%).
Estimated finish: 2016-09-09 16:47:38.
Starting batch at 2016-09-09 14:31:41.
First record: 'https://uk.linkedin.com/in/halls-ray-9b775811'
Completed batch 2016-09-09 14:32:17 at 221.782323 records/sec.
1128000 of 3013622 records processed (37%).
Estimated finish: 2016-09-09 16:47:42.
Starting batch at 2016-09-09 14:32:17.
First record: 'https://uk.linkedin.com/in/haofei-liu-16a58663'
Completed batch 2016-09-09 14:32:51 at 234.777021 records/sec.
1136000 of 3013622 records processed (38%).
Estimated finish: 2016-09-09 16:47:41.
Starting batch at 2016-09-09 14:32:51.
First record: 'https://uk.linkedin.com/in/harwood-williams-b69130b5'
Completed batch 2016-09-09 14:33:23 at 249.510157 records/sec.
1144000 of 3013622 records processed (38%).
Estimated finish: 2016-09-09 16:47:35.
Starting batch at 2016-09-09 14:33:23.
First record: 'https://uk.linkedin.com/in/heather-tarbuck-114519ab'
Completed batch 2016-09-09 14:33:59 at 221.665086 records/sec.
1152000 of 3013622 records processed (38%).
Estimated finish: 2016-09-09 16:47:39.
Starting batch at 2016-09-09 14:33:59.
First record: 'https://uk.linkedin.com/in/helen-powlette-7820a930'
Completed batch 2016-09-09 14:34:29 at 266.164344 records/sec.
1160000 of 3013622 records processed (38%).
Estimated finish: 2016-09-09 16:47:28.
Starting batch at 2016-09-09 14:34:29.
First record: 'https://uk.linkedin.com/in/hicham-kasbi-593b8650'
Completed batch 2016-09-09 14:35:05 at 221.816981 records/sec.
1168000 of 3013622 records processed (39%).
Estimated finish: 2016-09-09 16:47:32.
Starting batch at 2016-09-09 14:35:05.
First record: 'https://uk.linkedin.com/in/hong-lok-2bb0694b'
Completed batch 2016-09-09 14:35:40 at 228.164175 records/sec.
1176000 of 3013622 records processed (39%).
Estimated finish: 2016-09-09 16:47:34.
Starting batch at 2016-09-09 14:35:40.
First record: 'https://uk.linkedin.com/in/husna-nasrudin-9a449091'
Completed batch 2016-09-09 14:36:20 at 199.363055 records/sec.
1184000 of 3013622 records processed (39%).
Estimated finish: 2016-09-09 16:47:48.
Starting batch at 2016-09-09 14:36:20.
First record: 'https://uk.linkedin.com/in/ian-sorby-a33089a0'
Completed batch 2016-09-09 14:36:59 at 204.688346 records/sec.
1192000 of 3013622 records processed (40%).
Estimated finish: 2016-09-09 16:48:00.
Starting batch at 2016-09-09 14:36:59.
First record: 'https://uk.linkedin.com/in/ilse-vickers-4b57382a'
Completed batch 2016-09-09 14:37:37 at 210.172093 records/sec.
1200000 of 3013622 records processed (40%).
Estimated finish: 2016-09-09 16:48:09.
Starting batch at 2016-09-09 14:37:37.
First record: 'https://uk.linkedin.com/in/ion-turbatu-28183059'
Completed batch 2016-09-09 14:38:13 at 221.732532 records/sec.
1208000 of 3013622 records processed (40%).
Estimated finish: 2016-09-09 16:48:12.
Starting batch at 2016-09-09 14:38:13.
First record: 'https://uk.linkedin.com/in/ishrat-hashem-446b1649'
Completed batch 2016-09-09 14:38:49 at 228.091446 records/sec.
1216000 of 3013622 records processed (40%).
Estimated finish: 2016-09-09 16:48:14.
Starting batch at 2016-09-09 14:38:49.
First record: 'https://uk.linkedin.com/in/jacarruthers'
Completed batch 2016-09-09 14:39:26 at 215.683164 records/sec.
1224000 of 3013622 records processed (41%).
Estimated finish: 2016-09-09 16:48:20.
Starting batch at 2016-09-09 14:39:26.
First record: 'https://uk.linkedin.com/in/jacob-amer-939a48b4'
Completed batch 2016-09-09 14:40:01 at 228.166791 records/sec.
1232000 of 3013622 records processed (41%).
Estimated finish: 2016-09-09 16:48:21.
Starting batch at 2016-09-09 14:40:01.
First record: 'https://uk.linkedin.com/in/jagmit-johal-b339aa101'
Completed batch 2016-09-09 14:40:40 at 204.766451 records/sec.
1240000 of 3013622 records processed (41%).
Estimated finish: 2016-09-09 16:48:32.
Starting batch at 2016-09-09 14:40:40.
First record: 'https://uk.linkedin.com/in/james-hopkinson-saukinsey-40a41220'
Completed batch 2016-09-09 14:41:20 at 199.543907 records/sec.
1248000 of 3013622 records processed (41%).
Estimated finish: 2016-09-09 16:48:45.
Starting batch at 2016-09-09 14:41:20.
First record: 'https://uk.linkedin.com/in/j-a-mortram-51138042'
Completed batch 2016-09-09 14:41:53 at 241.978298 records/sec.
1256000 of 3013622 records processed (42%).
Estimated finish: 2016-09-09 16:48:41.
Starting batch at 2016-09-09 14:41:53.
First record: 'https://uk.linkedin.com/in/jan-jan-kayes-25aa9655'
Completed batch 2016-09-09 14:42:23 at 266.171304 records/sec.
1264000 of 3013622 records processed (42%).
Estimated finish: 2016-09-09 16:48:31.
Starting batch at 2016-09-09 14:42:23.
First record: 'https://uk.linkedin.com/in/jannicke-brun-92562b33'
Completed batch 2016-09-09 14:42:59 at 221.831060 records/sec.
1272000 of 3013622 records processed (42%).
Estimated finish: 2016-09-09 16:48:34.
Starting batch at 2016-09-09 14:42:59.
First record: 'https://uk.linkedin.com/in/jason-swingewood-b6b55911'
Completed batch 2016-09-09 14:43:32 at 241.759857 records/sec.
1280000 of 3013622 records processed (42%).
Estimated finish: 2016-09-09 16:48:30.
Starting batch at 2016-09-09 14:43:32.
First record: 'https://uk.linkedin.com/in/jd-watson-0b5bb379'
Completed batch 2016-09-09 14:44:05 at 241.968279 records/sec.
1288000 of 3013622 records processed (43%).
Estimated finish: 2016-09-09 16:48:27.
Starting batch at 2016-09-09 14:44:05.
First record: 'https://uk.linkedin.com/in/jemini-sedani-56284b22'
Completed batch 2016-09-09 14:44:38 at 241.877570 records/sec.
1296000 of 3013622 records processed (43%).
Estimated finish: 2016-09-09 16:48:23.
Starting batch at 2016-09-09 14:44:38.
First record: 'https://uk.linkedin.com/in/jen-w-s-b7816297'
Completed batch 2016-09-09 14:45:18 at 199.635431 records/sec.
1304000 of 3013622 records processed (43%).
Estimated finish: 2016-09-09 16:48:36.
Starting batch at 2016-09-09 14:45:18.
First record: 'https://uk.linkedin.com/in/jess-bettison-02b9a79b'
Completed batch 2016-09-09 14:45:57 at 204.767725 records/sec.
1312000 of 3013622 records processed (44%).
Estimated finish: 2016-09-09 16:48:46.
Starting batch at 2016-09-09 14:45:57.
First record: 'https://uk.linkedin.com/in/jignesh-vakharia-39779b56'
Completed batch 2016-09-09 14:46:30 at 241.937018 records/sec.
1320000 of 3013622 records processed (44%).
Estimated finish: 2016-09-09 16:48:43.
Starting batch at 2016-09-09 14:46:30.
First record: 'https://uk.linkedin.com/in/joan-howie-080a3a36'
Completed batch 2016-09-09 14:47:08 at 215.791213 records/sec.
1328000 of 3013622 records processed (44%).
Estimated finish: 2016-09-09 16:48:48.
Starting batch at 2016-09-09 14:47:08.
First record: 'https://uk.linkedin.com/in/joey-llambardi-9b2a19b8'
Completed batch 2016-09-09 14:47:44 at 221.682972 records/sec.
1336000 of 3013622 records processed (44%).
Estimated finish: 2016-09-09 16:48:51.
Starting batch at 2016-09-09 14:47:44.
First record: 'https://uk.linkedin.com/in/john-harpum-5975089'
Completed batch 2016-09-09 14:48:19 at 228.153191 records/sec.
1344000 of 3013622 records processed (45%).
Estimated finish: 2016-09-09 16:48:52.
Starting batch at 2016-09-09 14:48:19.
First record: 'https://uk.linkedin.com/in/john-teque-73441739'
Completed batch 2016-09-09 14:49:00 at 194.780563 records/sec.
1352000 of 3013622 records processed (45%).
Estimated finish: 2016-09-09 16:49:07.
Starting batch at 2016-09-09 14:49:00.
First record: 'https://uk.linkedin.com/in/jon-pembury-a8608060'
Completed batch 2016-09-09 14:49:38 at 210.085181 records/sec.
1360000 of 3013622 records processed (45%).
Estimated finish: 2016-09-09 16:49:14.
Starting batch at 2016-09-09 14:49:38.
First record: 'https://uk.linkedin.com/in/jo-simkin-5ba7063a'
Completed batch 2016-09-09 14:50:13 at 228.052563 records/sec.
1368000 of 3013622 records processed (45%).
Estimated finish: 2016-09-09 16:49:15.
Starting batch at 2016-09-09 14:50:13.
First record: 'https://uk.linkedin.com/in/j-sriram-11ab9b57'
Completed batch 2016-09-09 14:50:46 at 241.930667 records/sec.
1376000 of 3013622 records processed (46%).
Estimated finish: 2016-09-09 16:49:11.
Starting batch at 2016-09-09 14:50:46.
First record: 'https://uk.linkedin.com/in/judy-saggers-53009474'
Completed batch 2016-09-09 14:51:18 at 249.536190 records/sec.
1384000 of 3013622 records processed (46%).
Estimated finish: 2016-09-09 16:49:06.
Starting batch at 2016-09-09 14:51:18.
First record: 'https://uk.linkedin.com/in/julie-lada-81b34a1b'
Completed batch 2016-09-09 14:51:48 at 266.158136 records/sec.
1392000 of 3013622 records processed (46%).
Estimated finish: 2016-09-09 16:48:55.
Starting batch at 2016-09-09 14:51:48.
First record: 'https://uk.linkedin.com/in/justin-cader-bb986731'
Completed batch 2016-09-09 14:52:21 at 241.909854 records/sec.
1400000 of 3013622 records processed (46%).
Estimated finish: 2016-09-09 16:48:52.
Starting batch at 2016-09-09 14:52:21.
First record: 'https://uk.linkedin.com/in/kam-poonia-58b61a49'
Completed batch 2016-09-09 14:52:55 at 234.825454 records/sec.
1408000 of 3013622 records processed (47%).
Estimated finish: 2016-09-09 16:48:51.
Starting batch at 2016-09-09 14:52:55.
First record: 'https://uk.linkedin.com/in/karen-craig-2a520968'
Completed batch 2016-09-09 14:53:29 at 234.873232 records/sec.
1416000 of 3013622 records processed (47%).
Estimated finish: 2016-09-09 16:48:50.
Starting batch at 2016-09-09 14:53:29.
First record: 'https://uk.linkedin.com/in/karen-sims-a26a5855'
Completed batch 2016-09-09 14:54:05 at 221.630334 records/sec.
1424000 of 3013622 records processed (47%).
Estimated finish: 2016-09-09 16:48:53.
Starting batch at 2016-09-09 14:54:05.
First record: 'https://uk.linkedin.com/in/karl-woolley-326b5b46'
Completed batch 2016-09-09 14:54:40 at 228.173624 records/sec.
1432000 of 3013622 records processed (48%).
Estimated finish: 2016-09-09 16:48:53.
Starting batch at 2016-09-09 14:54:40.
First record: 'https://uk.linkedin.com/in/kate-dodwell-4a8bb198'
Completed batch 2016-09-09 14:55:20 at 204.773810 records/sec.
1440000 of 3013622 records processed (48%).
Estimated finish: 2016-09-09 16:49:03.
Starting batch at 2016-09-09 14:55:20.
First record: 'https://uk.linkedin.com/in/kath-cape-59b58b2b'
Completed batch 2016-09-09 14:55:56 at 221.656585 records/sec.
1448000 of 3013622 records processed (48%).
Estimated finish: 2016-09-09 16:49:06.
Starting batch at 2016-09-09 14:55:56.
First record: 'https://uk.linkedin.com/in/kathryn-tilyard-447330aa'
Completed batch 2016-09-09 14:56:34 at 210.136755 records/sec.
1456000 of 3013622 records processed (48%).
Estimated finish: 2016-09-09 16:49:13.
Starting batch at 2016-09-09 14:56:34.
First record: 'https://uk.linkedin.com/in/katie-shortland-b56b98b3'
Completed batch 2016-09-09 14:57:11 at 215.815674 records/sec.
1464000 of 3013622 records processed (49%).
Estimated finish: 2016-09-09 16:49:17.
Starting batch at 2016-09-09 14:57:11.
First record: 'https://uk.linkedin.com/in/k-chow-3b301a24'
Completed batch 2016-09-09 14:57:46 at 228.159178 records/sec.
1472000 of 3013622 records processed (49%).
Estimated finish: 2016-09-09 16:49:18.
Starting batch at 2016-09-09 14:57:46.
First record: 'https://uk.linkedin.com/in/kego-ani-ba805272'
Completed batch 2016-09-09 14:58:22 at 221.661935 records/sec.
1480000 of 3013622 records processed (49%).
Estimated finish: 2016-09-09 16:49:21.
Starting batch at 2016-09-09 14:58:22.
First record: 'https://uk.linkedin.com/in/keith-redhead-england-9a264068'
Completed batch 2016-09-09 14:58:58 at 221.783473 records/sec.
1488000 of 3013622 records processed (49%).
Estimated finish: 2016-09-09 16:49:24.
Starting batch at 2016-09-09 14:58:58.
First record: 'https://uk.linkedin.com/in/kelly-vickerson-828a2057'
Completed batch 2016-09-09 14:59:32 at 234.861158 records/sec.
1496000 of 3013622 records processed (50%).
Estimated finish: 2016-09-09 16:49:22.
Starting batch at 2016-09-09 14:59:32.
First record: 'https://uk.linkedin.com/in/ken-thorman-b5282044'
Completed batch 2016-09-09 15:00:07 at 227.948842 records/sec.
1504000 of 3013622 records processed (50%).
Estimated finish: 2016-09-09 16:49:23.
Starting batch at 2016-09-09 15:00:07.
First record: 'https://uk.linkedin.com/in/kerry-snoxall-71a93a49'
Completed batch 2016-09-09 15:00:47 at 199.632746 records/sec.
1512000 of 3013622 records processed (50%).
Estimated finish: 2016-09-09 16:49:34.
Starting batch at 2016-09-09 15:00:47.
First record: 'https://uk.linkedin.com/in/kevin-john-magician-2aa985a1'
Completed batch 2016-09-09 15:01:25 at 210.141685 records/sec.
1520000 of 3013622 records processed (50%).
Estimated finish: 2016-09-09 16:49:40.
Starting batch at 2016-09-09 15:01:25.
First record: 'https://uk.linkedin.com/in/khaja-nizamuddeen-8822b126'
Completed batch 2016-09-09 15:02:02 at 215.771971 records/sec.
1528000 of 3013622 records processed (51%).
Estimated finish: 2016-09-09 16:49:45.
Starting batch at 2016-09-09 15:02:02.
First record: 'https://uk.linkedin.com/in/kim-fan-0a194a8a'
Completed batch 2016-09-09 15:02:36 at 234.822401 records/sec.
1536000 of 3013622 records processed (51%).
Estimated finish: 2016-09-09 16:49:43.
Starting batch at 2016-09-09 15:02:36.
First record: 'https://uk.linkedin.com/in/kirby-tony-17880ab3'
Completed batch 2016-09-09 15:03:13 at 221.719326 records/sec.
1544000 of 3013622 records processed (51%).
Estimated finish: 2016-09-09 16:49:46.
Starting batch at 2016-09-09 15:03:13.
First record: 'https://uk.linkedin.com/in/kishor-patni-b573b783'
Completed batch 2016-09-09 15:03:47 at 234.842688 records/sec.
1552000 of 3013622 records processed (51%).
Estimated finish: 2016-09-09 16:49:44.
Starting batch at 2016-09-09 15:03:47.
First record: 'https://uk.linkedin.com/in/kris-hudson-0054a45b'
Completed batch 2016-09-09 15:04:22 at 228.168411 records/sec.
1560000 of 3013622 records processed (52%).
Estimated finish: 2016-09-09 16:49:45.
Starting batch at 2016-09-09 15:04:22.
First record: 'https://uk.linkedin.com/in/kulwant-hothi-75b7021b'
Completed batch 2016-09-09 15:04:58 at 221.818734 records/sec.
1568000 of 3013622 records processed (52%).
Estimated finish: 2016-09-09 16:49:47.
Starting batch at 2016-09-09 15:04:58.
First record: 'https://uk.linkedin.com/in/laila-moor-2a0045b2'
Completed batch 2016-09-09 15:05:35 at 215.731363 records/sec.
1576000 of 3013622 records processed (52%).
Estimated finish: 2016-09-09 16:49:52.
Starting batch at 2016-09-09 15:05:35.
First record: 'https://uk.linkedin.com/in/lasma-subatovica-a427a289'
Completed batch 2016-09-09 15:06:16 at 194.790940 records/sec.
1584000 of 3013622 records processed (53%).
Estimated finish: 2016-09-09 16:50:03.
Starting batch at 2016-09-09 15:06:16.
First record: 'https://uk.linkedin.com/in/laura-jurgens-21922996'
Completed batch 2016-09-09 15:06:57 at 194.774142 records/sec.
1592000 of 3013622 records processed (53%).
Estimated finish: 2016-09-09 16:50:15.
Starting batch at 2016-09-09 15:06:57.
First record: 'https://uk.linkedin.com/in/lauren-bramman-87b991a7'
Completed batch 2016-09-09 15:07:37 at 199.653292 records/sec.
1600000 of 3013622 records processed (53%).
Estimated finish: 2016-09-09 16:50:25.
Starting batch at 2016-09-09 15:07:37.
First record: 'https://uk.linkedin.com/in/lauriel-reid-463a9972'
Completed batch 2016-09-09 15:08:13 at 221.747369 records/sec.
1608000 of 3013622 records processed (53%).
Estimated finish: 2016-09-09 16:50:27.
Starting batch at 2016-09-09 15:08:13.
First record: 'https://uk.linkedin.com/in/leanne-daw-b0803357'
Completed batch 2016-09-09 15:08:51 at 210.115214 records/sec.
1616000 of 3013622 records processed (54%).
Estimated finish: 2016-09-09 16:50:33.
Starting batch at 2016-09-09 15:08:51.
First record: 'https://uk.linkedin.com/in/lee-hepburn-61586350'
Completed batch 2016-09-09 15:09:31 at 199.529549 records/sec.
1624000 of 3013622 records processed (54%).
Estimated finish: 2016-09-09 16:50:43.
Starting batch at 2016-09-09 15:09:31.
First record: 'https://uk.linkedin.com/in/leigh-garmory-4158657b'
Completed batch 2016-09-09 15:10:08 at 215.735732 records/sec.
1632000 of 3013622 records processed (54%).
Estimated finish: 2016-09-09 16:50:47.
Starting batch at 2016-09-09 15:10:08.
First record: 'https://uk.linkedin.com/in/leon-evans-23698398'
Completed batch 2016-09-09 15:10:44 at 221.635799 records/sec.
1640000 of 3013622 records processed (54%).
Estimated finish: 2016-09-09 16:50:49.
Starting batch at 2016-09-09 15:10:44.
First record: 'https://uk.linkedin.com/in/les-saunders-178238'
Completed batch 2016-09-09 15:11:23 at 210.118525 records/sec.
1648000 of 3013622 records processed (55%).
Estimated finish: 2016-09-09 16:50:54.
Starting batch at 2016-09-09 15:11:23.
First record: 'https://uk.linkedin.com/in/lewis-creamer-453b91a9'
Completed batch 2016-09-09 15:12:03 at 199.631670 records/sec.
1656000 of 3013622 records processed (55%).
Estimated finish: 2016-09-09 16:51:04.
Starting batch at 2016-09-09 15:12:03.
First record: 'https://uk.linkedin.com/in/liam-tolley-24580876'
Completed batch 2016-09-09 15:12:39 at 221.804743 records/sec.
1664000 of 3013622 records processed (55%).
Estimated finish: 2016-09-09 16:51:06.
Starting batch at 2016-09-09 15:12:39.
First record: 'https://uk.linkedin.com/in/lily-revell-rohr-50181158'
Completed batch 2016-09-09 15:13:12 at 241.924514 records/sec.
1672000 of 3013622 records processed (55%).
Estimated finish: 2016-09-09 16:51:02.
Starting batch at 2016-09-09 15:13:12.
First record: 'https://uk.linkedin.com/in/linda-mey-%D0%B1%D0%BE%D0%B7%D0%B2%D0%B5%D0%BB%D0%B8%D0%B5%D0%B2%D0%B0-3914aaa2'
Completed batch 2016-09-09 15:13:46 at 234.842660 records/sec.
1680000 of 3013622 records processed (56%).
Estimated finish: 2016-09-09 16:51:00.
Starting batch at 2016-09-09 15:13:46.
First record: 'https://uk.linkedin.com/in/lindsy-kass-a6662349'
Completed batch 2016-09-09 15:14:22 at 221.822750 records/sec.
1688000 of 3013622 records processed (56%).
Estimated finish: 2016-09-09 16:51:02.
Starting batch at 2016-09-09 15:14:22.
First record: 'https://uk.linkedin.com/in/lisa-hatch-847a7b63'
Completed batch 2016-09-09 15:14:58 at 221.803408 records/sec.
1696000 of 3013622 records processed (56%).
Estimated finish: 2016-09-09 16:51:04.
Starting batch at 2016-09-09 15:14:58.
First record: 'https://uk.linkedin.com/in/lisette-smith-29403712'
Completed batch 2016-09-09 15:15:34 at 221.817725 records/sec.
1704000 of 3013622 records processed (57%).
Estimated finish: 2016-09-09 16:51:06.
Starting batch at 2016-09-09 15:15:34.
First record: 'https://uk.linkedin.com/in/l-morrice-b750aa69'
Completed batch 2016-09-09 15:16:10 at 221.687881 records/sec.
1712000 of 3013622 records processed (57%).
Estimated finish: 2016-09-09 16:51:08.
Starting batch at 2016-09-09 15:16:10.
First record: 'https://uk.linkedin.com/in/lolu-faloye-92881544'
Completed batch 2016-09-09 15:16:48 at 210.163491 records/sec.
1720000 of 3013622 records processed (57%).
Estimated finish: 2016-09-09 16:51:13.
Starting batch at 2016-09-09 15:16:48.
First record: 'https://uk.linkedin.com/in/lorraine-beckett-a9a79073'
Completed batch 2016-09-09 15:17:24 at 221.808623 records/sec.
1728000 of 3013622 records processed (57%).
Estimated finish: 2016-09-09 16:51:15.
Starting batch at 2016-09-09 15:17:24.
First record: 'https://uk.linkedin.com/in/louisa-sanderson-917a7bb'
Completed batch 2016-09-09 15:18:01 at 215.838604 records/sec.
1736000 of 3013622 records processed (58%).
Estimated finish: 2016-09-09 16:51:19.
Starting batch at 2016-09-09 15:18:01.
First record: 'https://uk.linkedin.com/in/louis-ijenwa-3095a029'
Completed batch 2016-09-09 15:18:38 at 215.826521 records/sec.
1744000 of 3013622 records processed (58%).
Estimated finish: 2016-09-09 16:51:22.
Starting batch at 2016-09-09 15:18:38.
First record: 'https://uk.linkedin.com/in/lsvarga'
Completed batch 2016-09-09 15:19:16 at 210.121771 records/sec.
1752000 of 3013622 records processed (58%).
Estimated finish: 2016-09-09 16:51:27.
Starting batch at 2016-09-09 15:19:16.
First record: 'https://uk.linkedin.com/in/lucy-cooke-a4837177'
Completed batch 2016-09-09 15:19:55 at 204.774706 records/sec.
1760000 of 3013622 records processed (58%).
Estimated finish: 2016-09-09 16:51:34.
Starting batch at 2016-09-09 15:19:55.
First record: 'https://uk.linkedin.com/in/luigi-langella-bb2a6434'
Completed batch 2016-09-09 15:20:35 at 204.763474 records/sec.
1768000 of 3013622 records processed (59%).
Estimated finish: 2016-09-09 16:51:41.
Starting batch at 2016-09-09 15:20:35.
First record: 'https://uk.linkedin.com/in/lu-liang-a576a627'
Completed batch 2016-09-09 15:21:12 at 215.839640 records/sec.
1776000 of 3013622 records processed (59%).
Estimated finish: 2016-09-09 16:51:44.
Starting batch at 2016-09-09 15:21:12.
First record: 'https://uk.linkedin.com/in/lyn-gower-5b902626'
Completed batch 2016-09-09 15:21:46 at 234.642116 records/sec.
1784000 of 3013622 records processed (59%).
Estimated finish: 2016-09-09 16:51:42.
Starting batch at 2016-09-09 15:21:46.
First record: 'https://uk.linkedin.com/in/lynn-hutchens-77b13187'
Completed batch 2016-09-09 15:22:22 at 221.773845 records/sec.
1792000 of 3013622 records processed (59%).
Estimated finish: 2016-09-09 16:51:44.
Starting batch at 2016-09-09 15:22:22.
First record: 'https://uk.linkedin.com/in/lyz-porteous-bb226ba9'
Completed batch 2016-09-09 15:23:00 at 210.098555 records/sec.
1800000 of 3013622 records processed (60%).
Estimated finish: 2016-09-09 16:51:49.
Starting batch at 2016-09-09 15:23:00.
First record: 'https://uk.linkedin.com/in/magdalene-opadeyi-0a01485a'
Completed batch 2016-09-09 15:23:34 at 234.839269 records/sec.
1808000 of 3013622 records processed (60%).
Estimated finish: 2016-09-09 16:51:47.
Starting batch at 2016-09-09 15:23:34.
First record: 'https://uk.linkedin.com/in/maki-miyauchi-1370913a'
Completed batch 2016-09-09 15:24:10 at 221.826951 records/sec.
1816000 of 3013622 records processed (60%).
Estimated finish: 2016-09-09 16:51:49.
Starting batch at 2016-09-09 15:24:10.
First record: 'https://uk.linkedin.com/in/mandy-perkin-a5820417'
Completed batch 2016-09-09 15:24:47 at 215.781946 records/sec.
1824000 of 3013622 records processed (61%).
Estimated finish: 2016-09-09 16:51:52.
Starting batch at 2016-09-09 15:24:47.
First record: 'https://uk.linkedin.com/in/marc-huligan-904857b6'
Completed batch 2016-09-09 15:25:25 at 210.097501 records/sec.
1832000 of 3013622 records processed (61%).
Estimated finish: 2016-09-09 16:51:57.
Starting batch at 2016-09-09 15:25:25.
First record: 'https://uk.linkedin.com/in/margaret-lechner-96a0b659'
Completed batch 2016-09-09 15:26:02 at 215.786090 records/sec.
1840000 of 3013622 records processed (61%).
Estimated finish: 2016-09-09 16:52:00.
Starting batch at 2016-09-09 15:26:02.
First record: 'https://uk.linkedin.com/in/maria-james-7b6b991'
Completed batch 2016-09-09 15:26:37 at 228.174112 records/sec.
1848000 of 3013622 records processed (61%).
Estimated finish: 2016-09-09 16:52:00.
Starting batch at 2016-09-09 15:26:37.
First record: 'https://uk.linkedin.com/in/maria-scala-b631005b'
Completed batch 2016-09-09 15:27:13 at 221.750995 records/sec.
1856000 of 3013622 records processed (62%).
Estimated finish: 2016-09-09 16:52:01.
Starting batch at 2016-09-09 15:27:13.
First record: 'https://uk.linkedin.com/in/marie-vary-b6b9b9a2'
Completed batch 2016-09-09 15:27:48 at 228.150289 records/sec.
1864000 of 3013622 records processed (62%).
Estimated finish: 2016-09-09 16:52:01.
Starting batch at 2016-09-09 15:27:48.
First record: 'https://uk.linkedin.com/in/mari-roberts-wood-599a4062'
Completed batch 2016-09-09 15:28:30 at 194.570340 records/sec.
1872000 of 3013622 records processed (62%).
Estimated finish: 2016-09-09 16:52:11.
Starting batch at 2016-09-09 15:28:30.
First record: 'https://uk.linkedin.com/in/mark-booth-4b56971'
Completed batch 2016-09-09 15:29:13 at 185.717787 records/sec.
1880000 of 3013622 records processed (62%).
Estimated finish: 2016-09-09 16:52:23.
Starting batch at 2016-09-09 15:29:13.
First record: 'https://uk.linkedin.com/in/mark-forrester-6a052a2a'
Completed batch 2016-09-09 15:29:57 at 181.528388 records/sec.
1888000 of 3013622 records processed (63%).
Estimated finish: 2016-09-09 16:52:38.
Starting batch at 2016-09-09 15:29:57.
First record: 'https://uk.linkedin.com/in/mark-macallister-06139974'
Completed batch 2016-09-09 15:30:39 at 190.150038 records/sec.
1896000 of 3013622 records processed (63%).
Estimated finish: 2016-09-09 16:52:48.
Starting batch at 2016-09-09 15:30:39.
First record: 'https://uk.linkedin.com/in/mark-sapwell-490b8690'
Completed batch 2016-09-09 15:31:21 at 189.950173 records/sec.
1904000 of 3013622 records processed (63%).
Estimated finish: 2016-09-09 16:52:59.
Starting batch at 2016-09-09 15:31:21.
First record: 'https://uk.linkedin.com/in/marlene-gilchrist-694b11a6'
Completed batch 2016-09-09 15:32:00 at 204.756703 records/sec.
1912000 of 3013622 records processed (63%).
Estimated finish: 2016-09-09 16:53:05.
Starting batch at 2016-09-09 15:32:00.
First record: 'https://uk.linkedin.com/in/martin-blowers-9302b0b7'
Completed batch 2016-09-09 15:32:41 at 194.792358 records/sec.
1920000 of 3013622 records processed (64%).
Estimated finish: 2016-09-09 16:53:14.
Starting batch at 2016-09-09 15:32:41.
First record: 'https://uk.linkedin.com/in/martin-kanguatenge-87051942'
Completed batch 2016-09-09 15:33:23 at 190.149229 records/sec.
1928000 of 3013622 records processed (64%).
Estimated finish: 2016-09-09 16:53:25.
Starting batch at 2016-09-09 15:33:23.
First record: 'https://uk.linkedin.com/in/martin-tromans-47087b54'
Completed batch 2016-09-09 15:34:00 at 215.621172 records/sec.
1936000 of 3013622 records processed (64%).
Estimated finish: 2016-09-09 16:53:27.
Starting batch at 2016-09-09 15:34:00.
First record: 'https://uk.linkedin.com/in/mary-barry-1024a960'
Completed batch 2016-09-09 15:34:30 at 266.115825 records/sec.
1944000 of 3013622 records processed (65%).
Estimated finish: 2016-09-09 16:53:19.
Starting batch at 2016-09-09 15:34:30.
First record: 'https://uk.linkedin.com/in/mary-saxe-falstein-5a680521'
Completed batch 2016-09-09 15:35:08 at 210.070474 records/sec.
1952000 of 3013622 records processed (65%).
Estimated finish: 2016-09-09 16:53:23.
Starting batch at 2016-09-09 15:35:08.
First record: 'https://uk.linkedin.com/in/mat-koren-7836b934'
Completed batch 2016-09-09 15:35:52 at 181.453897 records/sec.
1960000 of 3013622 records processed (65%).
Estimated finish: 2016-09-09 16:53:37.
Starting batch at 2016-09-09 15:35:52.
First record: 'https://uk.linkedin.com/in/matthew-charlick-64876485'
Completed batch 2016-09-09 15:36:38 at 173.640534 records/sec.
1968000 of 3013622 records processed (65%).
Estimated finish: 2016-09-09 16:53:53.
Starting batch at 2016-09-09 15:36:38.
First record: 'https://uk.linkedin.com/in/matt-mark-1a952354'
Completed batch 2016-09-09 15:37:24 at 177.449626 records/sec.
1976000 of 3013622 records processed (66%).
Estimated finish: 2016-09-09 16:54:08.
Starting batch at 2016-09-09 15:37:24.
First record: 'https://uk.linkedin.com/in/mat-webb-31287770'
Completed batch 2016-09-09 15:38:01 at 215.775050 records/sec.
1984000 of 3013622 records processed (66%).
Estimated finish: 2016-09-09 16:54:10.
Starting batch at 2016-09-09 15:38:01.
First record: 'https://uk.linkedin.com/in/mavis-jones-2787aa59'
Completed batch 2016-09-09 15:38:41 at 199.600574 records/sec.
1992000 of 3013622 records processed (66%).
Estimated finish: 2016-09-09 16:54:17.
Starting batch at 2016-09-09 15:38:41.
First record: 'https://uk.linkedin.com/in/mayuri-lad-56916255'
Completed batch 2016-09-09 15:39:20 at 204.752076 records/sec.
2000000 of 3013622 records processed (66%).
Estimated finish: 2016-09-09 16:54:22.
Starting batch at 2016-09-09 15:39:20.
First record: 'https://uk.linkedin.com/in/meg-hanly-b46bb33a'
Completed batch 2016-09-09 15:39:58 at 210.133184 records/sec.
2008000 of 3013622 records processed (67%).
Estimated finish: 2016-09-09 16:54:26.
Starting batch at 2016-09-09 15:39:58.
First record: 'https://uk.linkedin.com/in/mel-garrod-3bab41a7'
Completed batch 2016-09-09 15:40:36 at 210.148055 records/sec.
2016000 of 3013622 records processed (67%).
Estimated finish: 2016-09-09 16:54:30.
Starting batch at 2016-09-09 15:40:36.
First record: 'https://uk.linkedin.com/in/member-services-uk-9b65b431'
Completed batch 2016-09-09 15:41:13 at 215.816547 records/sec.
2024000 of 3013622 records processed (67%).
Estimated finish: 2016-09-09 16:54:32.
Starting batch at 2016-09-09 15:41:13.
First record: 'https://uk.linkedin.com/in/micha%C5%82-winiarczyk-0100584'
Completed batch 2016-09-09 15:41:54 at 194.786742 records/sec.
2032000 of 3013622 records processed (67%).
Estimated finish: 2016-09-09 16:54:40.
Starting batch at 2016-09-09 15:41:54.
First record: 'https://uk.linkedin.com/in/michael-england-89b8b02'
Completed batch 2016-09-09 15:42:35 at 194.771092 records/sec.
2040000 of 3013622 records processed (68%).
Estimated finish: 2016-09-09 16:54:48.
Starting batch at 2016-09-09 15:42:35.
First record: 'https://uk.linkedin.com/in/michael-michael-loveder-02320786'
Completed batch 2016-09-09 15:43:16 at 194.716343 records/sec.
2048000 of 3013622 records processed (68%).
Estimated finish: 2016-09-09 16:54:56.
Starting batch at 2016-09-09 15:43:16.
First record: 'https://uk.linkedin.com/in/mich%C3%A8le-venn-32110817'
Completed batch 2016-09-09 15:43:56 at 199.602417 records/sec.
2056000 of 3013622 records processed (68%).
Estimated finish: 2016-09-09 16:55:03.
Starting batch at 2016-09-09 15:43:56.
First record: 'https://uk.linkedin.com/in/michelle-february-9a32a034'
Completed batch 2016-09-09 15:44:33 at 215.840956 records/sec.
2064000 of 3013622 records processed (68%).
Estimated finish: 2016-09-09 16:55:05.
Starting batch at 2016-09-09 15:44:33.
First record: 'https://uk.linkedin.com/in/mi-hwa-kim-53b0a81b'
Completed batch 2016-09-09 15:45:13 at 199.558372 records/sec.
2072000 of 3013622 records processed (69%).
Estimated finish: 2016-09-09 16:55:12.
Starting batch at 2016-09-09 15:45:13.
First record: 'https://uk.linkedin.com/in/mike-archell-green-341a6a98'
Completed batch 2016-09-09 15:45:52 at 210.164269 records/sec.
2080000 of 3013622 records processed (69%).
Estimated finish: 2016-09-09 16:55:15.
Starting batch at 2016-09-09 15:45:52.
First record: 'https://uk.linkedin.com/in/mike-maclean-9b493365'
Completed batch 2016-09-09 15:46:31 at 204.759213 records/sec.
2088000 of 3013622 records processed (69%).
Estimated finish: 2016-09-09 16:55:20.
Starting batch at 2016-09-09 15:46:31.
First record: 'https://uk.linkedin.com/in/milena-berges-a4b67543'
Completed batch 2016-09-09 15:47:07 at 221.515146 records/sec.
2096000 of 3013622 records processed (70%).
Estimated finish: 2016-09-09 16:55:21.
Starting batch at 2016-09-09 15:47:07.
First record: 'https://uk.linkedin.com/in/m-lall-670b3433'
Completed batch 2016-09-09 15:47:45 at 210.162304 records/sec.
2104000 of 3013622 records processed (70%).
Estimated finish: 2016-09-09 16:55:24.
Starting batch at 2016-09-09 15:47:45.
First record: 'https://uk.linkedin.com/in/moffy-jiang-6836768b'
Completed batch 2016-09-09 15:48:19 at 234.761781 records/sec.
2112000 of 3013622 records processed (70%).
Estimated finish: 2016-09-09 16:55:22.
Starting batch at 2016-09-09 15:48:19.
First record: 'https://uk.linkedin.com/in/mohi-hossain-45b28920'
Completed batch 2016-09-09 15:48:55 at 221.780743 records/sec.
2120000 of 3013622 records processed (70%).
Estimated finish: 2016-09-09 16:55:22.
Starting batch at 2016-09-09 15:48:55.
First record: 'https://uk.linkedin.com/in/monika-brasse-3b70492b'
Completed batch 2016-09-09 15:49:30 at 228.063739 records/sec.
2128000 of 3013622 records processed (71%).
Estimated finish: 2016-09-09 16:55:21.
Starting batch at 2016-09-09 15:49:30.
First record: 'https://uk.linkedin.com/in/mota-msingh-99581a41'
Completed batch 2016-09-09 15:50:06 at 221.803832 records/sec.
2136000 of 3013622 records processed (71%).
Estimated finish: 2016-09-09 16:55:22.
Starting batch at 2016-09-09 15:50:06.
First record: 'https://uk.linkedin.com/in/muhammad-minhaj-b248834b'
Completed batch 2016-09-09 15:50:41 at 228.128189 records/sec.
2144000 of 3013622 records processed (71%).
Estimated finish: 2016-09-09 16:55:21.
Starting batch at 2016-09-09 15:50:41.
First record: 'https://uk.linkedin.com/in/murugesu-vaikunthavasan-98921730'
Completed batch 2016-09-09 15:51:18 at 215.813607 records/sec.
2152000 of 3013622 records processed (71%).
Estimated finish: 2016-09-09 16:55:23.
Starting batch at 2016-09-09 15:51:18.
First record: 'https://uk.linkedin.com/in/nadiasergejuk'
Completed batch 2016-09-09 15:51:52 at 234.865716 records/sec.
2160000 of 3013622 records processed (72%).
Estimated finish: 2016-09-09 16:55:21.
Starting batch at 2016-09-09 15:51:52.
First record: 'https://uk.linkedin.com/in/naomi-rockberger-78651b99'
Completed batch 2016-09-09 15:52:30 at 210.135828 records/sec.
2168000 of 3013622 records processed (72%).
Estimated finish: 2016-09-09 16:55:24.
Starting batch at 2016-09-09 15:52:30.
First record: 'https://uk.linkedin.com/in/natascha-van-zyl-cnhc-ctha-bhma-rsm-bps-41803962'
Completed batch 2016-09-09 15:53:09 at 204.718359 records/sec.
2176000 of 3013622 records processed (72%).
Estimated finish: 2016-09-09 16:55:29.
Starting batch at 2016-09-09 15:53:09.
First record: 'https://uk.linkedin.com/in/nayia-hadjidemetriou-60ba5183'
Completed batch 2016-09-09 15:53:51 at 194.788279 records/sec.
2184000 of 3013622 records processed (72%).
Estimated finish: 2016-09-09 16:55:36.
Starting batch at 2016-09-09 15:53:51.
First record: 'https://uk.linkedin.com/in/neil-mantel-16bab943'
Completed batch 2016-09-09 15:54:31 at 199.601635 records/sec.
2192000 of 3013622 records processed (73%).
Estimated finish: 2016-09-09 16:55:42.
Starting batch at 2016-09-09 15:54:31.
First record: 'https://uk.linkedin.com/in/niadown'
Completed batch 2016-09-09 15:55:14 at 185.736241 records/sec.
2200000 of 3013622 records processed (73%).
Estimated finish: 2016-09-09 16:55:52.
Starting batch at 2016-09-09 15:55:14.
First record: 'https://uk.linkedin.com/in/nick-langran-61a07286'
Completed batch 2016-09-09 15:55:57 at 185.736233 records/sec.
2208000 of 3013622 records processed (73%).
Estimated finish: 2016-09-09 16:56:02.
Starting batch at 2016-09-09 15:55:57.
First record: 'https://uk.linkedin.com/in/nicola-klaiber-29621875'
Completed batch 2016-09-09 15:56:38 at 194.784561 records/sec.
2216000 of 3013622 records processed (74%).
Estimated finish: 2016-09-09 16:56:09.
Starting batch at 2016-09-09 15:56:38.
First record: 'https://uk.linkedin.com/in/nigel-gibson-gibson-684076aa'
Completed batch 2016-09-09 15:57:18 at 199.651274 records/sec.
2224000 of 3013622 records processed (74%).
Estimated finish: 2016-09-09 16:56:15.
Starting batch at 2016-09-09 15:57:18.
First record: 'https://uk.linkedin.com/in/nilza-hurley-203232b6'
Completed batch 2016-09-09 15:57:55 at 215.816611 records/sec.
2232000 of 3013622 records processed (74%).
Estimated finish: 2016-09-09 16:56:17.
Starting batch at 2016-09-09 15:57:55.
First record: 'https://uk.linkedin.com/in/noell-lamprou-a6882aba'
Completed batch 2016-09-09 15:58:25 at 266.110159 records/sec.
2240000 of 3013622 records processed (74%).
Estimated finish: 2016-09-09 16:56:09.
Starting batch at 2016-09-09 15:58:25.
First record: 'https://uk.linkedin.com/in/nuala-pearse-4a62653'
Completed batch 2016-09-09 15:58:59 at 234.785427 records/sec.
2248000 of 3013622 records processed (75%).
Estimated finish: 2016-09-09 16:56:06.
Starting batch at 2016-09-09 15:58:59.
First record: 'https://uk.linkedin.com/in/olaitan-kamal-00574b5b'
Completed batch 2016-09-09 15:59:43 at 181.513215 records/sec.
2256000 of 3013622 records processed (75%).
Estimated finish: 2016-09-09 16:56:17.
Starting batch at 2016-09-09 15:59:43.
First record: 'https://uk.linkedin.com/in/olivia-malpas-4b208581'
Completed batch 2016-09-09 16:00:23 at 199.448256 records/sec.
2264000 of 3013622 records processed (75%).
Estimated finish: 2016-09-09 16:56:23.
Starting batch at 2016-09-09 16:00:23.
First record: 'https://uk.linkedin.com/in/o-neil-edwards-99b36314'
Completed batch 2016-09-09 16:01:03 at 199.616885 records/sec.
2272000 of 3013622 records processed (75%).
Estimated finish: 2016-09-09 16:56:29.
Starting batch at 2016-09-09 16:01:03.
First record: 'https://uk.linkedin.com/in/owen-williamson-bsc-hons-36485962'
Completed batch 2016-09-09 16:01:40 at 215.835156 records/sec.
2280000 of 3013622 records processed (76%).
Estimated finish: 2016-09-09 16:56:30.
Starting batch at 2016-09-09 16:01:40.
First record: 'https://uk.linkedin.com/in/panashe-jinga-6a79b199'
Completed batch 2016-09-09 16:02:16 at 221.718736 records/sec.
2288000 of 3013622 records processed (76%).
Estimated finish: 2016-09-09 16:56:31.
Starting batch at 2016-09-09 16:02:16.
First record: 'https://uk.linkedin.com/in/pat-osagwu-472129ab'
Completed batch 2016-09-09 16:02:53 at 221.803752 records/sec.
2296000 of 3013622 records processed (76%).
Estimated finish: 2016-09-09 16:56:31.
Starting batch at 2016-09-09 16:02:53.
First record: 'https://uk.linkedin.com/in/pat-wickes-796bb817'
Completed batch 2016-09-09 16:03:34 at 194.766052 records/sec.
2304000 of 3013622 records processed (76%).
Estimated finish: 2016-09-09 16:56:38.
Starting batch at 2016-09-09 16:03:34.
First record: 'https://uk.linkedin.com/in/paul-havelin-77425129'
Completed batch 2016-09-09 16:04:15 at 194.742033 records/sec.
2312000 of 3013622 records processed (77%).
Estimated finish: 2016-09-09 16:56:44.
Starting batch at 2016-09-09 16:04:15.
First record: 'https://uk.linkedin.com/in/paul-scott-fleming-93636116'
Completed batch 2016-09-09 16:04:58 at 185.731407 records/sec.
2320000 of 3013622 records processed (77%).
Estimated finish: 2016-09-09 16:56:54.
Starting batch at 2016-09-09 16:04:58.
First record: 'https://uk.linkedin.com/in/pedrohlucas'
Completed batch 2016-09-09 16:05:35 at 215.808595 records/sec.
2328000 of 3013622 records processed (77%).
Estimated finish: 2016-09-09 16:56:55.
Starting batch at 2016-09-09 16:05:35.
First record: 'https://uk.linkedin.com/in/peter-abioye-2364b260'
Completed batch 2016-09-09 16:06:14 at 204.756189 records/sec.
2336000 of 3013622 records processed (78%).
Estimated finish: 2016-09-09 16:56:59.
Starting batch at 2016-09-09 16:06:14.
First record: 'https://uk.linkedin.com/in/pete-tull-6250a02a'
Completed batch 2016-09-09 16:06:55 at 194.610273 records/sec.
2344000 of 3013622 records processed (78%).
Estimated finish: 2016-09-09 16:57:06.
Starting batch at 2016-09-09 16:06:55.
First record: 'https://uk.linkedin.com/in/phil-kuzmenko-b3569022'
Completed batch 2016-09-09 16:07:34 at 204.784671 records/sec.
2352000 of 3013622 records processed (78%).
Estimated finish: 2016-09-09 16:57:10.
Starting batch at 2016-09-09 16:07:34.
First record: 'https://uk.linkedin.com/in/phil-panks-39681847'
Completed batch 2016-09-09 16:08:14 at 199.598428 records/sec.
2360000 of 3013622 records processed (78%).
Estimated finish: 2016-09-09 16:57:15.
Starting batch at 2016-09-09 16:08:14.
First record: 'https://uk.linkedin.com/in/piranha-faure-1329a567'
Completed batch 2016-09-09 16:08:52 at 210.114591 records/sec.
2368000 of 3013622 records processed (79%).
Estimated finish: 2016-09-09 16:57:18.
Starting batch at 2016-09-09 16:08:52.
First record: 'https://uk.linkedin.com/in/pratibhavankam'
Completed batch 2016-09-09 16:09:29 at 215.683751 records/sec.
2376000 of 3013622 records processed (79%).
Estimated finish: 2016-09-09 16:57:19.
Starting batch at 2016-09-09 16:09:29.
First record: 'https://uk.linkedin.com/in/purav-mody-99834a71'
Completed batch 2016-09-09 16:10:07 at 209.989279 records/sec.
2384000 of 3013622 records processed (79%).
Estimated finish: 2016-09-09 16:57:22.
Starting batch at 2016-09-09 16:10:07.
First record: 'https://uk.linkedin.com/in/rach-tuffney-81a9a47a'
Completed batch 2016-09-09 16:10:46 at 210.145648 records/sec.
2392000 of 3013622 records processed (79%).
Estimated finish: 2016-09-09 16:57:24.
Starting batch at 2016-09-09 16:10:46.
First record: 'https://uk.linkedin.com/in/rahulrattan'
Completed batch 2016-09-09 16:11:21 at 228.106352 records/sec.
2400000 of 3013622 records processed (80%).
Estimated finish: 2016-09-09 16:57:23.
Starting batch at 2016-09-09 16:11:21.
First record: 'https://uk.linkedin.com/in/ramona-walker-riggan-776b6749'
Completed batch 2016-09-09 16:11:56 at 227.963671 records/sec.
2408000 of 3013622 records processed (80%).
Estimated finish: 2016-09-09 16:57:22.
Starting batch at 2016-09-09 16:11:56.
First record: 'https://uk.linkedin.com/in/ray-bater-982138100'
Completed batch 2016-09-09 16:12:36 at 199.639720 records/sec.
2416000 of 3013622 records processed (80%).
Estimated finish: 2016-09-09 16:57:27.
Starting batch at 2016-09-09 16:12:36.
First record: 'https://uk.linkedin.com/in/rebecca-smykala-3a182186'
Completed batch 2016-09-09 16:13:13 at 215.745297 records/sec.
2424000 of 3013622 records processed (80%).
Estimated finish: 2016-09-09 16:57:28.
Starting batch at 2016-09-09 16:13:13.
First record: 'https://uk.linkedin.com/in/renata-adams-b11820a1'
Completed batch 2016-09-09 16:13:50 at 215.799158 records/sec.
2432000 of 3013622 records processed (81%).
Estimated finish: 2016-09-09 16:57:30.
Starting batch at 2016-09-09 16:13:50.
First record: 'https://uk.linkedin.com/in/rhys-thindal-16148b85'
Completed batch 2016-09-09 16:14:31 at 194.708011 records/sec.
2440000 of 3013622 records processed (81%).
Estimated finish: 2016-09-09 16:57:36.
Starting batch at 2016-09-09 16:14:31.
First record: 'https://uk.linkedin.com/in/ric-hawley-67223b53'
Completed batch 2016-09-09 16:15:10 at 204.755047 records/sec.
2448000 of 3013622 records processed (81%).
Estimated finish: 2016-09-09 16:57:40.
Starting batch at 2016-09-09 16:15:10.
First record: 'https://uk.linkedin.com/in/rik-traci-78390389'
Completed batch 2016-09-09 16:15:49 at 204.683664 records/sec.
2456000 of 3013622 records processed (81%).
Estimated finish: 2016-09-09 16:57:43.
Starting batch at 2016-09-09 16:15:49.
First record: 'https://uk.linkedin.com/in/robert-bozalka-14386983'
Completed batch 2016-09-09 16:16:28 at 204.685690 records/sec.
2464000 of 3013622 records processed (82%).
Estimated finish: 2016-09-09 16:57:47.
Starting batch at 2016-09-09 16:16:28.
First record: 'https://uk.linkedin.com/in/rob-muggridge-5203bb1'
Completed batch 2016-09-09 16:17:07 at 204.670975 records/sec.
2472000 of 3013622 records processed (82%).
Estimated finish: 2016-09-09 16:57:51.
Starting batch at 2016-09-09 16:17:07.
First record: 'https://uk.linkedin.com/in/roger-lament-872a271a'
Completed batch 2016-09-09 16:17:41 at 234.752936 records/sec.
2480000 of 3013622 records processed (82%).
Estimated finish: 2016-09-09 16:57:48.
Starting batch at 2016-09-09 16:17:41.
First record: 'https://uk.linkedin.com/in/ron-haddon-1aba4736'
Completed batch 2016-09-09 16:18:17 at 221.809312 records/sec.
2488000 of 3013622 records processed (83%).
Estimated finish: 2016-09-09 16:57:48.
Starting batch at 2016-09-09 16:18:17.
First record: 'https://uk.linkedin.com/in/rose-windsor-82a178a4'
Completed batch 2016-09-09 16:18:57 at 204.685539 records/sec.
2496000 of 3013622 records processed (83%).
Estimated finish: 2016-09-09 16:57:52.
Starting batch at 2016-09-09 16:18:57.
First record: 'https://uk.linkedin.com/in/r-shongo-kasigwa-5850805a'
Completed batch 2016-09-09 16:19:34 at 215.838126 records/sec.
2504000 of 3013622 records processed (83%).
Estimated finish: 2016-09-09 16:57:53.
Starting batch at 2016-09-09 16:19:34.
First record: 'https://uk.linkedin.com/in/rudi-burger-15564856'
Completed batch 2016-09-09 16:20:14 at 199.604534 records/sec.
2512000 of 3013622 records processed (83%).
Estimated finish: 2016-09-09 16:57:58.
Starting batch at 2016-09-09 16:20:14.
First record: 'https://uk.linkedin.com/in/ruth-lee-holman-09a12445'
Completed batch 2016-09-09 16:20:54 at 199.651404 records/sec.
2520000 of 3013622 records processed (84%).
Estimated finish: 2016-09-09 16:58:03.
Starting batch at 2016-09-09 16:20:54.
First record: 'https://uk.linkedin.com/in/sabinehdouglas'
Completed batch 2016-09-09 16:21:30 at 221.818002 records/sec.
2528000 of 3013622 records processed (84%).
Estimated finish: 2016-09-09 16:58:02.
Starting batch at 2016-09-09 16:21:30.
First record: 'https://uk.linkedin.com/in/s-alex-4a697936'
Completed batch 2016-09-09 16:22:06 at 221.834542 records/sec.
2536000 of 3013622 records processed (84%).
Estimated finish: 2016-09-09 16:58:02.
Starting batch at 2016-09-09 16:22:06.
First record: 'https://uk.linkedin.com/in/sam-beauregard-88992695'
Completed batch 2016-09-09 16:22:45 at 204.663022 records/sec.
2544000 of 3013622 records processed (84%).
Estimated finish: 2016-09-09 16:58:06.
Starting batch at 2016-09-09 16:22:45.
First record: 'https://uk.linkedin.com/in/sam-malvern-1349b42b'
Completed batch 2016-09-09 16:23:23 at 210.125833 records/sec.
2552000 of 3013622 records processed (85%).
Estimated finish: 2016-09-09 16:58:08.
Starting batch at 2016-09-09 16:23:23.
First record: 'https://uk.linkedin.com/in/sana-umair-583085b'
Completed batch 2016-09-09 16:23:58 at 228.038613 records/sec.
2560000 of 3013622 records processed (85%).
Estimated finish: 2016-09-09 16:58:07.
Starting batch at 2016-09-09 16:23:58.
First record: 'https://uk.linkedin.com/in/sanjay-analogic-computers-b7353139'
Completed batch 2016-09-09 16:24:39 at 194.744797 records/sec.
2568000 of 3013622 records processed (85%).
Estimated finish: 2016-09-09 16:58:13.
Starting batch at 2016-09-09 16:24:39.
First record: 'https://uk.linkedin.com/in/sara-kondagba-75a1485b'
Completed batch 2016-09-09 16:25:20 at 194.792614 records/sec.
2576000 of 3013622 records processed (85%).
Estimated finish: 2016-09-09 16:58:19.
Starting batch at 2016-09-09 16:25:20.
First record: 'https://uk.linkedin.com/in/sara-pizzocro-939b8a53'
Completed batch 2016-09-09 16:25:57 at 215.566278 records/sec.
2584000 of 3013622 records processed (86%).
Estimated finish: 2016-09-09 16:58:20.
Starting batch at 2016-09-09 16:25:57.
First record: 'https://uk.linkedin.com/in/s%C3%A9verine-sibanda-09687554'
Completed batch 2016-09-09 16:26:39 at 190.081662 records/sec.
2592000 of 3013622 records processed (86%).
Estimated finish: 2016-09-09 16:58:26.
Starting batch at 2016-09-09 16:26:39.
First record: 'https://uk.linkedin.com/in/sea-wych-77a08bab'
Completed batch 2016-09-09 16:27:18 at 210.090295 records/sec.
2600000 of 3013622 records processed (86%).
Estimated finish: 2016-09-09 16:58:29.
Starting batch at 2016-09-09 16:27:18.
First record: 'https://uk.linkedin.com/in/sergei-rozengard-13550326'
Completed batch 2016-09-09 16:27:54 at 221.830783 records/sec.
2608000 of 3013622 records processed (87%).
Estimated finish: 2016-09-09 16:58:29.
Starting batch at 2016-09-09 16:27:54.
First record: 'https://uk.linkedin.com/in/shakey-simpson-9517bb68'
Completed batch 2016-09-09 16:28:30 at 221.839844 records/sec.
2616000 of 3013622 records processed (87%).
Estimated finish: 2016-09-09 16:58:28.
Starting batch at 2016-09-09 16:28:30.
First record: 'https://uk.linkedin.com/in/sharna-madourie-16318bb9'
Completed batch 2016-09-09 16:29:08 at 210.144991 records/sec.
2624000 of 3013622 records processed (87%).
Estimated finish: 2016-09-09 16:58:31.
Starting batch at 2016-09-09 16:29:08.
First record: 'https://uk.linkedin.com/in/shaynamanchanda'
Completed batch 2016-09-09 16:29:39 at 257.576765 records/sec.
2632000 of 3013622 records processed (87%).
Estimated finish: 2016-09-09 16:58:25.
Starting batch at 2016-09-09 16:29:39.
First record: 'https://uk.linkedin.com/in/sheridanyuen'
Completed batch 2016-09-09 16:30:11 at 249.446548 records/sec.
2640000 of 3013622 records processed (88%).
Estimated finish: 2016-09-09 16:58:20.
Starting batch at 2016-09-09 16:30:11.
First record: 'https://uk.linkedin.com/in/shoz-tech-6432863a'
Completed batch 2016-09-09 16:30:48 at 215.831226 records/sec.
2648000 of 3013622 records processed (88%).
Estimated finish: 2016-09-09 16:58:21.
Starting batch at 2016-09-09 16:30:48.
First record: 'https://uk.linkedin.com/in/silviu-florica-90918a32'
Completed batch 2016-09-09 16:31:31 at 185.719365 records/sec.
2656000 of 3013622 records processed (88%).
Estimated finish: 2016-09-09 16:58:29.
Starting batch at 2016-09-09 16:31:31.
First record: 'https://uk.linkedin.com/in/simon-s-c-hodgett-07449213'
Completed batch 2016-09-09 16:32:07 at 221.769541 records/sec.
2664000 of 3013622 records processed (88%).
Estimated finish: 2016-09-09 16:58:29.
Starting batch at 2016-09-09 16:32:07.
First record: 'https://uk.linkedin.com/in/skye-apple-44959857'
Completed batch 2016-09-09 16:32:40 at 241.759959 records/sec.
2672000 of 3013622 records processed (89%).
Estimated finish: 2016-09-09 16:58:25.
Starting batch at 2016-09-09 16:32:40.
First record: 'https://uk.linkedin.com/in/sonia-mound-73418274'
Completed batch 2016-09-09 16:33:19 at 204.698800 records/sec.
2680000 of 3013622 records processed (89%).
Estimated finish: 2016-09-09 16:58:28.
Starting batch at 2016-09-09 16:33:19.
First record: 'https://uk.linkedin.com/in/souhaiel-hassoun-31323b87'
Completed batch 2016-09-09 16:33:56 at 215.822888 records/sec.
2688000 of 3013622 records processed (89%).
Estimated finish: 2016-09-09 16:58:29.
Starting batch at 2016-09-09 16:33:56.
First record: 'https://uk.linkedin.com/in/stanley-mackley-a78b26a9'
Completed batch 2016-09-09 16:34:32 at 221.808039 records/sec.
2696000 of 3013622 records processed (89%).
Estimated finish: 2016-09-09 16:58:29.
Starting batch at 2016-09-09 16:34:32.
First record: 'https://uk.linkedin.com/in/stephanie-kwan-2a991a52'
Completed batch 2016-09-09 16:35:11 at 204.768951 records/sec.
2704000 of 3013622 records processed (90%).
Estimated finish: 2016-09-09 16:58:33.
Starting batch at 2016-09-09 16:35:11.
First record: 'https://uk.linkedin.com/in/stevan-jordan-34388799'
Completed batch 2016-09-09 16:35:55 at 185.732283 records/sec.
2712000 of 3013622 records processed (90%).
Estimated finish: 2016-09-09 16:58:40.
Starting batch at 2016-09-09 16:35:55.
First record: 'https://uk.linkedin.com/in/steve-rolison-1540704b'
Completed batch 2016-09-09 16:36:37 at 190.154467 records/sec.
2720000 of 3013622 records processed (90%).
Estimated finish: 2016-09-09 16:58:47.
Starting batch at 2016-09-09 16:36:37.
First record: 'https://uk.linkedin.com/in/stu-rooney-92a18597'
Completed batch 2016-09-09 16:37:17 at 199.656033 records/sec.
2728000 of 3013622 records processed (91%).
Estimated finish: 2016-09-09 16:58:51.
Starting batch at 2016-09-09 16:37:17.
First record: 'https://uk.linkedin.com/in/sue-swain-fossey-b931b740'
Completed batch 2016-09-09 16:37:54 at 215.805422 records/sec.
2736000 of 3013622 records processed (91%).
Estimated finish: 2016-09-09 16:58:52.
Starting batch at 2016-09-09 16:37:54.
First record: 'https://uk.linkedin.com/in/surendra-gadhia-a2abb8a4'
Completed batch 2016-09-09 16:38:31 at 215.766128 records/sec.
2744000 of 3013622 records processed (91%).
Estimated finish: 2016-09-09 16:58:53.
Starting batch at 2016-09-09 16:38:31.
First record: 'https://uk.linkedin.com/in/sussex-marketing-9a701822'
Completed batch 2016-09-09 16:39:08 at 215.813759 records/sec.
2752000 of 3013622 records processed (91%).
Estimated finish: 2016-09-09 16:58:54.
Starting batch at 2016-09-09 16:39:08.
First record: 'https://uk.linkedin.com/in/sylvan-barry-8373b296'
Completed batch 2016-09-09 16:39:45 at 215.813962 records/sec.
2760000 of 3013622 records processed (92%).
Estimated finish: 2016-09-09 16:58:54.
Starting batch at 2016-09-09 16:39:45.
First record: 'https://uk.linkedin.com/in/tam-urquhart-18b34051'
Completed batch 2016-09-09 16:40:23 at 210.140062 records/sec.
2768000 of 3013622 records processed (92%).
Estimated finish: 2016-09-09 16:58:56.
Starting batch at 2016-09-09 16:40:23.
First record: 'https://uk.linkedin.com/in/t-e-ashman-4037b921'
Completed batch 2016-09-09 16:41:00 at 215.833852 records/sec.
2776000 of 3013622 records processed (92%).
Estimated finish: 2016-09-09 16:58:57.
Starting batch at 2016-09-09 16:41:00.
First record: 'https://uk.linkedin.com/in/terri-anne-robinson-414247a9'
Completed batch 2016-09-09 16:41:36 at 221.796072 records/sec.
2784000 of 3013622 records processed (92%).
Estimated finish: 2016-09-09 16:58:57.
Starting batch at 2016-09-09 16:41:36.
First record: 'https://uk.linkedin.com/in/the-chromatic-87a79810'
Completed batch 2016-09-09 16:42:14 at 210.145306 records/sec.
2792000 of 3013622 records processed (93%).
Estimated finish: 2016-09-09 16:58:59.
Starting batch at 2016-09-09 16:42:14.
First record: 'https://uk.linkedin.com/in/thomas-hamlett-62723586'
Completed batch 2016-09-09 16:42:54 at 199.610380 records/sec.
2800000 of 3013622 records processed (93%).
Estimated finish: 2016-09-09 16:59:03.
Starting batch at 2016-09-09 16:42:54.
First record: 'https://uk.linkedin.com/in/tim-brown-dramatico-entertainment-ltd-4209b94a'
Completed batch 2016-09-09 16:43:36 at 190.120868 records/sec.
2808000 of 3013622 records processed (93%).
Estimated finish: 2016-09-09 16:59:09.
Starting batch at 2016-09-09 16:43:36.
First record: 'https://uk.linkedin.com/in/tin-aung-lynn-lyn-672530a1'
Completed batch 2016-09-09 16:44:16 at 199.635730 records/sec.
2816000 of 3013622 records processed (93%).
Estimated finish: 2016-09-09 16:59:13.
Starting batch at 2016-09-09 16:44:16.
First record: 'https://uk.linkedin.com/in/tom-baylis-791281100'
Completed batch 2016-09-09 16:44:58 at 194.636040 records/sec.
2824000 of 3013622 records processed (94%).
Estimated finish: 2016-09-09 16:59:19.
Starting batch at 2016-09-09 16:44:58.
First record: 'https://uk.linkedin.com/in/toni-randles-71941775'
Completed batch 2016-09-09 16:45:35 at 215.822573 records/sec.
2832000 of 3013622 records processed (94%).
Estimated finish: 2016-09-09 16:59:19.
Starting batch at 2016-09-09 16:45:35.
First record: 'https://uk.linkedin.com/in/tosin-omisore-20944767'
Completed batch 2016-09-09 16:46:10 at 228.174249 records/sec.
2840000 of 3013622 records processed (94%).
Estimated finish: 2016-09-09 16:59:18.
Starting batch at 2016-09-09 16:46:10.
First record: 'https://uk.linkedin.com/in/trevor-and-susan-matlow-372a1743'
Completed batch 2016-09-09 16:46:49 at 204.708589 records/sec.
2848000 of 3013622 records processed (95%).
Estimated finish: 2016-09-09 16:59:21.
Starting batch at 2016-09-09 16:46:49.
First record: 'https://uk.linkedin.com/in/tshepiso-mkn-14282367'
Completed batch 2016-09-09 16:47:29 at 199.642754 records/sec.
2856000 of 3013622 records processed (95%).
Estimated finish: 2016-09-09 16:59:25.
Starting batch at 2016-09-09 16:47:29.
First record: 'https://uk.linkedin.com/in/umarhussain'
Completed batch 2016-09-09 16:48:10 at 194.718599 records/sec.
2864000 of 3013622 records processed (95%).
Estimated finish: 2016-09-09 16:59:30.
Starting batch at 2016-09-09 16:48:10.
First record: 'https://uk.linkedin.com/in/val-noble-1332b752'
Completed batch 2016-09-09 16:48:45 at 228.153419 records/sec.
2872000 of 3013622 records processed (95%).
Estimated finish: 2016-09-09 16:59:28.
Starting batch at 2016-09-09 16:48:45.
First record: 'https://uk.linkedin.com/in/van-tol-06677172'
Completed batch 2016-09-09 16:49:21 at 221.669084 records/sec.
2880000 of 3013622 records processed (96%).
Estimated finish: 2016-09-09 16:59:28.
Starting batch at 2016-09-09 16:49:21.
First record: 'https://uk.linkedin.com/in/verona-mc-cavana-3558aa3a'
Completed batch 2016-09-09 16:49:58 at 215.716547 records/sec.
2888000 of 3013622 records processed (96%).
Estimated finish: 2016-09-09 16:59:29.
Starting batch at 2016-09-09 16:49:58.
First record: 'https://uk.linkedin.com/in/vicky-gill-0a908036'
Completed batch 2016-09-09 16:50:38 at 199.635680 records/sec.
2896000 of 3013622 records processed (96%).
Estimated finish: 2016-09-09 16:59:33.
Starting batch at 2016-09-09 16:50:38.
First record: 'https://uk.linkedin.com/in/victor-navid-heinisch-02374154'
Completed batch 2016-09-09 16:51:17 at 204.775561 records/sec.
2904000 of 3013622 records processed (96%).
Estimated finish: 2016-09-09 16:59:36.
Starting batch at 2016-09-09 16:51:17.
First record: 'https://uk.linkedin.com/in/vijya-goraniya-09559087'
Completed batch 2016-09-09 16:51:56 at 204.694740 records/sec.
2912000 of 3013622 records processed (97%).
Estimated finish: 2016-09-09 16:59:38.
Starting batch at 2016-09-09 16:51:56.
First record: 'https://uk.linkedin.com/in/vince-wright-2300b31'
Completed batch 2016-09-09 16:52:33 at 215.797033 records/sec.
2920000 of 3013622 records processed (97%).
Estimated finish: 2016-09-09 16:59:39.
Starting batch at 2016-09-09 16:52:33.
First record: 'https://uk.linkedin.com/in/viv-sery-28a5a675'
Completed batch 2016-09-09 16:53:11 at 215.775346 records/sec.
2928000 of 3013622 records processed (97%).
Estimated finish: 2016-09-09 16:59:40.
Starting batch at 2016-09-09 16:53:11.
First record: 'https://uk.linkedin.com/in/wambedha-kenya-21221383'
Completed batch 2016-09-09 16:53:47 at 221.839893 records/sec.
2936000 of 3013622 records processed (97%).
Estimated finish: 2016-09-09 16:59:40.
Starting batch at 2016-09-09 16:53:47.
First record: 'https://uk.linkedin.com/in/wendy-langtree-532a6652'
Completed batch 2016-09-09 16:54:28 at 194.774180 records/sec.
2944000 of 3013622 records processed (98%).
Estimated finish: 2016-09-09 16:59:44.
Starting batch at 2016-09-09 16:54:28.
First record: 'https://uk.linkedin.com/in/william-banyard-a2a79451'
Completed batch 2016-09-09 16:55:07 at 204.751258 records/sec.
2952000 of 3013622 records processed (98%).
Estimated finish: 2016-09-09 16:59:47.
Starting batch at 2016-09-09 16:55:07.
First record: 'https://uk.linkedin.com/in/will-sampson-a220b845'
Completed batch 2016-09-09 16:55:44 at 215.769818 records/sec.
2960000 of 3013622 records processed (98%).
Estimated finish: 2016-09-09 16:59:48.
Starting batch at 2016-09-09 16:55:44.
First record: 'https://uk.linkedin.com/in/wynne-griffiths-727a0659'
Completed batch 2016-09-09 16:56:24 at 199.612701 records/sec.
2968000 of 3013622 records processed (98%).
Estimated finish: 2016-09-09 16:59:52.
Starting batch at 2016-09-09 16:56:24.
First record: 'https://uk.linkedin.com/in/yasser-sorouraddin-a7a70b66'
Completed batch 2016-09-09 16:56:57 at 241.949669 records/sec.
2976000 of 3013622 records processed (99%).
Estimated finish: 2016-09-09 16:59:48.
Starting batch at 2016-09-09 16:56:57.
First record: 'https://uk.linkedin.com/in/yuliya-chystaya-67b63992'
Completed batch 2016-09-09 16:57:33 at 221.834037 records/sec.
2984000 of 3013622 records processed (99%).
Estimated finish: 2016-09-09 16:59:48.
Starting batch at 2016-09-09 16:57:33.
First record: 'https://uk.linkedin.com/in/zakubo-mkhwanazi-91358b71'
Completed batch 2016-09-09 16:58:06 at 241.992162 records/sec.
2992000 of 3013622 records processed (99%).
Estimated finish: 2016-09-09 16:59:44.
Starting batch at 2016-09-09 16:58:06.
First record: 'https://uk.linkedin.com/in/ziyang-peng-a176a712'
Completed batch 2016-09-09 16:58:53 at 169.838936 records/sec.
3000000 of 3013622 records processed (100%).
Estimated finish: 2016-09-09 16:59:55.
Starting batch at 2016-09-09 16:58:53.
First record: 'http://uk.linkedin.com/in/alexanderrose'
Completed batch 2016-09-09 16:59:46 at 150.668250 records/sec.
3008000 of 3013622 records processed (100%).
Estimated finish: 2016-09-09 17:00:12.
Starting batch at 2016-09-09 16:59:46.
First record: 'http://uk.linkedin.com/in/glenyshastings'
Completed batch 2016-09-09 17:00:37 at 110.071372 records/sec.
3013622 of 3013622 records processed (100%).
Estimated finish: 2016-09-09 17:00:37.
