nohup: ignoring input
Starting batch at 2016-09-09 13:07:29.
First record: 'http://ca.linkedin.com/in/patwijayasekara'
Completed batch 2016-09-09 13:07:40 at 721.553042 records/sec.
8000 of 3069879 records processed (0%).
Estimated finish: 2016-09-10 10:57:57.
Starting batch at 2016-09-09 13:07:40.
First record: 'https://uk.linkedin.com/in/alice-bodgener-71968852'
Completed batch 2016-09-09 13:07:48 at 994.588568 records/sec.
16000 of 3069879 records processed (1%).
Estimated finish: 2016-09-10 00:26:49.
Starting batch at 2016-09-09 13:07:48.
First record: 'https://uk.linkedin.com/in/annamaria-andre-5a3792b7'
Completed batch 2016-09-09 13:07:56 at 994.865994 records/sec.
24000 of 3069879 records processed (1%).
Estimated finish: 2016-09-09 20:56:26.
Starting batch at 2016-09-09 13:07:56.
First record: 'https://uk.linkedin.com/in/becki-wootton-89a59450'
Completed batch 2016-09-09 13:08:04 at 995.007426 records/sec.
32000 of 3069879 records processed (1%).
Estimated finish: 2016-09-09 19:11:15.
Starting batch at 2016-09-09 13:08:04.
First record: 'https://uk.linkedin.com/in/briangreenhoff'
Completed batch 2016-09-09 13:08:13 at 884.628224 records/sec.
40000 of 3069879 records processed (1%).
Estimated finish: 2016-09-09 18:09:25.
Starting batch at 2016-09-09 13:08:13.
First record: 'https://uk.linkedin.com/in/chloe-cuthbertson-47b552b5'
Completed batch 2016-09-09 13:08:22 at 884.742396 records/sec.
48000 of 3069879 records processed (2%).
Estimated finish: 2016-09-09 17:28:11.
Starting batch at 2016-09-09 13:08:22.
First record: 'https://uk.linkedin.com/in/compressmedia'
Completed batch 2016-09-09 13:08:30 at 994.392744 records/sec.
56000 of 3069879 records processed (2%).
Estimated finish: 2016-09-09 16:57:50.
Starting batch at 2016-09-09 13:08:30.
First record: 'https://uk.linkedin.com/in/daphne-kaklamanou-1a652013'
Completed batch 2016-09-09 13:08:38 at 995.701804 records/sec.
64000 of 3069879 records processed (2%).
Estimated finish: 2016-09-09 16:35:04.
Starting batch at 2016-09-09 13:08:38.
First record: 'https://uk.linkedin.com/in/dennis-mendelson-4175964'
Completed batch 2016-09-09 13:08:47 at 884.360863 records/sec.
72000 of 3069879 records processed (2%).
Estimated finish: 2016-09-09 16:18:04.
Starting batch at 2016-09-09 13:08:47.
First record: 'https://uk.linkedin.com/in/%E6%98%8E%E5%8D%89-%E5%BE%90-0b310aa8'
Completed batch 2016-09-09 13:08:57 at 796.170816 records/sec.
80000 of 3069879 records processed (3%).
Estimated finish: 2016-09-09 16:05:06.
Starting batch at 2016-09-09 13:08:57.
First record: 'https://uk.linkedin.com/in/eddiegerba'
Completed batch 2016-09-09 13:09:05 at 995.711842 records/sec.
88000 of 3069879 records processed (3%).
Estimated finish: 2016-09-09 15:53:20.
Starting batch at 2016-09-09 13:09:05.
First record: 'https://uk.linkedin.com/in/emebet-tadesse-19ab4947'
Completed batch 2016-09-09 13:09:13 at 994.997031 records/sec.
96000 of 3069879 records processed (3%).
Estimated finish: 2016-09-09 15:43:32.
Starting batch at 2016-09-09 13:09:13.
First record: 'https://uk.linkedin.com/in/ewan-mcaulay-007b701a'
